#
# There is insufficient memory for the Java Runtime Environment to continue.
# Native memory allocation (mmap) failed to map 268435456 bytes. Error detail: G1 virtual space
# Possible reasons:
#   The system is out of physical RAM or swap space
#   This process is running with CompressedOops enabled, and the Java Heap may be blocking the growth of the native heap
# Possible solutions:
#   Reduce memory load on the system
#   Increase physical memory or swap space
#   Check if swap backing store is full
#   Decrease Java heap size (-Xmx/-Xms)
#   Decrease number of Java threads
#   Decrease Java thread stack sizes (-Xss)
#   Set larger code cache with -XX:ReservedCodeCacheSize=
#   JVM is running with Unscaled Compressed Oops mode in which the Java heap is
#     placed in the first 4GB address space. The Java Heap base address is the
#     maximum limit for the native heap growth. Please use -XX:HeapBaseMinAddress
#     to set the Java Heap base and to place the Java Heap above 4GB virtual address.
# This output file may be truncated or incomplete.
#
#  Out of Memory Error (os_windows.cpp:3613), pid=6500, tid=11432
#
# JRE version: OpenJDK Runtime Environment Temurin-17.0.11+9 (17.0.11+9) (build 17.0.11+9)
# Java VM: OpenJDK 64-Bit Server VM Temurin-17.0.11+9 (17.0.11+9, mixed mode, tiered, compressed oops, compressed class ptrs, g1 gc, windows-amd64)
# No core dump will be written. Minidumps are not enabled by default on client versions of Windows
#

---------------  S U M M A R Y ------------

Command Line: -Xms256M -Xmx2048M 

Host: Intel(R) Core(TM) i3-9100 CPU @ 3.60GHz, 4 cores, 3G,  Windows 11 , 64 bit Build 22621 (10.0.22621.1344)
Time: Tue Oct 15 16:39:26 2024 India Standard Time elapsed time: 1462.485498 seconds (0d 0h 24m 22s)

---------------  T H R E A D  ---------------

Current thread (0x000001c1c509e830):  VMThread "VM Thread" [stack: 0x000000adfa700000,0x000000adfa800000] [id=11432]

Stack: [0x000000adfa700000,0x000000adfa800000]
Native frames: (J=compiled Java code, j=interpreted, Vv=VM code, C=native code)
V  [jvm.dll+0x67d429]
V  [jvm.dll+0x834b7a]
V  [jvm.dll+0x83663e]
V  [jvm.dll+0x836ca3]
V  [jvm.dll+0x247dbf]
V  [jvm.dll+0x67a269]
V  [jvm.dll+0x66ecda]
V  [jvm.dll+0x30797b]
V  [jvm.dll+0x30ee26]
V  [jvm.dll+0x35e80e]
V  [jvm.dll+0x35ea3f]
V  [jvm.dll+0x2de6b8]
V  [jvm.dll+0x2dcac4]
V  [jvm.dll+0x2dc0cc]
V  [jvm.dll+0x31facb]
V  [jvm.dll+0x83b19b]
V  [jvm.dll+0x83bed2]
V  [jvm.dll+0x83c3ed]
V  [jvm.dll+0x83c7c4]
V  [jvm.dll+0x83c890]
V  [jvm.dll+0x7e410a]
V  [jvm.dll+0x67c315]
C  [ucrtbase.dll+0x29363]
C  [KERNEL32.DLL+0x126bd]
C  [ntdll.dll+0x5a9f8]

VM_Operation (0x000000adfc8fdb40): G1CollectForAllocation, mode: safepoint, requested by thread 0x000001c1c59be520


---------------  P R O C E S S  ---------------

Threads class SMR info:
_java_thread_list=0x000001c1ca7406c0, length=30, elements={
0x000001c1acc5eb90, 0x000001c1c50d6380, 0x000001c1c50daad0, 0x000001c1c511c010,
0x000001c1c511cde0, 0x000001c1c511e7e0, 0x000001c1c5123f20, 0x000001c1c5127910,
0x000001c1c5129f40, 0x000001c1c512b4b0, 0x000001c1c5280c00, 0x000001c1c528b7c0,
0x000001c1c5462d30, 0x000001c1c573d320, 0x000001c1c59276a0, 0x000001c1c5928ae0,
0x000001c1c59285d0, 0x000001c1c5927bb0, 0x000001c1c592a430, 0x000001c1c592a940,
0x000001c1c5929500, 0x000001c1c59be010, 0x000001c1c59bf450, 0x000001c1c59be520,
0x000001c1c59bea30, 0x000001c1c59c0890, 0x000001c1c59c17c0, 0x000001c1c59bf960,
0x000001c1c59bfe70, 0x000001c1c59c0da0
}
_to_delete_list=0x000001c1caadb210, length=31, elements={
0x000001c1acc5eb90, 0x000001c1c50d6380, 0x000001c1c50daad0, 0x000001c1c511c010,
0x000001c1c511cde0, 0x000001c1c511e7e0, 0x000001c1c5123f20, 0x000001c1c5127910,
0x000001c1c5129f40, 0x000001c1c512b4b0, 0x000001c1c5280c00, 0x000001c1c528b7c0,
0x000001c1c5462d30, 0x000001c1c573d320, 0x000001c1c59276a0, 0x000001c1c5928ae0,
0x000001c1c59285d0, 0x000001c1c5927bb0, 0x000001c1c592a430, 0x000001c1c592a940,
0x000001c1c5929500, 0x000001c1c59be010, 0x000001c1c59bf450, 0x000001c1c59be520,
0x000001c1c59bea30, 0x000001c1c59bef40, 0x000001c1c59c0890, 0x000001c1c59c17c0,
0x000001c1c59bf960, 0x000001c1c59bfe70, 0x000001c1c59c0da0
}

Java Threads: ( => current thread )
  0x000001c1acc5eb90 JavaThread "main" [_thread_blocked, id=11620, stack(0x000000adfa600000,0x000000adfa700000)]
  0x000001c1c50d6380 JavaThread "Reference Handler" daemon [_thread_blocked, id=11272, stack(0x000000adfa800000,0x000000adfa900000)]
  0x000001c1c50daad0 JavaThread "Finalizer" daemon [_thread_blocked, id=4228, stack(0x000000adfa900000,0x000000adfaa00000)]
  0x000001c1c511c010 JavaThread "Signal Dispatcher" daemon [_thread_blocked, id=3872, stack(0x000000adfb100000,0x000000adfb200000)]
  0x000001c1c511cde0 JavaThread "Attach Listener" daemon [_thread_blocked, id=12180, stack(0x000000adfb200000,0x000000adfb300000)]
  0x000001c1c511e7e0 JavaThread "Service Thread" daemon [_thread_blocked, id=5220, stack(0x000000adfb300000,0x000000adfb400000)]
  0x000001c1c5123f20 JavaThread "Monitor Deflation Thread" daemon [_thread_blocked, id=6100, stack(0x000000adfb400000,0x000000adfb500000)]
  0x000001c1c5127910 JavaThread "C2 CompilerThread0" daemon [_thread_blocked, id=10896, stack(0x000000adfb500000,0x000000adfb600000)]
  0x000001c1c5129f40 JavaThread "C1 CompilerThread0" daemon [_thread_blocked, id=4020, stack(0x000000adfb600000,0x000000adfb700000)]
  0x000001c1c512b4b0 JavaThread "Sweeper thread" daemon [_thread_blocked, id=5652, stack(0x000000adfb700000,0x000000adfb800000)]
  0x000001c1c5280c00 JavaThread "Notification Thread" daemon [_thread_blocked, id=12076, stack(0x000000adfb800000,0x000000adfb900000)]
  0x000001c1c528b7c0 JavaThread "Common-Cleaner" daemon [_thread_blocked, id=6620, stack(0x000000adfba00000,0x000000adfbb00000)]
  0x000001c1c5462d30 JavaThread "Active Thread: Equinox Container: 1c8586c4-e736-4745-87eb-7451f1d9a703" [_thread_blocked, id=12660, stack(0x000000adfc100000,0x000000adfc200000)]
  0x000001c1c573d320 JavaThread "Framework Event Dispatcher: Equinox Container: 1c8586c4-e736-4745-87eb-7451f1d9a703" daemon [_thread_blocked, id=12752, stack(0x000000adfc200000,0x000000adfc300000)]
  0x000001c1c59276a0 JavaThread "Start Level: Equinox Container: 1c8586c4-e736-4745-87eb-7451f1d9a703" daemon [_thread_blocked, id=12760, stack(0x000000adfc300000,0x000000adfc400000)]
  0x000001c1c5928ae0 JavaThread "Refresh Thread: Equinox Container: 1c8586c4-e736-4745-87eb-7451f1d9a703" daemon [_thread_blocked, id=12784, stack(0x000000adfc400000,0x000000adfc500000)]
  0x000001c1c59285d0 JavaThread "Bundle File Closer" daemon [_thread_blocked, id=9184, stack(0x000000adfbd00000,0x000000adfbe00000)]
  0x000001c1c5927bb0 JavaThread "SCR Component Actor" daemon [_thread_blocked, id=11940, stack(0x000000adfc900000,0x000000adfca00000)]
  0x000001c1c592a430 JavaThread "EMF Reference Cleaner" daemon [_thread_blocked, id=12072, stack(0x000000adfbf00000,0x000000adfc000000)]
  0x000001c1c592a940 JavaThread "Gogo shell" [_thread_blocked, id=8172, stack(0x000000adfbe00000,0x000000adfbf00000)]
  0x000001c1c5929500 JavaThread "Worker-JM" [_thread_blocked, id=6444, stack(0x000000adfc000000,0x000000adfc100000)]
  0x000001c1c59be010 JavaThread "JNA Cleaner" daemon [_thread_blocked, id=12624, stack(0x000000adfc500000,0x000000adfc600000)]
  0x000001c1c59bf450 JavaThread "Worker-0" [_thread_blocked, id=14056, stack(0x000000adfd100000,0x000000adfd200000)]
  0x000001c1c59be520 JavaThread "Worker-1: Repository loader for https://download.eclipse.org/oomph/products/repository" [_thread_blocked, id=14168, stack(0x000000adfc800000,0x000000adfc900000)]
  0x000001c1c59bea30 JavaThread "Simple Update Searcher" [_thread_blocked, id=4324, stack(0x000000adfc700000,0x000000adfc800000)]
  0x000001c1c59c0890 JavaThread "Worker-2" [_thread_blocked, id=12252, stack(0x000000adfd000000,0x000000adfd100000)]
  0x000001c1c59c17c0 JavaThread "Thread-17" daemon [_thread_blocked, id=1288, stack(0x000000adfd200000,0x000000adfd300000)]
  0x000001c1c59bf960 JavaThread "Worker-3: Load index:/org.eclipse.setup" [_thread_blocked, id=2664, stack(0x000000adfd500000,0x000000adfd600000)]
  0x000001c1c59bfe70 JavaThread "Worker-4: Load https://raw.githubusercontent.com/eclipse-oomph/oomph/master/setups/models/Git.ecore" [_thread_blocked, id=13532, stack(0x000000adfd600000,0x000000adfd700000)]
  0x000001c1c59c0da0 JavaThread "Worker-5: Load https://raw.githubusercontent.com/eclipse-oomph/oomph/master/setups/models/JDT.ecore" [_thread_blocked, id=6328, stack(0x000000adfd700000,0x000000adfd800000)]

Other Threads:
=>0x000001c1c509e830 VMThread "VM Thread" [stack: 0x000000adfa700000,0x000000adfa800000] [id=11432]
  0x000001c1c5287100 WatcherThread [stack: 0x000000adfb900000,0x000000adfba00000] [id=12204]
  0x000001c1accbb540 GCTaskThread "GC Thread#0" [stack: 0x000000adfaa00000,0x000000adfab00000] [id=10620]
  0x000001c1c569d240 GCTaskThread "GC Thread#1" [stack: 0x000000adfb000000,0x000000adfb100000] [id=12496]
  0x000001c1c569d500 GCTaskThread "GC Thread#2" [stack: 0x000000adfbb00000,0x000000adfbc00000] [id=12500]
  0x000001c1c543efa0 GCTaskThread "GC Thread#3" [stack: 0x000000adfbc00000,0x000000adfbd00000] [id=12504]
  0x000001c1acccd230 ConcurrentGCThread "G1 Main Marker" [stack: 0x000000adfab00000,0x000000adfac00000] [id=3860]
  0x000001c1accceb00 ConcurrentGCThread "G1 Conc#0" [stack: 0x000000adfac00000,0x000000adfad00000] [id=10288]
  0x000001c1acd0d810 ConcurrentGCThread "G1 Refine#0" [stack: 0x000000adfad00000,0x000000adfae00000] [id=7100]
  0x000001c1c549e850 ConcurrentGCThread "G1 Refine#1" [stack: 0x000000adfaf00000,0x000000adfb000000] [id=13176]
  0x000001c1acd0e0e0 ConcurrentGCThread "G1 Service" [stack: 0x000000adfae00000,0x000000adfaf00000] [id=5304]

Threads with active compile tasks:

VM state: at safepoint (normal execution)

VM Mutex/Monitor currently owned by a thread:  ([mutex/lock_event])
[0x000001c1acc58fd0] Threads_lock - owner thread: 0x000001c1c509e830
[0x000001c1acc585b0] Heap_lock - owner thread: 0x000001c1c59be520

Heap address: 0x0000000080000000, size: 2048 MB, Compressed Oops mode: 32-bit

CDS archive(s) not mapped
Compressed class space mapped at: 0x0000000100000000-0x0000000140000000, reserved size: 1073741824
Narrow klass base: 0x0000000000000000, Narrow klass shift: 3, Narrow klass range: 0x140000000

GC Precious Log:
 CPUs: 4 total, 4 available
 Memory: 3913M
 Large Page Support: Disabled
 NUMA Support: Disabled
 Compressed Oops: Enabled (32-bit)
 Heap Region Size: 1M
 Heap Min Capacity: 256M
 Heap Initial Capacity: 256M
 Heap Max Capacity: 2G
 Pre-touch: Disabled
 Parallel Workers: 4
 Concurrent Workers: 1
 Concurrent Refinement Workers: 4
 Periodic GC: Disabled

Heap:
 garbage-first heap   total 262144K, used 43326K [0x0000000080000000, 0x0000000100000000)
  region size 1024K, 2 young (2048K), 2 survivors (2048K)
 Metaspace       used 45782K, committed 47040K, reserved 1114112K
  class space    used 5394K, committed 5952K, reserved 1048576K

Heap Regions: E=young(eden), S=young(survivor), O=old, HS=humongous(starts), HC=humongous(continues), CS=collection set, F=free, OA=open archive, CA=closed archive, TAMS=top-at-mark-start (previous, next)
|   0|0x0000000080000000, 0x0000000080100000, 0x0000000080100000|100%| O|  |TAMS 0x0000000080100000, 0x0000000080000000| Untracked 
|   1|0x0000000080100000, 0x0000000080200000, 0x0000000080200000|100%| O|  |TAMS 0x0000000080200000, 0x0000000080100000| Untracked 
|   2|0x0000000080200000, 0x0000000080300000, 0x0000000080300000|100%| O|  |TAMS 0x0000000080300000, 0x0000000080200000| Untracked 
|   3|0x0000000080300000, 0x0000000080400000, 0x0000000080400000|100%| O|  |TAMS 0x0000000080400000, 0x0000000080300000| Untracked 
|   4|0x0000000080400000, 0x0000000080500000, 0x0000000080500000|100%| O|  |TAMS 0x0000000080500000, 0x0000000080400000| Untracked 
|   5|0x0000000080500000, 0x0000000080594c00, 0x0000000080600000| 58%| O|  |TAMS 0x0000000080500000, 0x0000000080500000| Untracked 
|   6|0x0000000080600000, 0x0000000080700000, 0x0000000080700000|100%| O|  |TAMS 0x0000000080700000, 0x0000000080600000| Untracked 
|   7|0x0000000080700000, 0x0000000080800000, 0x0000000080800000|100%| O|  |TAMS 0x0000000080800000, 0x0000000080700000| Untracked 
|   8|0x0000000080800000, 0x0000000080900000, 0x0000000080900000|100%| O|  |TAMS 0x0000000080900000, 0x0000000080800000| Untracked 
|   9|0x0000000080900000, 0x0000000080900000, 0x0000000080a00000|  0%| F|  |TAMS 0x0000000080900000, 0x0000000080900000| Untracked 
|  10|0x0000000080a00000, 0x0000000080b00000, 0x0000000080b00000|100%| O|  |TAMS 0x0000000080b00000, 0x0000000080a00000| Untracked 
|  11|0x0000000080b00000, 0x0000000080c00000, 0x0000000080c00000|100%| O|  |TAMS 0x0000000080c00000, 0x0000000080b00000| Untracked 
|  12|0x0000000080c00000, 0x0000000080d00000, 0x0000000080d00000|100%| O|  |TAMS 0x0000000080d00000, 0x0000000080c00000| Untracked 
|  13|0x0000000080d00000, 0x0000000080e00000, 0x0000000080e00000|100%| O|  |TAMS 0x0000000080e00000, 0x0000000080d00000| Untracked 
|  14|0x0000000080e00000, 0x0000000080f00000, 0x0000000080f00000|100%| O|  |TAMS 0x0000000080f00000, 0x0000000080e00000| Untracked 
|  15|0x0000000080f00000, 0x0000000081000000, 0x0000000081000000|100%| O|  |TAMS 0x0000000081000000, 0x0000000080f00000| Untracked 
|  16|0x0000000081000000, 0x0000000081100000, 0x0000000081100000|100%| O|  |TAMS 0x0000000081100000, 0x0000000081000000| Untracked 
|  17|0x0000000081100000, 0x0000000081200000, 0x0000000081200000|100%| O|  |TAMS 0x0000000081200000, 0x0000000081100000| Untracked 
|  18|0x0000000081200000, 0x0000000081300000, 0x0000000081300000|100%| O|  |TAMS 0x0000000081300000, 0x0000000081200000| Untracked 
|  19|0x0000000081300000, 0x0000000081400000, 0x0000000081400000|100%|HS|  |TAMS 0x0000000081400000, 0x0000000081300000| Complete 
|  20|0x0000000081400000, 0x0000000081500000, 0x0000000081500000|100%| O|  |TAMS 0x0000000081500000, 0x0000000081400000| Untracked 
|  21|0x0000000081500000, 0x0000000081600000, 0x0000000081600000|100%| O|  |TAMS 0x0000000081600000, 0x0000000081500000| Untracked 
|  22|0x0000000081600000, 0x0000000081700000, 0x0000000081700000|100%| O|  |TAMS 0x0000000081700000, 0x0000000081600000| Untracked 
|  23|0x0000000081700000, 0x0000000081800000, 0x0000000081800000|100%| O|  |TAMS 0x00000000817ad600, 0x0000000081700000| Untracked 
|  24|0x0000000081800000, 0x0000000081800000, 0x0000000081900000|  0%| F|  |TAMS 0x0000000081800000, 0x0000000081800000| Untracked 
|  25|0x0000000081900000, 0x0000000081900000, 0x0000000081a00000|  0%| F|  |TAMS 0x0000000081900000, 0x0000000081900000| Untracked 
|  26|0x0000000081a00000, 0x0000000081a00000, 0x0000000081b00000|  0%| F|  |TAMS 0x0000000081a00000, 0x0000000081a00000| Untracked 
|  27|0x0000000081b00000, 0x0000000081b00000, 0x0000000081c00000|  0%| F|  |TAMS 0x0000000081b00000, 0x0000000081b00000| Untracked 
|  28|0x0000000081c00000, 0x0000000081c00000, 0x0000000081d00000|  0%| F|  |TAMS 0x0000000081c00000, 0x0000000081c00000| Untracked 
|  29|0x0000000081d00000, 0x0000000081e00000, 0x0000000081e00000|100%|HS|  |TAMS 0x0000000081d00000, 0x0000000081d00000| Complete 
|  30|0x0000000081e00000, 0x0000000081f00000, 0x0000000081f00000|100%|HC|  |TAMS 0x0000000081e00000, 0x0000000081e00000| Complete 
|  31|0x0000000081f00000, 0x0000000082000000, 0x0000000082000000|100%| O|  |TAMS 0x0000000082000000, 0x0000000081f00000| Untracked 
|  32|0x0000000082000000, 0x0000000082100000, 0x0000000082100000|100%| O|  |TAMS 0x0000000082100000, 0x0000000082000000| Untracked 
|  33|0x0000000082100000, 0x0000000082200000, 0x0000000082200000|100%| O|  |TAMS 0x0000000082200000, 0x0000000082100000| Untracked 
|  34|0x0000000082200000, 0x0000000082300000, 0x0000000082300000|100%|HS|  |TAMS 0x0000000082200000, 0x0000000082200000| Complete 
|  35|0x0000000082300000, 0x0000000082400000, 0x0000000082400000|100%|HC|  |TAMS 0x0000000082300000, 0x0000000082300000| Complete 
|  36|0x0000000082400000, 0x0000000082500000, 0x0000000082500000|100%|HS|  |TAMS 0x0000000082400000, 0x0000000082400000| Complete 
|  37|0x0000000082500000, 0x0000000082600000, 0x0000000082600000|100%|HC|  |TAMS 0x0000000082500000, 0x0000000082500000| Complete 
|  38|0x0000000082600000, 0x0000000082700000, 0x0000000082700000|100%|HS|  |TAMS 0x0000000082600000, 0x0000000082600000| Complete 
|  39|0x0000000082700000, 0x0000000082800000, 0x0000000082800000|100%|HC|  |TAMS 0x0000000082700000, 0x0000000082700000| Complete 
|  40|0x0000000082800000, 0x0000000082900000, 0x0000000082900000|100%|HC|  |TAMS 0x0000000082800000, 0x0000000082800000| Complete 
|  41|0x0000000082900000, 0x0000000082a00000, 0x0000000082a00000|100%|HC|  |TAMS 0x0000000082900000, 0x0000000082900000| Complete 
|  42|0x0000000082a00000, 0x0000000082b00000, 0x0000000082b00000|100%|HC|  |TAMS 0x0000000082a00000, 0x0000000082a00000| Complete 
|  43|0x0000000082b00000, 0x0000000082c00000, 0x0000000082c00000|100%|HC|  |TAMS 0x0000000082b00000, 0x0000000082b00000| Complete 
|  44|0x0000000082c00000, 0x0000000082d00000, 0x0000000082d00000|100%|HC|  |TAMS 0x0000000082c00000, 0x0000000082c00000| Complete 
|  45|0x0000000082d00000, 0x0000000082e00000, 0x0000000082e00000|100%|HC|  |TAMS 0x0000000082d00000, 0x0000000082d00000| Complete 
|  46|0x0000000082e00000, 0x0000000082f00000, 0x0000000082f00000|100%|HC|  |TAMS 0x0000000082e00000, 0x0000000082e00000| Complete 
|  47|0x0000000082f00000, 0x0000000082f00000, 0x0000000083000000|  0%| F|  |TAMS 0x0000000082f00000, 0x0000000082f00000| Untracked 
|  48|0x0000000083000000, 0x0000000083000000, 0x0000000083100000|  0%| F|  |TAMS 0x0000000083000000, 0x0000000083000000| Untracked 
|  49|0x0000000083100000, 0x0000000083100000, 0x0000000083200000|  0%| F|  |TAMS 0x0000000083100000, 0x0000000083100000| Untracked 
|  50|0x0000000083200000, 0x0000000083200000, 0x0000000083300000|  0%| F|  |TAMS 0x0000000083200000, 0x0000000083200000| Untracked 
|  51|0x0000000083300000, 0x0000000083300000, 0x0000000083400000|  0%| F|  |TAMS 0x0000000083300000, 0x0000000083300000| Untracked 
|  52|0x0000000083400000, 0x0000000083400000, 0x0000000083500000|  0%| F|  |TAMS 0x0000000083400000, 0x0000000083400000| Untracked 
|  53|0x0000000083500000, 0x0000000083500000, 0x0000000083600000|  0%| F|  |TAMS 0x0000000083500000, 0x0000000083500000| Untracked 
|  54|0x0000000083600000, 0x0000000083600000, 0x0000000083700000|  0%| F|  |TAMS 0x0000000083600000, 0x0000000083600000| Untracked 
|  55|0x0000000083700000, 0x0000000083700000, 0x0000000083800000|  0%| F|  |TAMS 0x0000000083700000, 0x0000000083700000| Untracked 
|  56|0x0000000083800000, 0x0000000083800000, 0x0000000083900000|  0%| F|  |TAMS 0x0000000083800000, 0x0000000083800000| Untracked 
|  57|0x0000000083900000, 0x0000000083900000, 0x0000000083a00000|  0%| F|  |TAMS 0x0000000083900000, 0x0000000083900000| Untracked 
|  58|0x0000000083a00000, 0x0000000083a00000, 0x0000000083b00000|  0%| F|  |TAMS 0x0000000083a00000, 0x0000000083a00000| Untracked 
|  59|0x0000000083b00000, 0x0000000083b00000, 0x0000000083c00000|  0%| F|  |TAMS 0x0000000083b00000, 0x0000000083b00000| Untracked 
|  60|0x0000000083c00000, 0x0000000083c00000, 0x0000000083d00000|  0%| F|  |TAMS 0x0000000083c00000, 0x0000000083c00000| Untracked 
|  61|0x0000000083d00000, 0x0000000083d00000, 0x0000000083e00000|  0%| F|  |TAMS 0x0000000083d00000, 0x0000000083d00000| Untracked 
|  62|0x0000000083e00000, 0x0000000083e00000, 0x0000000083f00000|  0%| F|  |TAMS 0x0000000083e00000, 0x0000000083e00000| Untracked 
|  63|0x0000000083f00000, 0x0000000083f00000, 0x0000000084000000|  0%| F|  |TAMS 0x0000000083f00000, 0x0000000083f00000| Untracked 
|  64|0x0000000084000000, 0x0000000084000000, 0x0000000084100000|  0%| F|  |TAMS 0x0000000084000000, 0x0000000084000000| Untracked 
|  65|0x0000000084100000, 0x0000000084100000, 0x0000000084200000|  0%| F|  |TAMS 0x0000000084100000, 0x0000000084100000| Untracked 
|  66|0x0000000084200000, 0x0000000084200000, 0x0000000084300000|  0%| F|  |TAMS 0x0000000084200000, 0x0000000084200000| Untracked 
|  67|0x0000000084300000, 0x0000000084300000, 0x0000000084400000|  0%| F|  |TAMS 0x0000000084300000, 0x0000000084300000| Untracked 
|  68|0x0000000084400000, 0x0000000084400000, 0x0000000084500000|  0%| F|  |TAMS 0x0000000084400000, 0x0000000084400000| Untracked 
|  69|0x0000000084500000, 0x0000000084500000, 0x0000000084600000|  0%| F|  |TAMS 0x0000000084500000, 0x0000000084500000| Untracked 
|  70|0x0000000084600000, 0x0000000084600000, 0x0000000084700000|  0%| F|  |TAMS 0x0000000084600000, 0x0000000084600000| Untracked 
|  71|0x0000000084700000, 0x0000000084700000, 0x0000000084800000|  0%| F|  |TAMS 0x0000000084700000, 0x0000000084700000| Untracked 
|  72|0x0000000084800000, 0x0000000084800000, 0x0000000084900000|  0%| F|  |TAMS 0x0000000084800000, 0x0000000084800000| Untracked 
|  73|0x0000000084900000, 0x0000000084900000, 0x0000000084a00000|  0%| F|  |TAMS 0x0000000084900000, 0x0000000084900000| Untracked 
|  74|0x0000000084a00000, 0x0000000084a00000, 0x0000000084b00000|  0%| F|  |TAMS 0x0000000084a00000, 0x0000000084a00000| Untracked 
|  75|0x0000000084b00000, 0x0000000084b00000, 0x0000000084c00000|  0%| F|  |TAMS 0x0000000084b00000, 0x0000000084b00000| Untracked 
|  76|0x0000000084c00000, 0x0000000084c00000, 0x0000000084d00000|  0%| F|  |TAMS 0x0000000084c00000, 0x0000000084c00000| Untracked 
|  77|0x0000000084d00000, 0x0000000084d00000, 0x0000000084e00000|  0%| F|  |TAMS 0x0000000084d00000, 0x0000000084d00000| Untracked 
|  78|0x0000000084e00000, 0x0000000084e00000, 0x0000000084f00000|  0%| F|  |TAMS 0x0000000084e00000, 0x0000000084e00000| Untracked 
|  79|0x0000000084f00000, 0x0000000084f00000, 0x0000000085000000|  0%| F|  |TAMS 0x0000000084f00000, 0x0000000084f00000| Untracked 
|  80|0x0000000085000000, 0x0000000085000000, 0x0000000085100000|  0%| F|  |TAMS 0x0000000085000000, 0x0000000085000000| Untracked 
|  81|0x0000000085100000, 0x0000000085100000, 0x0000000085200000|  0%| F|  |TAMS 0x0000000085100000, 0x0000000085100000| Untracked 
|  82|0x0000000085200000, 0x0000000085200000, 0x0000000085300000|  0%| F|  |TAMS 0x0000000085200000, 0x0000000085200000| Untracked 
|  83|0x0000000085300000, 0x0000000085300000, 0x0000000085400000|  0%| F|  |TAMS 0x0000000085300000, 0x0000000085300000| Untracked 
|  84|0x0000000085400000, 0x0000000085400000, 0x0000000085500000|  0%| F|  |TAMS 0x0000000085400000, 0x0000000085400000| Untracked 
|  85|0x0000000085500000, 0x0000000085500000, 0x0000000085600000|  0%| F|  |TAMS 0x0000000085500000, 0x0000000085500000| Untracked 
|  86|0x0000000085600000, 0x0000000085600000, 0x0000000085700000|  0%| F|  |TAMS 0x0000000085600000, 0x0000000085600000| Untracked 
|  87|0x0000000085700000, 0x0000000085700000, 0x0000000085800000|  0%| F|  |TAMS 0x0000000085700000, 0x0000000085700000| Untracked 
|  88|0x0000000085800000, 0x0000000085800000, 0x0000000085900000|  0%| F|  |TAMS 0x0000000085800000, 0x0000000085800000| Untracked 
|  89|0x0000000085900000, 0x0000000085900000, 0x0000000085a00000|  0%| F|  |TAMS 0x0000000085900000, 0x0000000085900000| Untracked 
|  90|0x0000000085a00000, 0x0000000085a00000, 0x0000000085b00000|  0%| F|  |TAMS 0x0000000085a00000, 0x0000000085a00000| Untracked 
|  91|0x0000000085b00000, 0x0000000085b00000, 0x0000000085c00000|  0%| F|  |TAMS 0x0000000085b00000, 0x0000000085b00000| Untracked 
|  92|0x0000000085c00000, 0x0000000085c00000, 0x0000000085d00000|  0%| F|  |TAMS 0x0000000085c00000, 0x0000000085c00000| Untracked 
|  93|0x0000000085d00000, 0x0000000085d00000, 0x0000000085e00000|  0%| F|  |TAMS 0x0000000085d00000, 0x0000000085d00000| Untracked 
|  94|0x0000000085e00000, 0x0000000085e00000, 0x0000000085f00000|  0%| F|  |TAMS 0x0000000085e00000, 0x0000000085e00000| Untracked 
|  95|0x0000000085f00000, 0x0000000085f00000, 0x0000000086000000|  0%| F|  |TAMS 0x0000000085f00000, 0x0000000085f00000| Untracked 
|  96|0x0000000086000000, 0x0000000086000000, 0x0000000086100000|  0%| F|  |TAMS 0x0000000086000000, 0x0000000086000000| Untracked 
|  97|0x0000000086100000, 0x0000000086100000, 0x0000000086200000|  0%| F|  |TAMS 0x0000000086100000, 0x0000000086100000| Untracked 
|  98|0x0000000086200000, 0x0000000086200000, 0x0000000086300000|  0%| F|  |TAMS 0x0000000086200000, 0x0000000086200000| Untracked 
|  99|0x0000000086300000, 0x0000000086300000, 0x0000000086400000|  0%| F|  |TAMS 0x0000000086300000, 0x0000000086300000| Untracked 
| 100|0x0000000086400000, 0x0000000086400000, 0x0000000086500000|  0%| F|  |TAMS 0x0000000086400000, 0x0000000086400000| Untracked 
| 101|0x0000000086500000, 0x0000000086500000, 0x0000000086600000|  0%| F|  |TAMS 0x0000000086500000, 0x0000000086500000| Untracked 
| 102|0x0000000086600000, 0x0000000086600000, 0x0000000086700000|  0%| F|  |TAMS 0x0000000086600000, 0x0000000086600000| Untracked 
| 103|0x0000000086700000, 0x0000000086700000, 0x0000000086800000|  0%| F|  |TAMS 0x0000000086700000, 0x0000000086700000| Untracked 
| 104|0x0000000086800000, 0x0000000086800000, 0x0000000086900000|  0%| F|  |TAMS 0x0000000086800000, 0x0000000086800000| Untracked 
| 105|0x0000000086900000, 0x0000000086900000, 0x0000000086a00000|  0%| F|  |TAMS 0x0000000086900000, 0x0000000086900000| Untracked 
| 106|0x0000000086a00000, 0x0000000086a00000, 0x0000000086b00000|  0%| F|  |TAMS 0x0000000086a00000, 0x0000000086a00000| Untracked 
| 107|0x0000000086b00000, 0x0000000086b00000, 0x0000000086c00000|  0%| F|  |TAMS 0x0000000086b00000, 0x0000000086b00000| Untracked 
| 108|0x0000000086c00000, 0x0000000086c00000, 0x0000000086d00000|  0%| F|  |TAMS 0x0000000086c00000, 0x0000000086c00000| Untracked 
| 109|0x0000000086d00000, 0x0000000086d00000, 0x0000000086e00000|  0%| F|  |TAMS 0x0000000086d00000, 0x0000000086d00000| Untracked 
| 110|0x0000000086e00000, 0x0000000086e00000, 0x0000000086f00000|  0%| F|  |TAMS 0x0000000086e00000, 0x0000000086e00000| Untracked 
| 111|0x0000000086f00000, 0x0000000086f00000, 0x0000000087000000|  0%| F|  |TAMS 0x0000000086f00000, 0x0000000086f00000| Untracked 
| 112|0x0000000087000000, 0x0000000087000000, 0x0000000087100000|  0%| F|  |TAMS 0x0000000087000000, 0x0000000087000000| Untracked 
| 113|0x0000000087100000, 0x0000000087100000, 0x0000000087200000|  0%| F|  |TAMS 0x0000000087100000, 0x0000000087100000| Untracked 
| 114|0x0000000087200000, 0x0000000087200000, 0x0000000087300000|  0%| F|  |TAMS 0x0000000087200000, 0x0000000087200000| Untracked 
| 115|0x0000000087300000, 0x0000000087300000, 0x0000000087400000|  0%| F|  |TAMS 0x0000000087300000, 0x0000000087300000| Untracked 
| 116|0x0000000087400000, 0x0000000087400000, 0x0000000087500000|  0%| F|  |TAMS 0x0000000087400000, 0x0000000087400000| Untracked 
| 117|0x0000000087500000, 0x0000000087500000, 0x0000000087600000|  0%| F|  |TAMS 0x0000000087500000, 0x0000000087500000| Untracked 
| 118|0x0000000087600000, 0x0000000087600000, 0x0000000087700000|  0%| F|  |TAMS 0x0000000087600000, 0x0000000087600000| Untracked 
| 119|0x0000000087700000, 0x0000000087700000, 0x0000000087800000|  0%| F|  |TAMS 0x0000000087700000, 0x0000000087700000| Untracked 
| 120|0x0000000087800000, 0x0000000087800000, 0x0000000087900000|  0%| F|  |TAMS 0x0000000087800000, 0x0000000087800000| Untracked 
| 121|0x0000000087900000, 0x0000000087900000, 0x0000000087a00000|  0%| F|  |TAMS 0x0000000087900000, 0x0000000087900000| Untracked 
| 122|0x0000000087a00000, 0x0000000087a00000, 0x0000000087b00000|  0%| F|  |TAMS 0x0000000087a00000, 0x0000000087a00000| Untracked 
| 123|0x0000000087b00000, 0x0000000087b00000, 0x0000000087c00000|  0%| F|  |TAMS 0x0000000087b00000, 0x0000000087b00000| Untracked 
| 124|0x0000000087c00000, 0x0000000087c00000, 0x0000000087d00000|  0%| F|  |TAMS 0x0000000087c00000, 0x0000000087c00000| Untracked 
| 125|0x0000000087d00000, 0x0000000087d00000, 0x0000000087e00000|  0%| F|  |TAMS 0x0000000087d00000, 0x0000000087d00000| Untracked 
| 126|0x0000000087e00000, 0x0000000087e00000, 0x0000000087f00000|  0%| F|  |TAMS 0x0000000087e00000, 0x0000000087e00000| Untracked 
| 127|0x0000000087f00000, 0x0000000087f00000, 0x0000000088000000|  0%| F|  |TAMS 0x0000000087f00000, 0x0000000087f00000| Untracked 
| 128|0x0000000088000000, 0x0000000088000000, 0x0000000088100000|  0%| F|  |TAMS 0x0000000088000000, 0x0000000088000000| Untracked 
| 129|0x0000000088100000, 0x0000000088100000, 0x0000000088200000|  0%| F|  |TAMS 0x0000000088100000, 0x0000000088100000| Untracked 
| 130|0x0000000088200000, 0x0000000088200000, 0x0000000088300000|  0%| F|  |TAMS 0x0000000088200000, 0x0000000088200000| Untracked 
| 131|0x0000000088300000, 0x0000000088300000, 0x0000000088400000|  0%| F|  |TAMS 0x0000000088300000, 0x0000000088300000| Untracked 
| 132|0x0000000088400000, 0x0000000088400000, 0x0000000088500000|  0%| F|  |TAMS 0x0000000088400000, 0x0000000088400000| Untracked 
| 133|0x0000000088500000, 0x0000000088500000, 0x0000000088600000|  0%| F|  |TAMS 0x0000000088500000, 0x0000000088500000| Untracked 
| 134|0x0000000088600000, 0x0000000088600000, 0x0000000088700000|  0%| F|  |TAMS 0x0000000088600000, 0x0000000088600000| Untracked 
| 135|0x0000000088700000, 0x0000000088700000, 0x0000000088800000|  0%| F|  |TAMS 0x0000000088700000, 0x0000000088700000| Untracked 
| 136|0x0000000088800000, 0x0000000088800000, 0x0000000088900000|  0%| F|  |TAMS 0x0000000088800000, 0x0000000088800000| Untracked 
| 137|0x0000000088900000, 0x0000000088900000, 0x0000000088a00000|  0%| F|  |TAMS 0x0000000088900000, 0x0000000088900000| Untracked 
| 138|0x0000000088a00000, 0x0000000088a00000, 0x0000000088b00000|  0%| F|  |TAMS 0x0000000088a00000, 0x0000000088a00000| Untracked 
| 139|0x0000000088b00000, 0x0000000088b00000, 0x0000000088c00000|  0%| F|  |TAMS 0x0000000088b00000, 0x0000000088b00000| Untracked 
| 140|0x0000000088c00000, 0x0000000088c00000, 0x0000000088d00000|  0%| F|  |TAMS 0x0000000088c00000, 0x0000000088c00000| Untracked 
| 141|0x0000000088d00000, 0x0000000088d00000, 0x0000000088e00000|  0%| F|  |TAMS 0x0000000088d00000, 0x0000000088d00000| Untracked 
| 142|0x0000000088e00000, 0x0000000088e00000, 0x0000000088f00000|  0%| F|  |TAMS 0x0000000088e00000, 0x0000000088e00000| Untracked 
| 143|0x0000000088f00000, 0x0000000088f00000, 0x0000000089000000|  0%| F|  |TAMS 0x0000000088f00000, 0x0000000088f00000| Untracked 
| 144|0x0000000089000000, 0x0000000089000000, 0x0000000089100000|  0%| F|  |TAMS 0x0000000089000000, 0x0000000089000000| Untracked 
| 145|0x0000000089100000, 0x0000000089100000, 0x0000000089200000|  0%| F|  |TAMS 0x0000000089100000, 0x0000000089100000| Untracked 
| 146|0x0000000089200000, 0x0000000089200000, 0x0000000089300000|  0%| F|  |TAMS 0x0000000089200000, 0x0000000089200000| Untracked 
| 147|0x0000000089300000, 0x0000000089300000, 0x0000000089400000|  0%| F|  |TAMS 0x0000000089300000, 0x0000000089300000| Untracked 
| 148|0x0000000089400000, 0x0000000089400000, 0x0000000089500000|  0%| F|  |TAMS 0x0000000089400000, 0x0000000089400000| Untracked 
| 149|0x0000000089500000, 0x0000000089500000, 0x0000000089600000|  0%| F|  |TAMS 0x0000000089500000, 0x0000000089500000| Untracked 
| 150|0x0000000089600000, 0x0000000089600000, 0x0000000089700000|  0%| F|  |TAMS 0x0000000089600000, 0x0000000089600000| Untracked 
| 151|0x0000000089700000, 0x0000000089700000, 0x0000000089800000|  0%| F|  |TAMS 0x0000000089700000, 0x0000000089700000| Untracked 
| 152|0x0000000089800000, 0x0000000089800000, 0x0000000089900000|  0%| F|  |TAMS 0x0000000089800000, 0x0000000089800000| Untracked 
| 153|0x0000000089900000, 0x0000000089900000, 0x0000000089a00000|  0%| F|  |TAMS 0x0000000089900000, 0x0000000089900000| Untracked 
| 154|0x0000000089a00000, 0x0000000089a00000, 0x0000000089b00000|  0%| F|  |TAMS 0x0000000089a00000, 0x0000000089a00000| Untracked 
| 155|0x0000000089b00000, 0x0000000089b00000, 0x0000000089c00000|  0%| F|  |TAMS 0x0000000089b00000, 0x0000000089b00000| Untracked 
| 156|0x0000000089c00000, 0x0000000089c00000, 0x0000000089d00000|  0%| F|  |TAMS 0x0000000089c00000, 0x0000000089c00000| Untracked 
| 157|0x0000000089d00000, 0x0000000089d00000, 0x0000000089e00000|  0%| F|  |TAMS 0x0000000089d00000, 0x0000000089d00000| Untracked 
| 158|0x0000000089e00000, 0x0000000089e00000, 0x0000000089f00000|  0%| F|  |TAMS 0x0000000089e00000, 0x0000000089e00000| Untracked 
| 159|0x0000000089f00000, 0x0000000089f00000, 0x000000008a000000|  0%| F|  |TAMS 0x0000000089f00000, 0x0000000089f00000| Untracked 
| 160|0x000000008a000000, 0x000000008a000000, 0x000000008a100000|  0%| F|  |TAMS 0x000000008a000000, 0x000000008a000000| Untracked 
| 161|0x000000008a100000, 0x000000008a100000, 0x000000008a200000|  0%| F|  |TAMS 0x000000008a100000, 0x000000008a100000| Untracked 
| 162|0x000000008a200000, 0x000000008a200000, 0x000000008a300000|  0%| F|  |TAMS 0x000000008a200000, 0x000000008a200000| Untracked 
| 163|0x000000008a300000, 0x000000008a300000, 0x000000008a400000|  0%| F|  |TAMS 0x000000008a300000, 0x000000008a300000| Untracked 
| 164|0x000000008a400000, 0x000000008a400000, 0x000000008a500000|  0%| F|  |TAMS 0x000000008a400000, 0x000000008a400000| Untracked 
| 165|0x000000008a500000, 0x000000008a500000, 0x000000008a600000|  0%| F|  |TAMS 0x000000008a500000, 0x000000008a500000| Untracked 
| 166|0x000000008a600000, 0x000000008a600000, 0x000000008a700000|  0%| F|  |TAMS 0x000000008a600000, 0x000000008a600000| Untracked 
| 167|0x000000008a700000, 0x000000008a700000, 0x000000008a800000|  0%| F|  |TAMS 0x000000008a700000, 0x000000008a700000| Untracked 
| 168|0x000000008a800000, 0x000000008a800000, 0x000000008a900000|  0%| F|  |TAMS 0x000000008a800000, 0x000000008a800000| Untracked 
| 169|0x000000008a900000, 0x000000008a900000, 0x000000008aa00000|  0%| F|  |TAMS 0x000000008a900000, 0x000000008a900000| Untracked 
| 170|0x000000008aa00000, 0x000000008aa00000, 0x000000008ab00000|  0%| F|  |TAMS 0x000000008aa00000, 0x000000008aa00000| Untracked 
| 171|0x000000008ab00000, 0x000000008ab00000, 0x000000008ac00000|  0%| F|  |TAMS 0x000000008ab00000, 0x000000008ab00000| Untracked 
| 172|0x000000008ac00000, 0x000000008ac00000, 0x000000008ad00000|  0%| F|  |TAMS 0x000000008ac00000, 0x000000008ac00000| Untracked 
| 173|0x000000008ad00000, 0x000000008ad00000, 0x000000008ae00000|  0%| F|  |TAMS 0x000000008ad00000, 0x000000008ad00000| Untracked 
| 174|0x000000008ae00000, 0x000000008ae00000, 0x000000008af00000|  0%| F|  |TAMS 0x000000008ae00000, 0x000000008ae00000| Untracked 
| 175|0x000000008af00000, 0x000000008af00000, 0x000000008b000000|  0%| F|  |TAMS 0x000000008af00000, 0x000000008af00000| Untracked 
| 176|0x000000008b000000, 0x000000008b000000, 0x000000008b100000|  0%| F|  |TAMS 0x000000008b000000, 0x000000008b000000| Untracked 
| 177|0x000000008b100000, 0x000000008b100000, 0x000000008b200000|  0%| F|  |TAMS 0x000000008b100000, 0x000000008b100000| Untracked 
| 178|0x000000008b200000, 0x000000008b200000, 0x000000008b300000|  0%| F|  |TAMS 0x000000008b200000, 0x000000008b200000| Untracked 
| 179|0x000000008b300000, 0x000000008b300000, 0x000000008b400000|  0%| F|  |TAMS 0x000000008b300000, 0x000000008b300000| Untracked 
| 180|0x000000008b400000, 0x000000008b400000, 0x000000008b500000|  0%| F|  |TAMS 0x000000008b400000, 0x000000008b400000| Untracked 
| 181|0x000000008b500000, 0x000000008b500000, 0x000000008b600000|  0%| F|  |TAMS 0x000000008b500000, 0x000000008b500000| Untracked 
| 182|0x000000008b600000, 0x000000008b600000, 0x000000008b700000|  0%| F|  |TAMS 0x000000008b600000, 0x000000008b600000| Untracked 
| 183|0x000000008b700000, 0x000000008b700000, 0x000000008b800000|  0%| F|  |TAMS 0x000000008b700000, 0x000000008b700000| Untracked 
| 184|0x000000008b800000, 0x000000008b800000, 0x000000008b900000|  0%| F|  |TAMS 0x000000008b800000, 0x000000008b800000| Untracked 
| 185|0x000000008b900000, 0x000000008b900000, 0x000000008ba00000|  0%| F|  |TAMS 0x000000008b900000, 0x000000008b900000| Untracked 
| 186|0x000000008ba00000, 0x000000008ba00000, 0x000000008bb00000|  0%| F|  |TAMS 0x000000008ba00000, 0x000000008ba00000| Untracked 
| 187|0x000000008bb00000, 0x000000008bb00000, 0x000000008bc00000|  0%| F|  |TAMS 0x000000008bb00000, 0x000000008bb00000| Untracked 
| 188|0x000000008bc00000, 0x000000008bc00000, 0x000000008bd00000|  0%| F|  |TAMS 0x000000008bc00000, 0x000000008bc00000| Untracked 
| 189|0x000000008bd00000, 0x000000008bd00000, 0x000000008be00000|  0%| F|  |TAMS 0x000000008bd00000, 0x000000008bd00000| Untracked 
| 190|0x000000008be00000, 0x000000008be00000, 0x000000008bf00000|  0%| F|  |TAMS 0x000000008be00000, 0x000000008be00000| Untracked 
| 191|0x000000008bf00000, 0x000000008bf00000, 0x000000008c000000|  0%| F|  |TAMS 0x000000008bf00000, 0x000000008bf00000| Untracked 
| 192|0x000000008c000000, 0x000000008c000000, 0x000000008c100000|  0%| F|  |TAMS 0x000000008c000000, 0x000000008c000000| Untracked 
| 193|0x000000008c100000, 0x000000008c100000, 0x000000008c200000|  0%| F|  |TAMS 0x000000008c100000, 0x000000008c100000| Untracked 
| 194|0x000000008c200000, 0x000000008c200000, 0x000000008c300000|  0%| F|  |TAMS 0x000000008c200000, 0x000000008c200000| Untracked 
| 195|0x000000008c300000, 0x000000008c300000, 0x000000008c400000|  0%| F|  |TAMS 0x000000008c300000, 0x000000008c300000| Untracked 
| 196|0x000000008c400000, 0x000000008c400000, 0x000000008c500000|  0%| F|  |TAMS 0x000000008c400000, 0x000000008c400000| Untracked 
| 197|0x000000008c500000, 0x000000008c500000, 0x000000008c600000|  0%| F|  |TAMS 0x000000008c500000, 0x000000008c500000| Untracked 
| 198|0x000000008c600000, 0x000000008c600000, 0x000000008c700000|  0%| F|  |TAMS 0x000000008c600000, 0x000000008c600000| Untracked 
| 199|0x000000008c700000, 0x000000008c700000, 0x000000008c800000|  0%| F|  |TAMS 0x000000008c700000, 0x000000008c700000| Untracked 
| 200|0x000000008c800000, 0x000000008c800000, 0x000000008c900000|  0%| F|  |TAMS 0x000000008c800000, 0x000000008c800000| Untracked 
| 201|0x000000008c900000, 0x000000008c900000, 0x000000008ca00000|  0%| F|  |TAMS 0x000000008c900000, 0x000000008c900000| Untracked 
| 202|0x000000008ca00000, 0x000000008ca00000, 0x000000008cb00000|  0%| F|  |TAMS 0x000000008ca00000, 0x000000008ca00000| Untracked 
| 203|0x000000008cb00000, 0x000000008cb00000, 0x000000008cc00000|  0%| F|  |TAMS 0x000000008cb00000, 0x000000008cb00000| Untracked 
| 204|0x000000008cc00000, 0x000000008cc00000, 0x000000008cd00000|  0%| F|  |TAMS 0x000000008cc00000, 0x000000008cc00000| Untracked 
| 205|0x000000008cd00000, 0x000000008cd00000, 0x000000008ce00000|  0%| F|  |TAMS 0x000000008cd00000, 0x000000008cd00000| Untracked 
| 206|0x000000008ce00000, 0x000000008ce00000, 0x000000008cf00000|  0%| F|  |TAMS 0x000000008ce00000, 0x000000008ce00000| Untracked 
| 207|0x000000008cf00000, 0x000000008cf00000, 0x000000008d000000|  0%| F|  |TAMS 0x000000008cf00000, 0x000000008cf00000| Untracked 
| 208|0x000000008d000000, 0x000000008d000000, 0x000000008d100000|  0%| F|  |TAMS 0x000000008d000000, 0x000000008d000000| Untracked 
| 209|0x000000008d100000, 0x000000008d100000, 0x000000008d200000|  0%| F|  |TAMS 0x000000008d100000, 0x000000008d100000| Untracked 
| 210|0x000000008d200000, 0x000000008d200000, 0x000000008d300000|  0%| F|  |TAMS 0x000000008d200000, 0x000000008d200000| Untracked 
| 211|0x000000008d300000, 0x000000008d300000, 0x000000008d400000|  0%| F|  |TAMS 0x000000008d300000, 0x000000008d300000| Untracked 
| 212|0x000000008d400000, 0x000000008d400000, 0x000000008d500000|  0%| F|  |TAMS 0x000000008d400000, 0x000000008d400000| Untracked 
| 213|0x000000008d500000, 0x000000008d500000, 0x000000008d600000|  0%| F|  |TAMS 0x000000008d500000, 0x000000008d500000| Untracked 
| 214|0x000000008d600000, 0x000000008d600000, 0x000000008d700000|  0%| F|  |TAMS 0x000000008d600000, 0x000000008d600000| Untracked 
| 215|0x000000008d700000, 0x000000008d700000, 0x000000008d800000|  0%| F|  |TAMS 0x000000008d700000, 0x000000008d700000| Untracked 
| 216|0x000000008d800000, 0x000000008d800000, 0x000000008d900000|  0%| F|  |TAMS 0x000000008d800000, 0x000000008d800000| Untracked 
| 217|0x000000008d900000, 0x000000008d900000, 0x000000008da00000|  0%| F|  |TAMS 0x000000008d900000, 0x000000008d900000| Untracked 
| 218|0x000000008da00000, 0x000000008da00000, 0x000000008db00000|  0%| F|  |TAMS 0x000000008da00000, 0x000000008da00000| Untracked 
| 219|0x000000008db00000, 0x000000008db00000, 0x000000008dc00000|  0%| F|  |TAMS 0x000000008db00000, 0x000000008db00000| Untracked 
| 220|0x000000008dc00000, 0x000000008dc00000, 0x000000008dd00000|  0%| F|  |TAMS 0x000000008dc00000, 0x000000008dc00000| Untracked 
| 221|0x000000008dd00000, 0x000000008dd00000, 0x000000008de00000|  0%| F|  |TAMS 0x000000008dd00000, 0x000000008dd00000| Untracked 
| 222|0x000000008de00000, 0x000000008de00000, 0x000000008df00000|  0%| F|  |TAMS 0x000000008de00000, 0x000000008de00000| Untracked 
| 223|0x000000008df00000, 0x000000008df00000, 0x000000008e000000|  0%| F|  |TAMS 0x000000008df00000, 0x000000008df00000| Untracked 
| 224|0x000000008e000000, 0x000000008e000000, 0x000000008e100000|  0%| F|  |TAMS 0x000000008e000000, 0x000000008e000000| Untracked 
| 225|0x000000008e100000, 0x000000008e1bae90, 0x000000008e200000| 73%| S|CS|TAMS 0x000000008e100000, 0x000000008e100000| Complete 
| 226|0x000000008e200000, 0x000000008e300000, 0x000000008e300000|100%| S|CS|TAMS 0x000000008e200000, 0x000000008e200000| Complete 
| 227|0x000000008e300000, 0x000000008e300000, 0x000000008e400000|  0%| F|  |TAMS 0x000000008e300000, 0x000000008e300000| Untracked 
| 228|0x000000008e400000, 0x000000008e400000, 0x000000008e500000|  0%| F|  |TAMS 0x000000008e400000, 0x000000008e400000| Untracked 
| 229|0x000000008e500000, 0x000000008e500000, 0x000000008e600000|  0%| F|  |TAMS 0x000000008e500000, 0x000000008e500000| Untracked 
| 230|0x000000008e600000, 0x000000008e600000, 0x000000008e700000|  0%| F|  |TAMS 0x000000008e600000, 0x000000008e600000| Untracked 
| 231|0x000000008e700000, 0x000000008e700000, 0x000000008e800000|  0%| F|  |TAMS 0x000000008e700000, 0x000000008e700000| Untracked 
| 232|0x000000008e800000, 0x000000008e800000, 0x000000008e900000|  0%| F|  |TAMS 0x000000008e800000, 0x000000008e800000| Untracked 
| 233|0x000000008e900000, 0x000000008e900000, 0x000000008ea00000|  0%| F|  |TAMS 0x000000008e900000, 0x000000008e900000| Untracked 
| 234|0x000000008ea00000, 0x000000008ea00000, 0x000000008eb00000|  0%| F|  |TAMS 0x000000008ea00000, 0x000000008ea00000| Untracked 
| 235|0x000000008eb00000, 0x000000008eb00000, 0x000000008ec00000|  0%| F|  |TAMS 0x000000008eb00000, 0x000000008eb00000| Untracked 
| 236|0x000000008ec00000, 0x000000008ec00000, 0x000000008ed00000|  0%| F|  |TAMS 0x000000008ec00000, 0x000000008ec00000| Untracked 
| 237|0x000000008ed00000, 0x000000008ed00000, 0x000000008ee00000|  0%| F|  |TAMS 0x000000008ed00000, 0x000000008ed00000| Untracked 
| 238|0x000000008ee00000, 0x000000008ee00000, 0x000000008ef00000|  0%| F|  |TAMS 0x000000008ee00000, 0x000000008ee00000| Untracked 
| 239|0x000000008ef00000, 0x000000008ef00000, 0x000000008f000000|  0%| F|  |TAMS 0x000000008ef00000, 0x000000008ef00000| Untracked 
| 240|0x000000008f000000, 0x000000008f000000, 0x000000008f100000|  0%| F|  |TAMS 0x000000008f000000, 0x000000008f000000| Untracked 
| 241|0x000000008f100000, 0x000000008f100000, 0x000000008f200000|  0%| F|  |TAMS 0x000000008f100000, 0x000000008f100000| Untracked 
| 242|0x000000008f200000, 0x000000008f200000, 0x000000008f300000|  0%| F|  |TAMS 0x000000008f200000, 0x000000008f200000| Untracked 
| 243|0x000000008f300000, 0x000000008f300000, 0x000000008f400000|  0%| F|  |TAMS 0x000000008f300000, 0x000000008f300000| Untracked 
| 244|0x000000008f400000, 0x000000008f400000, 0x000000008f500000|  0%| F|  |TAMS 0x000000008f400000, 0x000000008f400000| Untracked 
| 245|0x000000008f500000, 0x000000008f500000, 0x000000008f600000|  0%| F|  |TAMS 0x000000008f500000, 0x000000008f500000| Untracked 
| 246|0x000000008f600000, 0x000000008f600000, 0x000000008f700000|  0%| F|  |TAMS 0x000000008f600000, 0x000000008f600000| Untracked 
| 247|0x000000008f700000, 0x000000008f700000, 0x000000008f800000|  0%| F|  |TAMS 0x000000008f700000, 0x000000008f700000| Untracked 
| 248|0x000000008f800000, 0x000000008f800000, 0x000000008f900000|  0%| F|  |TAMS 0x000000008f800000, 0x000000008f800000| Untracked 
| 249|0x000000008f900000, 0x000000008f900000, 0x000000008fa00000|  0%| F|  |TAMS 0x000000008f900000, 0x000000008f900000| Untracked 
| 250|0x000000008fa00000, 0x000000008fa00000, 0x000000008fb00000|  0%| F|  |TAMS 0x000000008fa00000, 0x000000008fa00000| Untracked 
| 251|0x000000008fb00000, 0x000000008fb00000, 0x000000008fc00000|  0%| F|  |TAMS 0x000000008fb00000, 0x000000008fb00000| Untracked 
| 252|0x000000008fc00000, 0x000000008fc00000, 0x000000008fd00000|  0%| F|  |TAMS 0x000000008fc00000, 0x000000008fc00000| Untracked 
| 253|0x000000008fd00000, 0x000000008fd00000, 0x000000008fe00000|  0%| F|  |TAMS 0x000000008fd00000, 0x000000008fd00000| Untracked 
| 254|0x000000008fe00000, 0x000000008fe00000, 0x000000008ff00000|  0%| F|  |TAMS 0x000000008fe00000, 0x000000008fe00000| Untracked 
| 255|0x000000008ff00000, 0x000000008ff00000, 0x0000000090000000|  0%| F|  |TAMS 0x000000008ff00000, 0x000000008ff00000| Untracked 

Card table byte_map: [0x000001c1be210000,0x000001c1be610000] _byte_map_base: 0x000001c1bde10000

Marking Bits (Prev, Next): (CMBitMap*) 0x000001c1accbbba0, (CMBitMap*) 0x000001c1accbbb60
 Prev Bits: [0x000001c1c0a10000, 0x000001c1c2a10000)
 Next Bits: [0x000001c1bea10000, 0x000001c1c0a10000)

Polling page: 0x000001c1acd10000

Metaspace:

Usage:
  Non-class:     39.44 MB used.
      Class:      5.27 MB used.
       Both:     44.71 MB used.

Virtual space:
  Non-class space:       64.00 MB reserved,      40.12 MB ( 63%) committed,  1 nodes.
      Class space:        1.00 GB reserved,       5.81 MB ( <1%) committed,  1 nodes.
             Both:        1.06 GB reserved,      45.94 MB (  4%) committed. 

Chunk freelists:
   Non-Class:  7.38 MB
       Class:  10.16 MB
        Both:  17.53 MB

MaxMetaspaceSize: unlimited
CompressedClassSpaceSize: 1.00 GB
Initial GC threshold: 21.00 MB
Current GC threshold: 74.00 MB
CDS: off
MetaspaceReclaimPolicy: balanced
 - commit_granule_bytes: 65536.
 - commit_granule_words: 8192.
 - virtual_space_node_default_size: 8388608.
 - enlarge_chunks_in_place: 1.
 - new_chunks_are_fully_committed: 0.
 - uncommit_free_chunks: 1.
 - use_allocation_guard: 0.
 - handle_deallocations: 1.


Internal statistics:

num_allocs_failed_limit: 12.
num_arena_births: 514.
num_arena_deaths: 0.
num_vsnodes_births: 2.
num_vsnodes_deaths: 0.
num_space_committed: 734.
num_space_uncommitted: 0.
num_chunks_returned_to_freelist: 12.
num_chunks_taken_from_freelist: 2175.
num_chunk_merges: 9.
num_chunk_splits: 1336.
num_chunks_enlarged: 769.
num_inconsistent_stats: 0.

CodeHeap 'non-profiled nmethods': size=120000Kb used=3415Kb max_used=3779Kb free=116584Kb
 bounds [0x000001c1b62b0000, 0x000001c1b6670000, 0x000001c1bd7e0000]
CodeHeap 'profiled nmethods': size=120000Kb used=9773Kb max_used=10979Kb free=110226Kb
 bounds [0x000001c1ae7e0000, 0x000001c1af2a0000, 0x000001c1b5d10000]
CodeHeap 'non-nmethods': size=5760Kb used=1458Kb max_used=1527Kb free=4301Kb
 bounds [0x000001c1b5d10000, 0x000001c1b5f80000, 0x000001c1b62b0000]
 total_blobs=5848 nmethods=5015 adapters=745
 compilation: enabled
              stopped_count=0, restarted_count=0
 full_count=0

Compilation events (20 events):
Event: 1435.354 Thread 0x000001c1c5127910 nmethod 6388 0x000001c1b65e2290 code [0x000001c1b65e2400, 0x000001c1b65e24f8]
Event: 1435.354 Thread 0x000001c1c5127910 6389       4       org.tukaani.xz.lzma.LZMADecoder$LengthDecoder::decode (100 bytes)
Event: 1435.387 Thread 0x000001c1c5127910 nmethod 6389 0x000001c1b639c790 code [0x000001c1b639c960, 0x000001c1b639d5d8]
Event: 1435.478 Thread 0x000001c1c5129f40 nmethod 6390 0x000001c1aed85090 code [0x000001c1aed85aa0, 0x000001c1aed8d898]
Event: 1435.478 Thread 0x000001c1c5129f40 6391       3       org.eclipse.swt.ole.win32.OleFrame$$Lambda$260/0x000000010056e000::run (16 bytes)
Event: 1435.479 Thread 0x000001c1c5129f40 nmethod 6391 0x000001c1aee0a990 code [0x000001c1aee0ab20, 0x000001c1aee0ac68]
Event: 1435.479 Thread 0x000001c1c5129f40 6392       3       org.eclipse.swt.ole.win32.OleFrame::lambda$1 (188 bytes)
Event: 1435.480 Thread 0x000001c1c5129f40 nmethod 6392 0x000001c1ae7ec110 code [0x000001c1ae7ec480, 0x000001c1ae7ee2a8]
Event: 1436.612 Thread 0x000001c1c5127910 6394       4       java.util.stream.StreamOpFlag::fromCharacteristics (37 bytes)
Event: 1436.613 Thread 0x000001c1c5127910 nmethod 6394 0x000001c1b6397790 code [0x000001c1b6397920, 0x000001c1b63979d8]
Event: 1436.613 Thread 0x000001c1c5127910 6395       4       java.util.stream.AbstractPipeline::<init> (55 bytes)
Event: 1436.614 Thread 0x000001c1c5129f40 6397       1       java.util.Formatter$FixedString::index (3 bytes)
Event: 1436.614 Thread 0x000001c1c5129f40 nmethod 6397 0x000001c1b6397490 code [0x000001c1b6397620, 0x000001c1b63976f8]
Event: 1436.615 Thread 0x000001c1c5127910 nmethod 6395 0x000001c1b635e110 code [0x000001c1b635e280, 0x000001c1b635e4d8]
Event: 1436.615 Thread 0x000001c1c5127910 6398 %     4       org.tukaani.xz.check.CRC64::update @ 14 (198 bytes)
Event: 1436.625 Thread 0x000001c1c5127910 nmethod 6398% 0x000001c1b635d290 code [0x000001c1b635d420, 0x000001c1b635dc58]
Event: 1436.625 Thread 0x000001c1c5127910 6396       4       org.eclipse.equinox.p2.metadata.MetadataFactory$InstallableUnitDescription::unit (34 bytes)
Event: 1436.951 Thread 0x000001c1c5127910 nmethod 6396 0x000001c1b6475f10 code [0x000001c1b64760c0, 0x000001c1b64763d8]
Event: 1438.422 Thread 0x000001c1c5129f40 6399       3       org.eclipse.equinox.internal.p2.metadata.repository.io.MetadataParser$ArtifactsHandler::<init> (55 bytes)
Event: 1438.426 Thread 0x000001c1c5129f40 nmethod 6399 0x000001c1af0b8710 code [0x000001c1af0b8900, 0x000001c1af0b8de8]

GC Heap History (20 events):
Event: 1278.759 GC heap after
{Heap after GC invocations=20 (full 0):
 garbage-first heap   total 262144K, used 29010K [0x0000000080000000, 0x0000000100000000)
  region size 1024K, 1 young (1024K), 1 survivors (1024K)
 Metaspace       used 42907K, committed 44160K, reserved 1114112K
  class space    used 4958K, committed 5504K, reserved 1048576K
}
Event: 1388.430 GC heap before
{Heap before GC invocations=20 (full 0):
 garbage-first heap   total 262144K, used 39250K [0x0000000080000000, 0x0000000100000000)
  region size 1024K, 12 young (12288K), 1 survivors (1024K)
 Metaspace       used 44165K, committed 45376K, reserved 1114112K
  class space    used 5154K, committed 5632K, reserved 1048576K
}
Event: 1388.431 GC heap after
{Heap after GC invocations=21 (full 0):
 garbage-first heap   total 262144K, used 29081K [0x0000000080000000, 0x0000000100000000)
  region size 1024K, 1 young (1024K), 1 survivors (1024K)
 Metaspace       used 44165K, committed 45376K, reserved 1114112K
  class space    used 5154K, committed 5632K, reserved 1048576K
}
Event: 1400.131 GC heap before
{Heap before GC invocations=22 (full 0):
 garbage-first heap   total 262144K, used 37273K [0x0000000080000000, 0x0000000100000000)
  region size 1024K, 12 young (12288K), 1 survivors (1024K)
 Metaspace       used 44739K, committed 45888K, reserved 1114112K
  class space    used 5261K, committed 5760K, reserved 1048576K
}
Event: 1400.136 GC heap after
{Heap after GC invocations=23 (full 0):
 garbage-first heap   total 262144K, used 27317K [0x0000000080000000, 0x0000000100000000)
  region size 1024K, 1 young (1024K), 1 survivors (1024K)
 Metaspace       used 44739K, committed 45888K, reserved 1114112K
  class space    used 5261K, committed 5760K, reserved 1048576K
}
Event: 1415.070 GC heap before
{Heap before GC invocations=23 (full 0):
 garbage-first heap   total 262144K, used 45749K [0x0000000080000000, 0x0000000100000000)
  region size 1024K, 12 young (12288K), 1 survivors (1024K)
 Metaspace       used 45228K, committed 46464K, reserved 1114112K
  class space    used 5333K, committed 5888K, reserved 1048576K
}
Event: 1415.262 GC heap after
{Heap after GC invocations=24 (full 0):
 garbage-first heap   total 262144K, used 28934K [0x0000000080000000, 0x0000000100000000)
  region size 1024K, 2 young (2048K), 2 survivors (2048K)
 Metaspace       used 45228K, committed 46464K, reserved 1114112K
  class space    used 5333K, committed 5888K, reserved 1048576K
}
Event: 1415.421 GC heap before
{Heap before GC invocations=24 (full 0):
 garbage-first heap   total 262144K, used 38150K [0x0000000080000000, 0x0000000100000000)
  region size 1024K, 12 young (12288K), 2 survivors (2048K)
 Metaspace       used 45234K, committed 46464K, reserved 1114112K
  class space    used 5335K, committed 5888K, reserved 1048576K
}
Event: 1415.423 GC heap after
{Heap after GC invocations=25 (full 0):
 garbage-first heap   total 262144K, used 28912K [0x0000000080000000, 0x0000000100000000)
  region size 1024K, 1 young (1024K), 1 survivors (1024K)
 Metaspace       used 45234K, committed 46464K, reserved 1114112K
  class space    used 5335K, committed 5888K, reserved 1048576K
}
Event: 1418.457 GC heap before
{Heap before GC invocations=25 (full 0):
 garbage-first heap   total 262144K, used 55536K [0x0000000080000000, 0x0000000100000000)
  region size 1024K, 12 young (12288K), 1 survivors (1024K)
 Metaspace       used 45309K, committed 46528K, reserved 1114112K
  class space    used 5350K, committed 5888K, reserved 1048576K
}
Event: 1418.459 GC heap after
{Heap after GC invocations=26 (full 0):
 garbage-first heap   total 262144K, used 33167K [0x0000000080000000, 0x0000000100000000)
  region size 1024K, 2 young (2048K), 2 survivors (2048K)
 Metaspace       used 45309K, committed 46528K, reserved 1114112K
  class space    used 5350K, committed 5888K, reserved 1048576K
}
Event: 1418.469 GC heap before
{Heap before GC invocations=26 (full 0):
 garbage-first heap   total 262144K, used 42383K [0x0000000080000000, 0x0000000100000000)
  region size 1024K, 12 young (12288K), 2 survivors (2048K)
 Metaspace       used 45309K, committed 46528K, reserved 1114112K
  class space    used 5350K, committed 5888K, reserved 1048576K
}
Event: 1418.470 GC heap after
{Heap after GC invocations=27 (full 0):
 garbage-first heap   total 262144K, used 33212K [0x0000000080000000, 0x0000000100000000)
  region size 1024K, 2 young (2048K), 2 survivors (2048K)
 Metaspace       used 45309K, committed 46528K, reserved 1114112K
  class space    used 5350K, committed 5888K, reserved 1048576K
}
Event: 1419.998 GC heap before
{Heap before GC invocations=27 (full 0):
 garbage-first heap   total 262144K, used 58812K [0x0000000080000000, 0x0000000100000000)
  region size 1024K, 12 young (12288K), 2 survivors (2048K)
 Metaspace       used 45442K, committed 46720K, reserved 1114112K
  class space    used 5373K, committed 5888K, reserved 1048576K
}
Event: 1420.077 GC heap after
{Heap after GC invocations=28 (full 0):
 garbage-first heap   total 262144K, used 33227K [0x0000000080000000, 0x0000000100000000)
  region size 1024K, 1 young (1024K), 1 survivors (1024K)
 Metaspace       used 45442K, committed 46720K, reserved 1114112K
  class space    used 5373K, committed 5888K, reserved 1048576K
}
Event: 1420.086 GC heap before
{Heap before GC invocations=28 (full 0):
 garbage-first heap   total 262144K, used 43467K [0x0000000080000000, 0x0000000100000000)
  region size 1024K, 12 young (12288K), 1 survivors (1024K)
 Metaspace       used 45443K, committed 46720K, reserved 1114112K
  class space    used 5373K, committed 5888K, reserved 1048576K
}
Event: 1420.088 GC heap after
{Heap after GC invocations=29 (full 0):
 garbage-first heap   total 262144K, used 33294K [0x0000000080000000, 0x0000000100000000)
  region size 1024K, 1 young (1024K), 1 survivors (1024K)
 Metaspace       used 45443K, committed 46720K, reserved 1114112K
  class space    used 5373K, committed 5888K, reserved 1048576K
}
Event: 1420.098 GC heap before
{Heap before GC invocations=29 (full 0):
 garbage-first heap   total 262144K, used 51726K [0x0000000080000000, 0x0000000100000000)
  region size 1024K, 12 young (12288K), 1 survivors (1024K)
 Metaspace       used 45443K, committed 46720K, reserved 1114112K
  class space    used 5373K, committed 5888K, reserved 1048576K
}
Event: 1420.100 GC heap after
{Heap after GC invocations=30 (full 0):
 garbage-first heap   total 262144K, used 33332K [0x0000000080000000, 0x0000000100000000)
  region size 1024K, 1 young (1024K), 1 survivors (1024K)
 Metaspace       used 45443K, committed 46720K, reserved 1114112K
  class space    used 5373K, committed 5888K, reserved 1048576K
}
Event: 1440.820 GC heap before
{Heap before GC invocations=30 (full 0):
 garbage-first heap   total 262144K, used 78388K [0x0000000080000000, 0x0000000100000000)
  region size 1024K, 29 young (29696K), 1 survivors (1024K)
 Metaspace       used 45782K, committed 47040K, reserved 1114112K
  class space    used 5394K, committed 5952K, reserved 1048576K
}

Dll operation events (9 events):
Event: 15.453 Loaded shared library C:\Users\SYSTEM10\AppData\Local\Temp\eoi8FBC.tmp\plugins\org.eclipse.justj.openjdk.hotspot.jre.minimal.stripped.win32.x86_64_17.0.11.v20240426-2108\jre\bin\java.dll
Event: 103.934 Loaded shared library C:\Users\SYSTEM10\AppData\Local\Temp\eoi8FBC.tmp\plugins\org.eclipse.justj.openjdk.hotspot.jre.minimal.stripped.win32.x86_64_17.0.11.v20240426-2108\jre\bin\net.dll
Event: 106.684 Loaded shared library C:\Users\SYSTEM10\AppData\Local\Temp\eoi8FBC.tmp\plugins\org.eclipse.justj.openjdk.hotspot.jre.minimal.stripped.win32.x86_64_17.0.11.v20240426-2108\jre\bin\nio.dll
Event: 108.490 Loaded shared library C:\Users\SYSTEM10\AppData\Local\Temp\eoi8FBC.tmp\plugins\org.eclipse.justj.openjdk.hotspot.jre.minimal.stripped.win32.x86_64_17.0.11.v20240426-2108\jre\bin\zip.dll
Event: 133.193 Loaded shared library C:\Users\SYSTEM10\AppData\Local\Temp\eoi8FBC.tmp\plugins\org.eclipse.justj.openjdk.hotspot.jre.minimal.stripped.win32.x86_64_17.0.11.v20240426-2108\jre\bin\jimage.dll
Event: 375.383 Loaded shared library C:\Users\SYSTEM10\AppData\Local\Temp\eoi8FBC.tmp\plugins\org.eclipse.justj.openjdk.hotspot.jre.minimal.stripped.win32.x86_64_17.0.11.v20240426-2108\jre\bin\verify.dll
Event: 457.783 Loaded shared library C:\Users\SYSTEM10\AppData\Local\Temp\eoi8FBC.tmp\configuration\org.eclipse.osgi\172\0\.cp\swt-win32-4965r11.dll
Event: 514.835 Loaded shared library C:\Users\SYSTEM10\AppData\Local\Temp\jna--1536254834\jna4712233523927717128.dll
Event: 914.076 Loaded shared library C:\Users\SYSTEM10\AppData\Local\Temp\eoi8FBC.tmp\configuration\org.eclipse.osgi\172\0\.cp\swt-gdip-win32-4965r11.dll

Deoptimization events (20 events):
Event: 1423.400 Thread 0x000001c1c59be520 Uncommon trap: trap_request=0xffffff45 fr.pc=0x000001c1b652d84c relative=0x000000000000008c
Event: 1423.400 Thread 0x000001c1c59be520 Uncommon trap: reason=unstable_if action=reinterpret pc=0x000001c1b652d84c method=org.eclipse.equinox.internal.p2.metadata.OSGiVersion.equals(Ljava/lang/Object;)Z @ 80 c2
Event: 1423.401 Thread 0x000001c1c59be520 DEOPT PACKING pc=0x000001c1b652d84c sp=0x000000adfc8fdb80
Event: 1423.401 Thread 0x000001c1c59be520 DEOPT UNPACKING pc=0x000001c1b5d669a3 sp=0x000000adfc8fdb40 mode 2
Event: 1425.384 Thread 0x000001c1c59be520 Uncommon trap: trap_request=0xffffff45 fr.pc=0x000001c1b65137d0 relative=0x0000000000000470
Event: 1425.384 Thread 0x000001c1c59be520 Uncommon trap: reason=unstable_if action=reinterpret pc=0x000001c1b65137d0 method=org.eclipse.equinox.internal.p2.metadata.expression.Member.equals(Ljava/lang/Object;)Z @ 24 c2
Event: 1425.443 Thread 0x000001c1c59be520 DEOPT PACKING pc=0x000001c1b65137d0 sp=0x000000adfc8fdb20
Event: 1425.443 Thread 0x000001c1c59be520 DEOPT UNPACKING pc=0x000001c1b5d669a3 sp=0x000000adfc8fda58 mode 2
Event: 1425.443 Thread 0x000001c1c59be520 Uncommon trap: trap_request=0xffffff45 fr.pc=0x000001c1b6512ab0 relative=0x00000000000002f0
Event: 1425.443 Thread 0x000001c1c59be520 Uncommon trap: reason=unstable_if action=reinterpret pc=0x000001c1b6512ab0 method=org.eclipse.equinox.internal.p2.metadata.expression.Member.equals(Ljava/lang/Object;)Z @ 24 c2
Event: 1425.443 Thread 0x000001c1c59be520 DEOPT PACKING pc=0x000001c1b6512ab0 sp=0x000000adfc8fda90
Event: 1425.443 Thread 0x000001c1c59be520 DEOPT UNPACKING pc=0x000001c1b5d669a3 sp=0x000000adfc8fda48 mode 2
Event: 1432.109 Thread 0x000001c1c59be520 Uncommon trap: trap_request=0xffffff6e fr.pc=0x000001c1b6404334 relative=0x0000000000000394
Event: 1432.110 Thread 0x000001c1c59be520 Uncommon trap: reason=loop_limit_check action=maybe_recompile pc=0x000001c1b6404334 method=org.tukaani.xz.rangecoder.RangeDecoder.decodeDirectBits(I)I @ 58 c2
Event: 1432.110 Thread 0x000001c1c59be520 DEOPT PACKING pc=0x000001c1b6404334 sp=0x000000adfc8fda90
Event: 1432.110 Thread 0x000001c1c59be520 DEOPT UNPACKING pc=0x000001c1b5d669a3 sp=0x000000adfc8fda30 mode 2
Event: 1436.665 Thread 0x000001c1c59be520 Uncommon trap: trap_request=0xffffff45 fr.pc=0x000001c1b651dbf4 relative=0x0000000000000074
Event: 1436.665 Thread 0x000001c1c59be520 Uncommon trap: reason=unstable_if action=reinterpret pc=0x000001c1b651dbf4 method=org.eclipse.equinox.internal.p2.metadata.expression.Compare.getExpressionType()I @ 4 c2
Event: 1436.792 Thread 0x000001c1c59be520 DEOPT PACKING pc=0x000001c1b651dbf4 sp=0x000000adfc8fdcd0
Event: 1436.792 Thread 0x000001c1c59be520 DEOPT UNPACKING pc=0x000001c1b5d669a3 sp=0x000000adfc8fdc68 mode 2

Classes unloaded (0 events):
No events

Classes redefined (0 events):
No events

Internal exceptions (20 events):
Event: 1199.583 Thread 0x000001c1acc5eb90 Exception <a 'java/lang/ClassNotFoundException'{0x000000008fef0d78}: jdk/net/ExtendedSocketOptions> (0x000000008fef0d78) 
thrown [s\src\hotspot\share\classfile\systemDictionary.cpp, line 256]
Event: 1249.230 Thread 0x000001c1acc5eb90 Exception <a 'java/lang/NoSuchMethodError'{0x000000008fe23270}: 'void java.lang.invoke.DirectMethodHandle$Holder.invokeStaticInit(java.lang.Object, java.lang.Object, int, float)'> (0x000000008fe23270) 
thrown [s\src\hotspot\share\interpreter\linkResolver.cpp, line 759]
Event: 1250.563 Thread 0x000001c1acc5eb90 Implicit null exception at 0x000001c1b636c336 to 0x000001c1b636c890
Event: 1250.616 Thread 0x000001c1acc5eb90 Implicit null exception at 0x000001c1b639ca11 to 0x000001c1b639cf10
Event: 1259.453 Thread 0x000001c1acc5eb90 Exception <a 'java/io/FileNotFoundException'{0x000000008fd18118}> (0x000000008fd18118) 
thrown [s\src\hotspot\share\prims\jni.cpp, line 516]
Event: 1261.548 Thread 0x000001c1acc5eb90 Exception <a 'java/io/FileNotFoundException'{0x000000008fd597b8}> (0x000000008fd597b8) 
thrown [s\src\hotspot\share\prims\jni.cpp, line 516]
Event: 1274.925 Thread 0x000001c1acc5eb90 Implicit null exception at 0x000001c1b62df38f to 0x000001c1b62df409
Event: 1279.407 Thread 0x000001c1acc5eb90 Exception <a 'java/lang/NoSuchMethodError'{0x000000008f92b968}: 'void java.lang.invoke.DirectMethodHandle$Holder.invokeStatic(java.lang.Object, java.lang.Object, java.lang.Object, java.lang.Object)'> (0x000000008f92b968) 
thrown [s\src\hotspot\share\interpreter\linkResolver.cpp, line 759]
Event: 1279.409 Thread 0x000001c1acc5eb90 Exception <a 'java/lang/NoSuchMethodError'{0x000000008f933508}: 'void java.lang.invoke.DirectMethodHandle$Holder.invokeStatic(java.lang.Object, long, java.lang.Object)'> (0x000000008f933508) 
thrown [s\src\hotspot\share\interpreter\linkResolver.cpp, line 759]
Event: 1279.410 Thread 0x000001c1acc5eb90 Exception <a 'java/lang/NoSuchMethodError'{0x000000008f939798}: 'java.lang.Object java.lang.invoke.DirectMethodHandle$Holder.newInvokeSpecial(java.lang.Object, long, java.lang.Object)'> (0x000000008f939798) 
thrown [s\src\hotspot\share\interpreter\linkResolver.cpp, line 759]
Event: 1279.410 Thread 0x000001c1acc5eb90 Exception <a 'java/lang/NoSuchMethodError'{0x000000008f93d6d8}: 'java.lang.Object java.lang.invoke.DirectMethodHandle$Holder.invokeSpecial(java.lang.Object, java.lang.Object, long, java.lang.Object)'> (0x000000008f93d6d8) 
thrown [s\src\hotspot\share\interpreter\linkResolver.cpp, line 759]
Event: 1386.255 Thread 0x000001c1acc5eb90 Exception <a 'java/lang/NoSuchMethodError'{0x000000008f8b6240}: 'java.lang.Object java.lang.invoke.DirectMethodHandle$Holder.newInvokeSpecial(java.lang.Object, java.lang.Object, int, java.lang.Object, java.lang.Object)'> (0x000000008f8b6240) 
thrown [s\src\hotspot\share\interpreter\linkResolver.cpp, line 759]
Event: 1398.738 Thread 0x000001c1acc5eb90 Exception <a 'sun/nio/fs/WindowsException'{0x000000008f6c97d8}> (0x000000008f6c97d8) 
thrown [s\src\hotspot\share\prims\jni.cpp, line 516]
Event: 1398.738 Thread 0x000001c1acc5eb90 Exception <a 'sun/nio/fs/WindowsException'{0x000000008f6c9bb0}> (0x000000008f6c9bb0) 
thrown [s\src\hotspot\share\prims\jni.cpp, line 516]
Event: 1399.213 Thread 0x000001c1c59bea30 Exception <a 'java/io/FileNotFoundException'{0x000000008f6fe370}> (0x000000008f6fe370) 
thrown [s\src\hotspot\share\prims\jni.cpp, line 516]
Event: 1402.784 Thread 0x000001c1c59be520 Exception <a 'java/io/FileNotFoundException'{0x000000008ffbd4b0}> (0x000000008ffbd4b0) 
thrown [s\src\hotspot\share\prims\jni.cpp, line 516]
Event: 1403.265 Thread 0x000001c1c59bf450 Exception <a 'sun/nio/fs/WindowsException'{0x000000008ffd2e90}> (0x000000008ffd2e90) 
thrown [s\src\hotspot\share\prims\jni.cpp, line 516]
Event: 1403.266 Thread 0x000001c1c59bf450 Exception <a 'sun/nio/fs/WindowsException'{0x000000008ffdb1e0}> (0x000000008ffdb1e0) 
thrown [s\src\hotspot\share\prims\jni.cpp, line 516]
Event: 1403.266 Thread 0x000001c1c59bf450 Exception <a 'sun/nio/fs/WindowsException'{0x000000008ffdb770}> (0x000000008ffdb770) 
thrown [s\src\hotspot\share\prims\jni.cpp, line 516]
Event: 1409.988 Thread 0x000001c1c59bf450 Exception <a 'com/sun/jna/LastErrorException'{0x000000008fec9650}: [12180] (null)> (0x000000008fec9650) 
thrown [s\src\hotspot\share\prims\jni.cpp, line 535]

VM Operations (20 events):
Event: 1421.313 Executing VM operation: Cleanup done
Event: 1423.337 Executing VM operation: Cleanup
Event: 1423.400 Executing VM operation: Cleanup done
Event: 1424.414 Executing VM operation: Cleanup
Event: 1425.382 Executing VM operation: Cleanup done
Event: 1426.391 Executing VM operation: Cleanup
Event: 1426.596 Executing VM operation: Cleanup done
Event: 1427.609 Executing VM operation: Cleanup
Event: 1427.750 Executing VM operation: Cleanup done
Event: 1428.764 Executing VM operation: Cleanup
Event: 1429.431 Executing VM operation: Cleanup done
Event: 1430.431 Executing VM operation: Cleanup
Event: 1430.539 Executing VM operation: Cleanup done
Event: 1431.554 Executing VM operation: Cleanup
Event: 1431.601 Executing VM operation: Cleanup done
Event: 1433.610 Executing VM operation: Cleanup
Event: 1433.955 Executing VM operation: Cleanup done
Event: 1436.987 Executing VM operation: Cleanup
Event: 1438.421 Executing VM operation: Cleanup done
Event: 1439.577 Executing VM operation: G1CollectForAllocation

Events (20 events):
Event: 1417.854 Thread 0x000001c1c512b4b0 flushing nmethod 0x000001c1af13fb10
Event: 1417.854 Thread 0x000001c1c512b4b0 flushing nmethod 0x000001c1af140210
Event: 1417.854 Thread 0x000001c1c512b4b0 flushing nmethod 0x000001c1af140c10
Event: 1417.854 Thread 0x000001c1c512b4b0 flushing nmethod 0x000001c1af141a90
Event: 1417.854 Thread 0x000001c1c512b4b0 flushing nmethod 0x000001c1af141e10
Event: 1417.854 Thread 0x000001c1c512b4b0 flushing nmethod 0x000001c1af142510
Event: 1417.854 Thread 0x000001c1c512b4b0 flushing nmethod 0x000001c1af145910
Event: 1417.854 Thread 0x000001c1c512b4b0 flushing nmethod 0x000001c1af14ae10
Event: 1417.854 Thread 0x000001c1c512b4b0 flushing nmethod 0x000001c1af14b590
Event: 1417.854 Thread 0x000001c1c512b4b0 flushing nmethod 0x000001c1af18c010
Event: 1417.854 Thread 0x000001c1c512b4b0 flushing nmethod 0x000001c1af1a1210
Event: 1417.854 Thread 0x000001c1c512b4b0 flushing nmethod 0x000001c1af1a6390
Event: 1417.854 Thread 0x000001c1c512b4b0 flushing nmethod 0x000001c1af1b6f10
Event: 1417.854 Thread 0x000001c1c512b4b0 flushing nmethod 0x000001c1af1bcc10
Event: 1417.854 Thread 0x000001c1c512b4b0 flushing nmethod 0x000001c1af1c4b10
Event: 1417.854 Thread 0x000001c1c512b4b0 flushing nmethod 0x000001c1af1e1f10
Event: 1417.854 Thread 0x000001c1c512b4b0 flushing nmethod 0x000001c1af1fe510
Event: 1417.854 Thread 0x000001c1c512b4b0 flushing nmethod 0x000001c1af1ff810
Event: 1417.855 Thread 0x000001c1c512b4b0 flushing nmethod 0x000001c1af206b90
Event: 1417.855 Thread 0x000001c1c512b4b0 flushing nmethod 0x000001c1af20c710


Dynamic libraries:
0x00007ff7832b0000 - 0x00007ff783336000 	C:\Users\SYSTEM10\AppData\Local\Temp\eoi8FBC.tmp\eclipse-inst.exe
0x00007ff843610000 - 0x00007ff843824000 	C:\WINDOWS\SYSTEM32\ntdll.dll
0x00007ff832720000 - 0x00007ff83273a000 	C:\Program Files\AVG\Antivirus\aswhook.dll
0x00007ff842990000 - 0x00007ff842a53000 	C:\WINDOWS\System32\KERNEL32.DLL
0x00007ff840a50000 - 0x00007ff840dec000 	C:\WINDOWS\System32\KERNELBASE.dll
0x00007ff842780000 - 0x00007ff84292d000 	C:\WINDOWS\System32\USER32.dll
0x00007ff841200000 - 0x00007ff841226000 	C:\WINDOWS\System32\win32u.dll
0x00007ff842ef0000 - 0x00007ff842f19000 	C:\WINDOWS\System32\GDI32.dll
0x00007ff841070000 - 0x00007ff841183000 	C:\WINDOWS\System32\gdi32full.dll
0x00007ff840fd0000 - 0x00007ff84106a000 	C:\WINDOWS\System32\msvcp_win.dll
0x00007ff840df0000 - 0x00007ff840f01000 	C:\WINDOWS\System32\ucrtbase.dll
0x00007ff83fbe0000 - 0x00007ff83fe6e000 	C:\WINDOWS\WinSxS\amd64_microsoft.windows.common-controls_6595b64144ccf1df_6.0.22621.608_none_a9444ca7c10bb01d\COMCTL32.dll
0x00007ff842d20000 - 0x00007ff842dc7000 	C:\WINDOWS\System32\msvcrt.dll
0x00007ff841ed0000 - 0x00007ff841f01000 	C:\WINDOWS\System32\IMM32.DLL
0x00007ffffe080000 - 0x00007ffffe0c4000 	C:\Users\SYSTEM10\AppData\Local\Temp\eoi8FBC.tmp\plugins\org.eclipse.equinox.launcher.win32.win32.x86_64_1.2.1000.v20240507-1834\eclipse_11902.dll
0x00007ff8414a0000 - 0x00007ff84154e000 	C:\WINDOWS\System32\ADVAPI32.dll
0x00007ff841940000 - 0x00007ff8419e4000 	C:\WINDOWS\System32\sechost.dll
0x00007ff843270000 - 0x00007ff843385000 	C:\WINDOWS\System32\RPCRT4.dll
0x00007ff843430000 - 0x00007ff8435cc000 	C:\WINDOWS\System32\ole32.dll
0x00007ff83d9c0000 - 0x00007ff83d9ca000 	C:\WINDOWS\SYSTEM32\VERSION.dll
0x00007ff8415b0000 - 0x00007ff841939000 	C:\WINDOWS\System32\combase.dll
0x00007fffbe860000 - 0x00007fffbf4c2000 	C:\Users\SYSTEM10\AppData\Local\Temp\eoi8FBC.tmp\plugins\org.eclipse.justj.openjdk.hotspot.jre.minimal.stripped.win32.x86_64_17.0.11.v20240426-2108\jre\bin\server\jvm.dll
0x00007ff82d660000 - 0x00007ff82d669000 	C:\WINDOWS\SYSTEM32\WSOCK32.dll
0x00007ff823c60000 - 0x00007ff823c94000 	C:\WINDOWS\SYSTEM32\WINMM.dll
0x00007ff826460000 - 0x00007ff82647b000 	C:\WINDOWS\SYSTEM32\VCRUNTIME140.dll
0x00007ff841420000 - 0x00007ff841491000 	C:\WINDOWS\System32\WS2_32.dll
0x00007ff826360000 - 0x00007ff82636c000 	C:\WINDOWS\SYSTEM32\VCRUNTIME140_1.dll
0x00007ff840770000 - 0x00007ff8407bd000 	C:\WINDOWS\SYSTEM32\POWRPROF.dll
0x00007ff840750000 - 0x00007ff840763000 	C:\WINDOWS\SYSTEM32\UMPDC.dll
0x00007ff826410000 - 0x00007ff82641a000 	C:\Users\SYSTEM10\AppData\Local\Temp\eoi8FBC.tmp\plugins\org.eclipse.justj.openjdk.hotspot.jre.minimal.stripped.win32.x86_64_17.0.11.v20240426-2108\jre\bin\jimage.dll
0x00007ff8403d0000 - 0x00007ff8405fe000 	C:\WINDOWS\SYSTEM32\DBGHELP.DLL
0x00007ff842f20000 - 0x00007ff842ff7000 	C:\WINDOWS\System32\OLEAUT32.dll
0x00007ff8401a0000 - 0x00007ff8401d2000 	C:\WINDOWS\SYSTEM32\dbgcore.DLL
0x00007ff8413a0000 - 0x00007ff84141b000 	C:\WINDOWS\System32\bcryptPrimitives.dll
0x00007ffffe490000 - 0x00007ffffe4b5000 	C:\Users\SYSTEM10\AppData\Local\Temp\eoi8FBC.tmp\plugins\org.eclipse.justj.openjdk.hotspot.jre.minimal.stripped.win32.x86_64_17.0.11.v20240426-2108\jre\bin\java.dll
0x00007ff83ec60000 - 0x00007ff83ec78000 	C:\WINDOWS\SYSTEM32\kernel.appcore.dll
0x00007ffffcd00000 - 0x00007ffffcd18000 	C:\Users\SYSTEM10\AppData\Local\Temp\eoi8FBC.tmp\plugins\org.eclipse.justj.openjdk.hotspot.jre.minimal.stripped.win32.x86_64_17.0.11.v20240426-2108\jre\bin\zip.dll
0x00007ff841f90000 - 0x00007ff842780000 	C:\WINDOWS\System32\SHELL32.dll
0x00007ff83db20000 - 0x00007ff83e3ee000 	C:\WINDOWS\SYSTEM32\windows.storage.dll
0x00007ff83d9e0000 - 0x00007ff83db1e000 	C:\WINDOWS\SYSTEM32\wintypes.dll
0x00007ff842dd0000 - 0x00007ff842ec1000 	C:\WINDOWS\System32\SHCORE.dll
0x00007ff841f20000 - 0x00007ff841f7e000 	C:\WINDOWS\System32\shlwapi.dll
0x00007ff840980000 - 0x00007ff8409a1000 	C:\WINDOWS\SYSTEM32\profapi.dll
0x00007ff812e10000 - 0x00007ff812e29000 	C:\Users\SYSTEM10\AppData\Local\Temp\eoi8FBC.tmp\plugins\org.eclipse.justj.openjdk.hotspot.jre.minimal.stripped.win32.x86_64_17.0.11.v20240426-2108\jre\bin\net.dll
0x00007ff83a3b0000 - 0x00007ff83a4df000 	C:\WINDOWS\SYSTEM32\WINHTTP.dll
0x00007ff83f7c0000 - 0x00007ff83f829000 	C:\WINDOWS\system32\mswsock.dll
0x00007ff801c00000 - 0x00007ff801c16000 	C:\Users\SYSTEM10\AppData\Local\Temp\eoi8FBC.tmp\plugins\org.eclipse.justj.openjdk.hotspot.jre.minimal.stripped.win32.x86_64_17.0.11.v20240426-2108\jre\bin\nio.dll
0x00007ff83d1b0000 - 0x00007ff83d25b000 	C:\WINDOWS\system32\uxtheme.dll
0x00007ff842c00000 - 0x00007ff842d1e000 	C:\WINDOWS\System32\MSCTF.dll
0x00007ff8431c0000 - 0x00007ff843270000 	C:\WINDOWS\System32\clbcatq.dll
0x00007ff82fab0000 - 0x00007ff82fbde000 	C:\WINDOWS\SYSTEM32\textinputframework.dll
0x00007ff83cc20000 - 0x00007ff83cd53000 	C:\WINDOWS\System32\CoreMessaging.dll
0x00007ff81a620000 - 0x00007ff81a630000 	C:\Users\SYSTEM10\AppData\Local\Temp\eoi8FBC.tmp\plugins\org.eclipse.justj.openjdk.hotspot.jre.minimal.stripped.win32.x86_64_17.0.11.v20240426-2108\jre\bin\verify.dll
0x00007ff8227e0000 - 0x00007ff8228aa000 	C:\Users\SYSTEM10\AppData\Local\Temp\eoi8FBC.tmp\configuration\org.eclipse.osgi\172\0\.cp\swt-win32-4965r11.dll
0x00007ff842a60000 - 0x00007ff842b57000 	C:\WINDOWS\System32\COMDLG32.dll
0x00007ff8115a0000 - 0x00007ff81163a000 	C:\WINDOWS\SYSTEM32\WINSPOOL.DRV
0x00007ff80e2b0000 - 0x00007ff80e319000 	C:\WINDOWS\SYSTEM32\OLEACC.dll
0x00007ff83a800000 - 0x00007ff83a819000 	C:\WINDOWS\SYSTEM32\USP10.dll
0x00007ff828d70000 - 0x00007ff829264000 	C:\WINDOWS\SYSTEM32\WININET.dll
0x00007ff83b180000 - 0x00007ff83b280000 	C:\WINDOWS\SYSTEM32\PROPSYS.dll
0x00007ff830ad0000 - 0x00007ff830cc0000 	C:\WINDOWS\SYSTEM32\urlmon.dll
0x00007ff83a740000 - 0x00007ff83a747000 	C:\WINDOWS\SYSTEM32\MSIMG32.dll
0x00007ff83d3b0000 - 0x00007ff83d3db000 	C:\WINDOWS\SYSTEM32\dwmapi.dll
0x00007ff830810000 - 0x00007ff830ac1000 	C:\WINDOWS\SYSTEM32\iertutil.dll
0x00007ff83a360000 - 0x00007ff83a388000 	C:\WINDOWS\SYSTEM32\srvcli.dll
0x00007ff83e760000 - 0x00007ff83e76c000 	C:\WINDOWS\SYSTEM32\netutils.dll
0x00007ff80a6c0000 - 0x00007ff80a879000 	C:\Windows\System32\TaskFlowDataEngine.dll
0x00007ff840600000 - 0x00007ff84061b000 	C:\WINDOWS\SYSTEM32\CRYPTSP.dll
0x00007ff83ebd0000 - 0x00007ff83ec05000 	C:\WINDOWS\system32\rsaenh.dll
0x00007ff83f860000 - 0x00007ff83f888000 	C:\WINDOWS\SYSTEM32\USERENV.dll
0x00007ff8403a0000 - 0x00007ff8403c8000 	C:\WINDOWS\SYSTEM32\bcrypt.dll
0x00007ff83fac0000 - 0x00007ff83facc000 	C:\WINDOWS\SYSTEM32\CRYPTBASE.dll
0x00007ff83e630000 - 0x00007ff83e65d000 	C:\WINDOWS\SYSTEM32\IPHLPAPI.DLL
0x00007ff841f80000 - 0x00007ff841f89000 	C:\WINDOWS\System32\NSI.dll
0x00007ff837740000 - 0x00007ff837759000 	C:\WINDOWS\SYSTEM32\dhcpcsvc6.DLL
0x00007ff837720000 - 0x00007ff83773f000 	C:\WINDOWS\SYSTEM32\dhcpcsvc.DLL
0x00007ff83e660000 - 0x00007ff83e753000 	C:\WINDOWS\SYSTEM32\DNSAPI.dll
0x00007ff83a760000 - 0x00007ff83a7a5000 	C:\Users\SYSTEM10\AppData\Local\Temp\jna--1536254834\jna4712233523927717128.dll
0x00007ff841f10000 - 0x00007ff841f18000 	C:\WINDOWS\System32\PSAPI.DLL
0x00007ff83c2f0000 - 0x00007ff83c31c000 	C:\Users\SYSTEM10\AppData\Local\Temp\eoi8FBC.tmp\configuration\org.eclipse.osgi\172\0\.cp\swt-gdip-win32-4965r11.dll
0x00007ff80ae80000 - 0x00007ff80b039000 	C:\WINDOWS\WinSxS\amd64_microsoft.windows.gdiplus_6595b64144ccf1df_1.1.22621.819_none_da30437f1b9d3de1\gdiplus.dll
0x00007ff83b820000 - 0x00007ff83ba87000 	C:\WINDOWS\SYSTEM32\DWrite.dll
0x00007ff83b280000 - 0x00007ff83b430000 	C:\WINDOWS\SYSTEM32\WindowsCodecs.dll
0x00007ff82f1c0000 - 0x00007ff82f1ca000 	C:\Windows\System32\rasadhlp.dll
0x00007ff839f40000 - 0x00007ff839fc3000 	C:\WINDOWS\System32\fwpuclnt.dll
0x00007ff82f960000 - 0x00007ff82fa10000 	C:\WINDOWS\SYSTEM32\TextShaping.dll
0x00007ff842b80000 - 0x00007ff842bfd000 	C:\WINDOWS\System32\coml2.dll
0x00007ff80e250000 - 0x00007ff80e2ae000 	C:\WINDOWS\system32\dataexchange.dll
0x00007ff837e30000 - 0x00007ff83809a000 	C:\WINDOWS\system32\twinapi.appcore.dll
0x00007ff8408c0000 - 0x00007ff84096c000 	C:\WINDOWS\SYSTEM32\sxs.dll
0x00007ff80c940000 - 0x00007ff80c984000 	C:\WINDOWS\SYSTEM32\msIso.dll
0x00007fffc0db0000 - 0x00007fffc23da000 	C:\Windows\System32\mshtml.dll
0x00007ff83f5b0000 - 0x00007ff83f5f2000 	C:\Windows\System32\SspiCli.dll
0x00007ff83a390000 - 0x00007ff83a3aa000 	C:\Windows\System32\wkscli.dll
0x00007ff82db20000 - 0x00007ff82db4e000 	C:\Windows\System32\srpapi.dll
0x00007ff81c800000 - 0x00007ff81c8e4000 	C:\Windows\System32\ieapfltr.dll
0x00007fffeeda0000 - 0x00007fffef294000 	C:\Windows\System32\jscript9.dll
0x00007ff8324c0000 - 0x00007ff8324d7000 	C:\WINDOWS\SYSTEM32\ondemandconnroutehelper.dll
0x00007ff83d260000 - 0x00007ff83d26d000 	C:\WINDOWS\SYSTEM32\WINNSI.DLL
0x00007ff81c350000 - 0x00007ff81c535000 	C:\WINDOWS\SYSTEM32\AudioSes.DLL
0x00007fffe1d20000 - 0x00007fffe24ec000 	C:\Windows\System32\ieframe.dll

dbghelp: loaded successfully - version: 4.0.5 - missing functions: none
symbol engine: initialized successfully - sym options: 0x614 - pdb path: .;C:\Users\SYSTEM10\AppData\Local\Temp\eoi8FBC.tmp;C:\WINDOWS\SYSTEM32;C:\Program Files\AVG\Antivirus;C:\WINDOWS\WinSxS\amd64_microsoft.windows.common-controls_6595b64144ccf1df_6.0.22621.608_none_a9444ca7c10bb01d;C:\Users\SYSTEM10\AppData\Local\Temp\eoi8FBC.tmp\plugins\org.eclipse.equinox.launcher.win32.win32.x86_64_1.2.1000.v20240507-1834;C:\Users\SYSTEM10\AppData\Local\Temp\eoi8FBC.tmp\plugins\org.eclipse.justj.openjdk.hotspot.jre.minimal.stripped.win32.x86_64_17.0.11.v20240426-2108\jre\bin\server;C:\Users\SYSTEM10\AppData\Local\Temp\eoi8FBC.tmp\plugins\org.eclipse.justj.openjdk.hotspot.jre.minimal.stripped.win32.x86_64_17.0.11.v20240426-2108\jre\bin;C:\Users\SYSTEM10\AppData\Local\Temp\eoi8FBC.tmp\configuration\org.eclipse.osgi\172\0\.cp;C:\Users\SYSTEM10\AppData\Local\Temp\jna--1536254834;C:\WINDOWS\WinSxS\amd64_microsoft.windows.gdiplus_6595b64144ccf1df_1.1.22621.819_none_da30437f1b9d3de1

VM Arguments:
jvm_args: -Xms256M -Xmx2048M 
java_command: <unknown>
java_class_path (initial): C:\Users\SYSTEM10\AppData\Local\Temp\eoi8FBC.tmp\\plugins/org.eclipse.equinox.launcher_1.6.800.v20240513-1750.jar
Launcher Type: generic

[Global flags]
     intx CICompilerCount                          = 3                                         {product} {ergonomic}
     uint ConcGCThreads                            = 1                                         {product} {ergonomic}
     uint G1ConcRefinementThreads                  = 4                                         {product} {ergonomic}
   size_t G1HeapRegionSize                         = 1048576                                   {product} {ergonomic}
    uintx GCDrainStackTargetSize                   = 64                                        {product} {ergonomic}
   size_t InitialHeapSize                          = 268435456                                 {product} {command line}
   size_t MarkStackSize                            = 4194304                                   {product} {ergonomic}
   size_t MaxHeapSize                              = 2147483648                                {product} {command line}
   size_t MaxNewSize                               = 1287651328                                {product} {ergonomic}
   size_t MinHeapDeltaBytes                        = 1048576                                   {product} {ergonomic}
   size_t MinHeapSize                              = 268435456                                 {product} {command line}
    uintx NonNMethodCodeHeapSize                   = 5832780                                {pd product} {ergonomic}
    uintx NonProfiledCodeHeapSize                  = 122912730                              {pd product} {ergonomic}
    uintx ProfiledCodeHeapSize                     = 122912730                              {pd product} {ergonomic}
    uintx ReservedCodeCacheSize                    = 251658240                              {pd product} {ergonomic}
     bool SegmentedCodeCache                       = true                                      {product} {ergonomic}
   size_t SoftMaxHeapSize                          = 2147483648                             {manageable} {ergonomic}
     bool UseCompressedClassPointers               = true                           {product lp64_product} {ergonomic}
     bool UseCompressedOops                        = true                           {product lp64_product} {ergonomic}
     bool UseG1GC                                  = true                                      {product} {ergonomic}
     bool UseLargePagesIndividualAllocation        = false                                  {pd product} {ergonomic}

Logging:
Log output configuration:
 #0: stdout all=warning uptime,level,tags
 #1: stderr all=off uptime,level,tags

Environment Variables:
JAVA_HOME=C:\Program Files\Java\jdk-18.0.1.1
PATH=C:\Program Files\Common Files\Oracle\Java\javapath;C:\Program Files (x86)\VMware\VMware Player\bin\;C:\oraclexe\app\oracle\product\10.2.0\server\bin;C:\WINDOWS\system32;C:\WINDOWS;C:\WINDOWS\System32\Wbem;C:\WINDOWS\System32\WindowsPowerShell\v1.0\;C:\WINDOWS\System32\OpenSSH\;C:\Program Files (x86)\Intel\Intel(R) Management Engine Components\DAL;C:\Program Files\Intel\Intel(R) Management Engine Components\DAL;C:\Program Files\Java\jdk-18.0.1.1\bin;C:\Program Files\MongoDB\Server\7.0\bin;C:\Program Files\nodejs\;C:\Program Files\Docker\Docker\resources\bin;C:\Program Files\MySQL\MySQL Shell 8.0\bin\;C:\Users\SYSTEM10\AppData\Local\Microsoft\WindowsApps;C:\Users\SYSTEM10\AppData\Local\Programs\Microsoft VS Code\bin;C:\Program Files\MongoDB\Server\7.0\bin;C:\Users\SYSTEM10\AppData\Roaming\npm
USERNAME=SYSTEM10
OS=Windows_NT
PROCESSOR_IDENTIFIER=Intel64 Family 6 Model 158 Stepping 11, GenuineIntel
TMP=C:\Users\SYSTEM10\AppData\Local\Temp
TEMP=C:\Users\SYSTEM10\AppData\Local\Temp



Periodic native trim disabled


---------------  S Y S T E M  ---------------

OS:
 Windows 11 , 64 bit Build 22621 (10.0.22621.1344)
OS uptime: 0 days 0:53 hours
Hyper-V role detected

CPU: total 4 (initial active 4) (4 cores per cpu, 1 threads per core) family 6 model 158 stepping 11 microcode 0xde, cx8, cmov, fxsr, mmx, 3dnowpref, sse, sse2, sse3, ssse3, sse4.1, sse4.2, popcnt, lzcnt, tsc, tscinvbit, avx, avx2, aes, erms, clmul, bmi1, bmi2, adx, fma, vzeroupper, clflush, clflushopt, hv
Processor Information for all 4 processors :
  Max Mhz: 3601, Current Mhz: 800, Mhz Limit: 3601

Memory: 4k page, system-wide physical 3913M (52M free)
TotalPageFile size 15689M (AvailPageFile size 160M)
current process WorkingSet (physical memory assigned to process): 1M, peak: 190M
current process commit charge ("private bytes"): 421M, peak: 676M

vm_info: OpenJDK 64-Bit Server VM (17.0.11+9) for windows-amd64 JRE (17.0.11+9), built on Apr 17 2024 06:07:48 by "admin" with MS VC++ 16.10 / 16.11 (VS2019)

END.
