#
# There is insufficient memory for the Java Runtime Environment to continue.
# Native memory allocation (mmap) failed to map 390070272 bytes. Error detail: G1 virtual space
# Possible reasons:
#   The system is out of physical RAM or swap space
#   This process is running with CompressedOops enabled, and the Java Heap may be blocking the growth of the native heap
# Possible solutions:
#   Reduce memory load on the system
#   Increase physical memory or swap space
#   Check if swap backing store is full
#   Decrease Java heap size (-Xmx/-Xms)
#   Decrease number of Java threads
#   Decrease Java thread stack sizes (-Xss)
#   Set larger code cache with -XX:ReservedCodeCacheSize=
#   JVM is running with Unscaled Compressed Oops mode in which the Java heap is
#     placed in the first 4GB address space. The Java Heap base address is the
#     maximum limit for the native heap growth. Please use -XX:HeapBaseMinAddress
#     to set the Java Heap base and to place the Java Heap above 4GB virtual address.
# This output file may be truncated or incomplete.
#
#  Out of Memory Error (os_windows.cpp:3613), pid=7580, tid=9608
#
# JRE version: OpenJDK Runtime Environment Temurin-17.0.11+9 (17.0.11+9) (build 17.0.11+9)
# Java VM: OpenJDK 64-Bit Server VM Temurin-17.0.11+9 (17.0.11+9, mixed mode, tiered, compressed oops, compressed class ptrs, g1 gc, windows-amd64)
# No core dump will be written. Minidumps are not enabled by default on client versions of Windows
#

---------------  S U M M A R Y ------------

Command Line: -Xms256M -Xmx2048M 

Host: Intel(R) Core(TM) i3-9100 CPU @ 3.60GHz, 4 cores, 3G,  Windows 11 , 64 bit Build 22621 (10.0.22621.1344)
Time: Tue Oct 15 16:39:26 2024 India Standard Time elapsed time: 1458.113520 seconds (0d 0h 24m 18s)

---------------  T H R E A D  ---------------

Current thread (0x00000248f62d30d0):  VMThread "VM Thread" [stack: 0x0000006a11400000,0x0000006a11500000] [id=9608]

Stack: [0x0000006a11400000,0x0000006a11500000]
Native frames: (J=compiled Java code, j=interpreted, Vv=VM code, C=native code)
V  [jvm.dll+0x67d429]
V  [jvm.dll+0x834b7a]
V  [jvm.dll+0x83663e]
V  [jvm.dll+0x836ca3]
V  [jvm.dll+0x247dbf]
V  [jvm.dll+0x67a269]
V  [jvm.dll+0x66ecda]
V  [jvm.dll+0x30797b]
V  [jvm.dll+0x30ee26]
V  [jvm.dll+0x35e80e]
V  [jvm.dll+0x35ea3f]
V  [jvm.dll+0x2de6b8]
V  [jvm.dll+0x2dcac4]
V  [jvm.dll+0x2dc0cc]
V  [jvm.dll+0x31facb]
V  [jvm.dll+0x83b19b]
V  [jvm.dll+0x83bed2]
V  [jvm.dll+0x83c3ed]
V  [jvm.dll+0x83c7c4]
V  [jvm.dll+0x83c890]
V  [jvm.dll+0x7e410a]
V  [jvm.dll+0x67c315]
C  [ucrtbase.dll+0x29363]
C  [KERNEL32.DLL+0x126bd]
C  [ntdll.dll+0x5a9f8]

VM_Operation (0x0000006a13cfdaf0): G1CollectForAllocation, mode: safepoint, requested by thread 0x00000248fb5cd290


---------------  P R O C E S S  ---------------

Threads class SMR info:
_java_thread_list=0x00000248fd708710, length=34, elements={
0x00000248dde702d0, 0x00000248f62ea390, 0x00000248f62ed7e0, 0x00000248f632b010,
0x00000248f632bde0, 0x00000248f632d3e0, 0x00000248f6333a60, 0x00000248f63372d0,
0x00000248f6339810, 0x00000248f635f450, 0x00000248f649f9d0, 0x00000248f64b05b0,
0x00000248f69d64e0, 0x00000248f69c83b0, 0x00000248f650ba00, 0x00000248f6509690,
0x00000248f6509ba0, 0x00000248f650b4f0, 0x00000248f6509180, 0x00000248fb5ccd80,
0x00000248fb5c95d0, 0x00000248fb5cbe50, 0x00000248fb5c9ff0, 0x00000248fb5c90c0,
0x00000248fb5cdcb0, 0x00000248fb5cc870, 0x00000248fb5cb940, 0x00000248fb5cf0f0,
0x00000248fb5cc360, 0x00000248fb5ce1c0, 0x00000248fb5cd290, 0x00000248fb5d0a40,
0x00000248fb5caf20, 0x00000248fb5ce6d0
}

Java Threads: ( => current thread )
  0x00000248dde702d0 JavaThread "main" [_thread_blocked, id=6792, stack(0x0000006a11010000,0x0000006a11110000)]
  0x00000248f62ea390 JavaThread "Reference Handler" daemon [_thread_blocked, id=11928, stack(0x0000006a11500000,0x0000006a11600000)]
  0x00000248f62ed7e0 JavaThread "Finalizer" daemon [_thread_blocked, id=12080, stack(0x0000006a11600000,0x0000006a11700000)]
  0x00000248f632b010 JavaThread "Signal Dispatcher" daemon [_thread_blocked, id=1608, stack(0x0000006a11f00000,0x0000006a12000000)]
  0x00000248f632bde0 JavaThread "Attach Listener" daemon [_thread_blocked, id=2224, stack(0x0000006a12000000,0x0000006a12100000)]
  0x00000248f632d3e0 JavaThread "Service Thread" daemon [_thread_blocked, id=2744, stack(0x0000006a12100000,0x0000006a12200000)]
  0x00000248f6333a60 JavaThread "Monitor Deflation Thread" daemon [_thread_blocked, id=3356, stack(0x0000006a12200000,0x0000006a12300000)]
  0x00000248f63372d0 JavaThread "C2 CompilerThread0" daemon [_thread_blocked, id=7712, stack(0x0000006a12300000,0x0000006a12400000)]
  0x00000248f6339810 JavaThread "C1 CompilerThread0" daemon [_thread_blocked, id=1084, stack(0x0000006a12400000,0x0000006a12500000)]
  0x00000248f635f450 JavaThread "Sweeper thread" daemon [_thread_blocked, id=8176, stack(0x0000006a12500000,0x0000006a12600000)]
  0x00000248f649f9d0 JavaThread "Notification Thread" daemon [_thread_blocked, id=136, stack(0x0000006a12600000,0x0000006a12700000)]
  0x00000248f64b05b0 JavaThread "Common-Cleaner" daemon [_thread_blocked, id=8832, stack(0x0000006a12800000,0x0000006a12900000)]
  0x00000248f69d64e0 JavaThread "Active Thread: Equinox Container: a4104c2c-135f-4d6d-adf8-98af6e6d8542" [_thread_blocked, id=12968, stack(0x0000006a13000000,0x0000006a13100000)]
  0x00000248f69c83b0 JavaThread "Framework Event Dispatcher: Equinox Container: a4104c2c-135f-4d6d-adf8-98af6e6d8542" daemon [_thread_blocked, id=13024, stack(0x0000006a13100000,0x0000006a13200000)]
  0x00000248f650ba00 JavaThread "Start Level: Equinox Container: a4104c2c-135f-4d6d-adf8-98af6e6d8542" daemon [_thread_blocked, id=13028, stack(0x0000006a13200000,0x0000006a13300000)]
  0x00000248f6509690 JavaThread "Refresh Thread: Equinox Container: a4104c2c-135f-4d6d-adf8-98af6e6d8542" daemon [_thread_blocked, id=13036, stack(0x0000006a13300000,0x0000006a13400000)]
  0x00000248f6509ba0 JavaThread "Bundle File Closer" daemon [_thread_blocked, id=6728, stack(0x0000006a11c00000,0x0000006a11d00000)]
  0x00000248f650b4f0 JavaThread "SCR Component Actor" daemon [_thread_blocked, id=7952, stack(0x0000006a13700000,0x0000006a13800000)]
  0x00000248f6509180 JavaThread "EMF Reference Cleaner" daemon [_thread_blocked, id=12460, stack(0x0000006a12d00000,0x0000006a12e00000)]
  0x00000248fb5ccd80 JavaThread "Gogo shell" [_thread_blocked, id=7620, stack(0x0000006a12b00000,0x0000006a12c00000)]
  0x00000248fb5c95d0 JavaThread "Worker-JM" [_thread_blocked, id=7452, stack(0x0000006a12c00000,0x0000006a12d00000)]
  0x00000248fb5cbe50 JavaThread "JNA Cleaner" daemon [_thread_blocked, id=11276, stack(0x0000006a12e00000,0x0000006a12f00000)]
  0x00000248fb5c9ff0 JavaThread "Worker-0: Load https://git.eclipse.org/c/usssdk/org.eclipse.usssdk.git/plain/org.eclipse.userstorage.releng/UserStorage.setup" [_thread_blocked, id=13580, stack(0x0000006a14000000,0x0000006a14100000)]
  0x00000248fb5c90c0 JavaThread "Worker-1: Repository loader for https://download.eclipse.org/oomph/products/repository" [_thread_blocked, id=13716, stack(0x0000006a14100000,0x0000006a14200000)]
  0x00000248fb5cdcb0 JavaThread "Simple Update Searcher" [_thread_blocked, id=13396, stack(0x0000006a13600000,0x0000006a13700000)]
  0x00000248fb5cc870 JavaThread "Thread-16" daemon [_thread_blocked, id=10964, stack(0x0000006a14300000,0x0000006a14400000)]
  0x00000248fb5cb940 JavaThread "Worker-2: Load https://raw.githubusercontent.com/eclipse/smarthome/master/targetplatform/EclipseSmartHome.setup" [_thread_blocked, id=2100, stack(0x0000006a14400000,0x0000006a14500000)]
  0x00000248fb5cf0f0 JavaThread "Worker-3: Load https://raw.githubusercontent.com/eclipse/nebula/master/oomph.setup" [_thread_blocked, id=6820, stack(0x0000006a14500000,0x0000006a14600000)]
  0x00000248fb5cc360 JavaThread "Worker-4: Load https://git.eclipse.org/c/tea/tea.git/plain/org.eclipse.tea.core_feature/TEA.setup" [_thread_blocked, id=11424, stack(0x0000006a14600000,0x0000006a14700000)]
  0x00000248fb5ce1c0 JavaThread "Worker-5" [_thread_blocked, id=14016, stack(0x0000006a13b00000,0x0000006a13c00000)]
  0x00000248fb5cd290 JavaThread "Worker-6: Load https://raw.githubusercontent.com/eclipse-m2e/m2e-core/master/setup/m2e.setup" [_thread_blocked, id=8072, stack(0x0000006a13c00000,0x0000006a13d00000)]
  0x00000248fb5d0a40 JavaThread "Worker-7: Load https://raw.githubusercontent.com/eclipse/Xpect/master/org.eclipse.xpect.releng/Xpect.setup" [_thread_blocked, id=10440, stack(0x0000006a14700000,0x0000006a14800000)]
  0x00000248fb5caf20 JavaThread "Worker-8: Load https://raw.githubusercontent.com/eclipse-platform/eclipse.platform.releng.aggregator/master/oomph/Platform.setup" [_thread_blocked, id=1840, stack(0x0000006a14800000,0x0000006a14900000)]
  0x00000248fb5ce6d0 JavaThread "Worker-9: Load https://raw.githubusercontent.com/eclipse/texlipse/master/EclipseTeXlipse.setup" [_thread_blocked, id=10272, stack(0x0000006a14900000,0x0000006a14a00000)]

Other Threads:
=>0x00000248f62d30d0 VMThread "VM Thread" [stack: 0x0000006a11400000,0x0000006a11500000] [id=9608]
  0x00000248f64a82e0 WatcherThread [stack: 0x0000006a12700000,0x0000006a12800000] [id=9320]
  0x00000248ddec9240 GCTaskThread "GC Thread#0" [stack: 0x0000006a11700000,0x0000006a11800000] [id=11576]
  0x00000248f6619860 GCTaskThread "GC Thread#1" [stack: 0x0000006a11d00000,0x0000006a11e00000] [id=12700]
  0x00000248f6d93010 GCTaskThread "GC Thread#2" [stack: 0x0000006a11e00000,0x0000006a11f00000] [id=12704]
  0x00000248f6d932d0 GCTaskThread "GC Thread#3" [stack: 0x0000006a12900000,0x0000006a12a00000] [id=12708]
  0x00000248ddedbf00 ConcurrentGCThread "G1 Main Marker" [stack: 0x0000006a11800000,0x0000006a11900000] [id=9596]
  0x00000248ddedc7c0 ConcurrentGCThread "G1 Conc#0" [stack: 0x0000006a11900000,0x0000006a11a00000] [id=9788]
  0x00000248ddf1dd50 ConcurrentGCThread "G1 Refine#0" [stack: 0x0000006a11a00000,0x0000006a11b00000] [id=2932]
  0x00000248f65086a0 ConcurrentGCThread "G1 Refine#1" [stack: 0x0000006a13400000,0x0000006a13500000] [id=3564]
  0x00000248f6aaa010 ConcurrentGCThread "G1 Refine#2" [stack: 0x0000006a13500000,0x0000006a13600000] [id=12424]
  0x00000248fb79f030 ConcurrentGCThread "G1 Refine#3" [stack: 0x0000006a12a00000,0x0000006a12b00000] [id=11592]
  0x00000248ddf1e620 ConcurrentGCThread "G1 Service" [stack: 0x0000006a11b00000,0x0000006a11c00000] [id=4024]

Threads with active compile tasks:
C2 CompilerThread0  1477200 7207       4       org.eclipse.emf.ecore.xmi.impl.XMLHandler::handleFeature (621 bytes)

VM state: at safepoint (normal execution)

VM Mutex/Monitor currently owned by a thread:  ([mutex/lock_event])
[0x00000248dde69ab0] Threads_lock - owner thread: 0x00000248f62d30d0
[0x00000248dde69d80] Heap_lock - owner thread: 0x00000248fb5cd290

Heap address: 0x0000000080000000, size: 2048 MB, Compressed Oops mode: 32-bit

CDS archive(s) not mapped
Compressed class space mapped at: 0x0000000100000000-0x0000000140000000, reserved size: 1073741824
Narrow klass base: 0x0000000000000000, Narrow klass shift: 3, Narrow klass range: 0x140000000

GC Precious Log:
 CPUs: 4 total, 4 available
 Memory: 3913M
 Large Page Support: Disabled
 NUMA Support: Disabled
 Compressed Oops: Enabled (32-bit)
 Heap Region Size: 1M
 Heap Min Capacity: 256M
 Heap Initial Capacity: 256M
 Heap Max Capacity: 2G
 Pre-touch: Disabled
 Parallel Workers: 4
 Concurrent Workers: 1
 Concurrent Refinement Workers: 4
 Periodic GC: Disabled

Heap:
 garbage-first heap   total 331776K, used 58367K [0x0000000080000000, 0x0000000100000000)
  region size 1024K, 1 young (1024K), 1 survivors (1024K)
 Metaspace       used 46787K, committed 48000K, reserved 1114112K
  class space    used 5497K, committed 6016K, reserved 1048576K

Heap Regions: E=young(eden), S=young(survivor), O=old, HS=humongous(starts), HC=humongous(continues), CS=collection set, F=free, OA=open archive, CA=closed archive, TAMS=top-at-mark-start (previous, next)
|   0|0x0000000080000000, 0x0000000080100000, 0x0000000080100000|100%| O|  |TAMS 0x0000000080100000, 0x0000000080100000| Untracked 
|   1|0x0000000080100000, 0x0000000080200000, 0x0000000080200000|100%| O|  |TAMS 0x0000000080200000, 0x0000000080200000| Untracked 
|   2|0x0000000080200000, 0x0000000080300000, 0x0000000080300000|100%| O|  |TAMS 0x0000000080300000, 0x0000000080300000| Untracked 
|   3|0x0000000080300000, 0x0000000080300000, 0x0000000080400000|  0%| F|  |TAMS 0x0000000080300000, 0x0000000080300000| Untracked 
|   4|0x0000000080400000, 0x0000000080500000, 0x0000000080500000|100%| O|  |TAMS 0x0000000080500000, 0x0000000080500000| Untracked 
|   5|0x0000000080500000, 0x0000000080600000, 0x0000000080600000|100%| O|  |TAMS 0x0000000080600000, 0x0000000080600000| Untracked 
|   6|0x0000000080600000, 0x0000000080700000, 0x0000000080700000|100%| O|  |TAMS 0x0000000080700000, 0x0000000080700000| Untracked 
|   7|0x0000000080700000, 0x0000000080800000, 0x0000000080800000|100%| O|  |TAMS 0x0000000080800000, 0x0000000080800000| Untracked 
|   8|0x0000000080800000, 0x0000000080900000, 0x0000000080900000|100%| O|  |TAMS 0x0000000080900000, 0x0000000080900000| Untracked 
|   9|0x0000000080900000, 0x0000000080900000, 0x0000000080a00000|  0%| F|  |TAMS 0x0000000080900000, 0x0000000080900000| Untracked 
|  10|0x0000000080a00000, 0x0000000080b00000, 0x0000000080b00000|100%| O|  |TAMS 0x0000000080b00000, 0x0000000080b00000| Untracked 
|  11|0x0000000080b00000, 0x0000000080c00000, 0x0000000080c00000|100%| O|  |TAMS 0x0000000080c00000, 0x0000000080c00000| Untracked 
|  12|0x0000000080c00000, 0x0000000080d00000, 0x0000000080d00000|100%| O|  |TAMS 0x0000000080d00000, 0x0000000080d00000| Untracked 
|  13|0x0000000080d00000, 0x0000000080d00000, 0x0000000080e00000|  0%| F|  |TAMS 0x0000000080d00000, 0x0000000080d00000| Untracked 
|  14|0x0000000080e00000, 0x0000000080f00000, 0x0000000080f00000|100%| O|  |TAMS 0x0000000080f00000, 0x0000000080f00000| Untracked 
|  15|0x0000000080f00000, 0x0000000081000000, 0x0000000081000000|100%| O|  |TAMS 0x0000000081000000, 0x0000000081000000| Untracked 
|  16|0x0000000081000000, 0x0000000081100000, 0x0000000081100000|100%| O|  |TAMS 0x0000000081100000, 0x0000000081100000| Untracked 
|  17|0x0000000081100000, 0x0000000081200000, 0x0000000081200000|100%| O|  |TAMS 0x0000000081200000, 0x0000000081200000| Untracked 
|  18|0x0000000081200000, 0x0000000081300000, 0x0000000081300000|100%| O|  |TAMS 0x0000000081300000, 0x0000000081300000| Untracked 
|  19|0x0000000081300000, 0x0000000081400000, 0x0000000081400000|100%| O|  |TAMS 0x0000000081400000, 0x0000000081400000| Untracked 
|  20|0x0000000081400000, 0x0000000081500000, 0x0000000081500000|100%|HS|  |TAMS 0x0000000081500000, 0x0000000081500000| Complete 
|  21|0x0000000081500000, 0x0000000081600000, 0x0000000081600000|100%| O|  |TAMS 0x0000000081600000, 0x0000000081600000| Untracked 
|  22|0x0000000081600000, 0x0000000081700000, 0x0000000081700000|100%| O|  |TAMS 0x0000000081700000, 0x0000000081700000| Untracked 
|  23|0x0000000081700000, 0x0000000081800000, 0x0000000081800000|100%| O|  |TAMS 0x0000000081800000, 0x0000000081800000| Untracked 
|  24|0x0000000081800000, 0x0000000081900000, 0x0000000081900000|100%| O|  |TAMS 0x0000000081900000, 0x0000000081900000| Untracked 
|  25|0x0000000081900000, 0x0000000081a00000, 0x0000000081a00000|100%| O|  |TAMS 0x0000000081a00000, 0x0000000081a00000| Untracked 
|  26|0x0000000081a00000, 0x0000000081b00000, 0x0000000081b00000|100%| O|  |TAMS 0x0000000081b00000, 0x0000000081b00000| Untracked 
|  27|0x0000000081b00000, 0x0000000081c00000, 0x0000000081c00000|100%| O|  |TAMS 0x0000000081c00000, 0x0000000081c00000| Untracked 
|  28|0x0000000081c00000, 0x0000000081d00000, 0x0000000081d00000|100%| O|  |TAMS 0x0000000081d00000, 0x0000000081d00000| Untracked 
|  29|0x0000000081d00000, 0x0000000081d00000, 0x0000000081e00000|  0%| F|  |TAMS 0x0000000081d00000, 0x0000000081d00000| Untracked 
|  30|0x0000000081e00000, 0x0000000081e00000, 0x0000000081f00000|  0%| F|  |TAMS 0x0000000081e00000, 0x0000000081e00000| Untracked 
|  31|0x0000000081f00000, 0x0000000081f00000, 0x0000000082000000|  0%| F|  |TAMS 0x0000000081f00000, 0x0000000081f00000| Untracked 
|  32|0x0000000082000000, 0x0000000082000000, 0x0000000082100000|  0%| F|  |TAMS 0x0000000082000000, 0x0000000082000000| Untracked 
|  33|0x0000000082100000, 0x0000000082100000, 0x0000000082200000|  0%| F|  |TAMS 0x0000000082100000, 0x0000000082100000| Untracked 
|  34|0x0000000082200000, 0x0000000082300000, 0x0000000082300000|100%|HS|  |TAMS 0x0000000082300000, 0x0000000082300000| Complete 
|  35|0x0000000082300000, 0x0000000082400000, 0x0000000082400000|100%|HC|  |TAMS 0x0000000082400000, 0x0000000082400000| Complete 
|  36|0x0000000082400000, 0x0000000082500000, 0x0000000082500000|100%| O|  |TAMS 0x0000000082500000, 0x0000000082500000| Untracked 
|  37|0x0000000082500000, 0x0000000082600000, 0x0000000082600000|100%|HS|  |TAMS 0x0000000082500000, 0x0000000082500000| Complete 
|  38|0x0000000082600000, 0x0000000082700000, 0x0000000082700000|100%|HC|  |TAMS 0x0000000082600000, 0x0000000082600000| Complete 
|  39|0x0000000082700000, 0x0000000082700000, 0x0000000082800000|  0%| F|  |TAMS 0x0000000082700000, 0x0000000082700000| Untracked 
|  40|0x0000000082800000, 0x0000000082800000, 0x0000000082900000|  0%| F|  |TAMS 0x0000000082800000, 0x0000000082800000| Untracked 
|  41|0x0000000082900000, 0x0000000082900000, 0x0000000082a00000|  0%| F|  |TAMS 0x0000000082900000, 0x0000000082900000| Untracked 
|  42|0x0000000082a00000, 0x0000000082a2be00, 0x0000000082b00000| 17%| O|  |TAMS 0x0000000082a00000, 0x0000000082a2be00| Untracked 
|  43|0x0000000082b00000, 0x0000000082c00000, 0x0000000082c00000|100%| O|  |TAMS 0x0000000082c00000, 0x0000000082c00000| Untracked 
|  44|0x0000000082c00000, 0x0000000082c00000, 0x0000000082d00000|  0%| F|  |TAMS 0x0000000082c00000, 0x0000000082c00000| Untracked 
|  45|0x0000000082d00000, 0x0000000082d00000, 0x0000000082e00000|  0%| F|  |TAMS 0x0000000082d00000, 0x0000000082d00000| Untracked 
|  46|0x0000000082e00000, 0x0000000082f00000, 0x0000000082f00000|100%| O|  |TAMS 0x0000000082f00000, 0x0000000082f00000| Untracked 
|  47|0x0000000082f00000, 0x0000000083000000, 0x0000000083000000|100%| O|  |TAMS 0x0000000083000000, 0x0000000083000000| Untracked 
|  48|0x0000000083000000, 0x0000000083000000, 0x0000000083100000|  0%| F|  |TAMS 0x0000000083000000, 0x0000000083000000| Untracked 
|  49|0x0000000083100000, 0x0000000083100000, 0x0000000083200000|  0%| F|  |TAMS 0x0000000083100000, 0x0000000083100000| Untracked 
|  50|0x0000000083200000, 0x0000000083300000, 0x0000000083300000|100%| O|  |TAMS 0x0000000083200000, 0x0000000083300000| Untracked 
|  51|0x0000000083300000, 0x0000000083400000, 0x0000000083400000|100%| O|  |TAMS 0x0000000083400000, 0x0000000083400000| Untracked 
|  52|0x0000000083400000, 0x0000000083500000, 0x0000000083500000|100%|HS|  |TAMS 0x0000000083500000, 0x0000000083500000| Complete 
|  53|0x0000000083500000, 0x0000000083600000, 0x0000000083600000|100%|HC|  |TAMS 0x0000000083600000, 0x0000000083600000| Complete 
|  54|0x0000000083600000, 0x0000000083700000, 0x0000000083700000|100%|HC|  |TAMS 0x0000000083700000, 0x0000000083700000| Complete 
|  55|0x0000000083700000, 0x0000000083800000, 0x0000000083800000|100%|HC|  |TAMS 0x0000000083800000, 0x0000000083800000| Complete 
|  56|0x0000000083800000, 0x0000000083900000, 0x0000000083900000|100%|HC|  |TAMS 0x0000000083900000, 0x0000000083900000| Complete 
|  57|0x0000000083900000, 0x0000000083a00000, 0x0000000083a00000|100%|HC|  |TAMS 0x0000000083a00000, 0x0000000083a00000| Complete 
|  58|0x0000000083a00000, 0x0000000083b00000, 0x0000000083b00000|100%|HC|  |TAMS 0x0000000083b00000, 0x0000000083b00000| Complete 
|  59|0x0000000083b00000, 0x0000000083c00000, 0x0000000083c00000|100%|HC|  |TAMS 0x0000000083c00000, 0x0000000083c00000| Complete 
|  60|0x0000000083c00000, 0x0000000083d00000, 0x0000000083d00000|100%|HC|  |TAMS 0x0000000083d00000, 0x0000000083d00000| Complete 
|  61|0x0000000083d00000, 0x0000000083d00000, 0x0000000083e00000|  0%| F|  |TAMS 0x0000000083d00000, 0x0000000083d00000| Untracked 
|  62|0x0000000083e00000, 0x0000000083e00000, 0x0000000083f00000|  0%| F|  |TAMS 0x0000000083e00000, 0x0000000083e00000| Untracked 
|  63|0x0000000083f00000, 0x0000000084000000, 0x0000000084000000|100%| O|  |TAMS 0x0000000084000000, 0x0000000084000000| Untracked 
|  64|0x0000000084000000, 0x0000000084000000, 0x0000000084100000|  0%| F|  |TAMS 0x0000000084000000, 0x0000000084000000| Untracked 
|  65|0x0000000084100000, 0x0000000084200000, 0x0000000084200000|100%| O|  |TAMS 0x0000000084100000, 0x0000000084200000| Untracked 
|  66|0x0000000084200000, 0x0000000084300000, 0x0000000084300000|100%| O|  |TAMS 0x0000000084200000, 0x0000000084300000| Untracked 
|  67|0x0000000084300000, 0x0000000084400000, 0x0000000084400000|100%| O|  |TAMS 0x0000000084300000, 0x0000000084400000| Untracked 
|  68|0x0000000084400000, 0x0000000084500000, 0x0000000084500000|100%|HS|  |TAMS 0x0000000084400000, 0x0000000084400000| Complete 
|  69|0x0000000084500000, 0x0000000084600000, 0x0000000084600000|100%|HC|  |TAMS 0x0000000084500000, 0x0000000084500000| Complete 
|  70|0x0000000084600000, 0x0000000084700000, 0x0000000084700000|100%|HC|  |TAMS 0x0000000084600000, 0x0000000084600000| Complete 
|  71|0x0000000084700000, 0x0000000084700000, 0x0000000084800000|  0%| F|  |TAMS 0x0000000084700000, 0x0000000084700000| Untracked 
|  72|0x0000000084800000, 0x0000000084800000, 0x0000000084900000|  0%| F|  |TAMS 0x0000000084800000, 0x0000000084800000| Untracked 
|  73|0x0000000084900000, 0x0000000084900000, 0x0000000084a00000|  0%| F|  |TAMS 0x0000000084900000, 0x0000000084900000| Untracked 
|  74|0x0000000084a00000, 0x0000000084a00000, 0x0000000084b00000|  0%| F|  |TAMS 0x0000000084a00000, 0x0000000084a00000| Untracked 
|  75|0x0000000084b00000, 0x0000000084b00000, 0x0000000084c00000|  0%| F|  |TAMS 0x0000000084b00000, 0x0000000084b00000| Untracked 
|  76|0x0000000084c00000, 0x0000000084c00000, 0x0000000084d00000|  0%| F|  |TAMS 0x0000000084c00000, 0x0000000084c00000| Untracked 
|  77|0x0000000084d00000, 0x0000000084d00000, 0x0000000084e00000|  0%| F|  |TAMS 0x0000000084d00000, 0x0000000084d00000| Untracked 
|  78|0x0000000084e00000, 0x0000000084e00000, 0x0000000084f00000|  0%| F|  |TAMS 0x0000000084e00000, 0x0000000084e00000| Untracked 
|  79|0x0000000084f00000, 0x0000000084f00000, 0x0000000085000000|  0%| F|  |TAMS 0x0000000084f00000, 0x0000000084f00000| Untracked 
|  80|0x0000000085000000, 0x0000000085100000, 0x0000000085100000|100%|HS|  |TAMS 0x0000000085000000, 0x0000000085100000| Complete 
|  81|0x0000000085100000, 0x0000000085200000, 0x0000000085200000|100%|HC|  |TAMS 0x0000000085100000, 0x0000000085200000| Complete 
|  82|0x0000000085200000, 0x0000000085200000, 0x0000000085300000|  0%| F|  |TAMS 0x0000000085200000, 0x0000000085200000| Untracked 
|  83|0x0000000085300000, 0x0000000085300000, 0x0000000085400000|  0%| F|  |TAMS 0x0000000085300000, 0x0000000085300000| Untracked 
|  84|0x0000000085400000, 0x0000000085400000, 0x0000000085500000|  0%| F|  |TAMS 0x0000000085400000, 0x0000000085400000| Untracked 
|  85|0x0000000085500000, 0x0000000085500000, 0x0000000085600000|  0%| F|  |TAMS 0x0000000085500000, 0x0000000085500000| Untracked 
|  86|0x0000000085600000, 0x0000000085600000, 0x0000000085700000|  0%| F|  |TAMS 0x0000000085600000, 0x0000000085600000| Untracked 
|  87|0x0000000085700000, 0x0000000085700000, 0x0000000085800000|  0%| F|  |TAMS 0x0000000085700000, 0x0000000085700000| Untracked 
|  88|0x0000000085800000, 0x0000000085800000, 0x0000000085900000|  0%| F|  |TAMS 0x0000000085800000, 0x0000000085800000| Untracked 
|  89|0x0000000085900000, 0x0000000085900000, 0x0000000085a00000|  0%| F|  |TAMS 0x0000000085900000, 0x0000000085900000| Untracked 
|  90|0x0000000085a00000, 0x0000000085a00000, 0x0000000085b00000|  0%| F|  |TAMS 0x0000000085a00000, 0x0000000085a00000| Untracked 
|  91|0x0000000085b00000, 0x0000000085b00000, 0x0000000085c00000|  0%| F|  |TAMS 0x0000000085b00000, 0x0000000085b00000| Untracked 
|  92|0x0000000085c00000, 0x0000000085c00000, 0x0000000085d00000|  0%| F|  |TAMS 0x0000000085c00000, 0x0000000085c00000| Untracked 
|  93|0x0000000085d00000, 0x0000000085d00000, 0x0000000085e00000|  0%| F|  |TAMS 0x0000000085d00000, 0x0000000085d00000| Untracked 
|  94|0x0000000085e00000, 0x0000000085e00000, 0x0000000085f00000|  0%| F|  |TAMS 0x0000000085e00000, 0x0000000085e00000| Untracked 
|  95|0x0000000085f00000, 0x0000000085f00000, 0x0000000086000000|  0%| F|  |TAMS 0x0000000085f00000, 0x0000000085f00000| Untracked 
|  96|0x0000000086000000, 0x0000000086000000, 0x0000000086100000|  0%| F|  |TAMS 0x0000000086000000, 0x0000000086000000| Untracked 
|  97|0x0000000086100000, 0x0000000086100000, 0x0000000086200000|  0%| F|  |TAMS 0x0000000086100000, 0x0000000086100000| Untracked 
|  98|0x0000000086200000, 0x0000000086200000, 0x0000000086300000|  0%| F|  |TAMS 0x0000000086200000, 0x0000000086200000| Untracked 
|  99|0x0000000086300000, 0x0000000086300000, 0x0000000086400000|  0%| F|  |TAMS 0x0000000086300000, 0x0000000086300000| Untracked 
| 100|0x0000000086400000, 0x0000000086400000, 0x0000000086500000|  0%| F|  |TAMS 0x0000000086400000, 0x0000000086400000| Untracked 
| 101|0x0000000086500000, 0x0000000086500000, 0x0000000086600000|  0%| F|  |TAMS 0x0000000086500000, 0x0000000086500000| Untracked 
| 102|0x0000000086600000, 0x0000000086600000, 0x0000000086700000|  0%| F|  |TAMS 0x0000000086600000, 0x0000000086600000| Untracked 
| 103|0x0000000086700000, 0x0000000086700000, 0x0000000086800000|  0%| F|  |TAMS 0x0000000086700000, 0x0000000086700000| Untracked 
| 104|0x0000000086800000, 0x0000000086800000, 0x0000000086900000|  0%| F|  |TAMS 0x0000000086800000, 0x0000000086800000| Untracked 
| 105|0x0000000086900000, 0x0000000086900000, 0x0000000086a00000|  0%| F|  |TAMS 0x0000000086900000, 0x0000000086900000| Untracked 
| 106|0x0000000086a00000, 0x0000000086a00000, 0x0000000086b00000|  0%| F|  |TAMS 0x0000000086a00000, 0x0000000086a00000| Untracked 
| 107|0x0000000086b00000, 0x0000000086b00000, 0x0000000086c00000|  0%| F|  |TAMS 0x0000000086b00000, 0x0000000086b00000| Untracked 
| 108|0x0000000086c00000, 0x0000000086c00000, 0x0000000086d00000|  0%| F|  |TAMS 0x0000000086c00000, 0x0000000086c00000| Untracked 
| 109|0x0000000086d00000, 0x0000000086d00000, 0x0000000086e00000|  0%| F|  |TAMS 0x0000000086d00000, 0x0000000086d00000| Untracked 
| 110|0x0000000086e00000, 0x0000000086e00000, 0x0000000086f00000|  0%| F|  |TAMS 0x0000000086e00000, 0x0000000086e00000| Untracked 
| 111|0x0000000086f00000, 0x0000000086f00000, 0x0000000087000000|  0%| F|  |TAMS 0x0000000086f00000, 0x0000000086f00000| Untracked 
| 112|0x0000000087000000, 0x0000000087000000, 0x0000000087100000|  0%| F|  |TAMS 0x0000000087000000, 0x0000000087000000| Untracked 
| 113|0x0000000087100000, 0x0000000087100000, 0x0000000087200000|  0%| F|  |TAMS 0x0000000087100000, 0x0000000087100000| Untracked 
| 114|0x0000000087200000, 0x0000000087200000, 0x0000000087300000|  0%| F|  |TAMS 0x0000000087200000, 0x0000000087200000| Untracked 
| 115|0x0000000087300000, 0x0000000087300000, 0x0000000087400000|  0%| F|  |TAMS 0x0000000087300000, 0x0000000087300000| Untracked 
| 116|0x0000000087400000, 0x0000000087400000, 0x0000000087500000|  0%| F|  |TAMS 0x0000000087400000, 0x0000000087400000| Untracked 
| 117|0x0000000087500000, 0x0000000087500000, 0x0000000087600000|  0%| F|  |TAMS 0x0000000087500000, 0x0000000087500000| Untracked 
| 118|0x0000000087600000, 0x0000000087600000, 0x0000000087700000|  0%| F|  |TAMS 0x0000000087600000, 0x0000000087600000| Untracked 
| 119|0x0000000087700000, 0x0000000087700000, 0x0000000087800000|  0%| F|  |TAMS 0x0000000087700000, 0x0000000087700000| Untracked 
| 120|0x0000000087800000, 0x0000000087800000, 0x0000000087900000|  0%| F|  |TAMS 0x0000000087800000, 0x0000000087800000| Untracked 
| 121|0x0000000087900000, 0x0000000087900000, 0x0000000087a00000|  0%| F|  |TAMS 0x0000000087900000, 0x0000000087900000| Untracked 
| 122|0x0000000087a00000, 0x0000000087a00000, 0x0000000087b00000|  0%| F|  |TAMS 0x0000000087a00000, 0x0000000087a00000| Untracked 
| 123|0x0000000087b00000, 0x0000000087b00000, 0x0000000087c00000|  0%| F|  |TAMS 0x0000000087b00000, 0x0000000087b00000| Untracked 
| 124|0x0000000087c00000, 0x0000000087c00000, 0x0000000087d00000|  0%| F|  |TAMS 0x0000000087c00000, 0x0000000087c00000| Untracked 
| 125|0x0000000087d00000, 0x0000000087d00000, 0x0000000087e00000|  0%| F|  |TAMS 0x0000000087d00000, 0x0000000087d00000| Untracked 
| 126|0x0000000087e00000, 0x0000000087e00000, 0x0000000087f00000|  0%| F|  |TAMS 0x0000000087e00000, 0x0000000087e00000| Untracked 
| 127|0x0000000087f00000, 0x0000000087f00000, 0x0000000088000000|  0%| F|  |TAMS 0x0000000087f00000, 0x0000000087f00000| Untracked 
| 128|0x0000000088000000, 0x0000000088000000, 0x0000000088100000|  0%| F|  |TAMS 0x0000000088000000, 0x0000000088000000| Untracked 
| 129|0x0000000088100000, 0x0000000088100000, 0x0000000088200000|  0%| F|  |TAMS 0x0000000088100000, 0x0000000088100000| Untracked 
| 130|0x0000000088200000, 0x0000000088200000, 0x0000000088300000|  0%| F|  |TAMS 0x0000000088200000, 0x0000000088200000| Untracked 
| 131|0x0000000088300000, 0x0000000088300000, 0x0000000088400000|  0%| F|  |TAMS 0x0000000088300000, 0x0000000088300000| Untracked 
| 132|0x0000000088400000, 0x0000000088400000, 0x0000000088500000|  0%| F|  |TAMS 0x0000000088400000, 0x0000000088400000| Untracked 
| 133|0x0000000088500000, 0x0000000088500000, 0x0000000088600000|  0%| F|  |TAMS 0x0000000088500000, 0x0000000088500000| Untracked 
| 134|0x0000000088600000, 0x0000000088600000, 0x0000000088700000|  0%| F|  |TAMS 0x0000000088600000, 0x0000000088600000| Untracked 
| 135|0x0000000088700000, 0x0000000088700000, 0x0000000088800000|  0%| F|  |TAMS 0x0000000088700000, 0x0000000088700000| Untracked 
| 136|0x0000000088800000, 0x0000000088800000, 0x0000000088900000|  0%| F|  |TAMS 0x0000000088800000, 0x0000000088800000| Untracked 
| 137|0x0000000088900000, 0x0000000088900000, 0x0000000088a00000|  0%| F|  |TAMS 0x0000000088900000, 0x0000000088900000| Untracked 
| 138|0x0000000088a00000, 0x0000000088a00000, 0x0000000088b00000|  0%| F|  |TAMS 0x0000000088a00000, 0x0000000088a00000| Untracked 
| 139|0x0000000088b00000, 0x0000000088b00000, 0x0000000088c00000|  0%| F|  |TAMS 0x0000000088b00000, 0x0000000088b00000| Untracked 
| 140|0x0000000088c00000, 0x0000000088c00000, 0x0000000088d00000|  0%| F|  |TAMS 0x0000000088c00000, 0x0000000088c00000| Untracked 
| 141|0x0000000088d00000, 0x0000000088d00000, 0x0000000088e00000|  0%| F|  |TAMS 0x0000000088d00000, 0x0000000088d00000| Untracked 
| 142|0x0000000088e00000, 0x0000000088e00000, 0x0000000088f00000|  0%| F|  |TAMS 0x0000000088e00000, 0x0000000088e00000| Untracked 
| 143|0x0000000088f00000, 0x0000000088f00000, 0x0000000089000000|  0%| F|  |TAMS 0x0000000088f00000, 0x0000000088f00000| Untracked 
| 144|0x0000000089000000, 0x0000000089000000, 0x0000000089100000|  0%| F|  |TAMS 0x0000000089000000, 0x0000000089000000| Untracked 
| 145|0x0000000089100000, 0x0000000089100000, 0x0000000089200000|  0%| F|  |TAMS 0x0000000089100000, 0x0000000089100000| Untracked 
| 146|0x0000000089200000, 0x0000000089200000, 0x0000000089300000|  0%| F|  |TAMS 0x0000000089200000, 0x0000000089200000| Untracked 
| 147|0x0000000089300000, 0x0000000089300000, 0x0000000089400000|  0%| F|  |TAMS 0x0000000089300000, 0x0000000089300000| Untracked 
| 148|0x0000000089400000, 0x0000000089400000, 0x0000000089500000|  0%| F|  |TAMS 0x0000000089400000, 0x0000000089400000| Untracked 
| 149|0x0000000089500000, 0x0000000089500000, 0x0000000089600000|  0%| F|  |TAMS 0x0000000089500000, 0x0000000089500000| Untracked 
| 150|0x0000000089600000, 0x0000000089600000, 0x0000000089700000|  0%| F|  |TAMS 0x0000000089600000, 0x0000000089600000| Untracked 
| 151|0x0000000089700000, 0x0000000089700000, 0x0000000089800000|  0%| F|  |TAMS 0x0000000089700000, 0x0000000089700000| Untracked 
| 152|0x0000000089800000, 0x0000000089800000, 0x0000000089900000|  0%| F|  |TAMS 0x0000000089800000, 0x0000000089800000| Untracked 
| 153|0x0000000089900000, 0x0000000089900000, 0x0000000089a00000|  0%| F|  |TAMS 0x0000000089900000, 0x0000000089900000| Untracked 
| 154|0x0000000089a00000, 0x0000000089a00000, 0x0000000089b00000|  0%| F|  |TAMS 0x0000000089a00000, 0x0000000089a00000| Untracked 
| 155|0x0000000089b00000, 0x0000000089c00000, 0x0000000089c00000|100%|HS|  |TAMS 0x0000000089b00000, 0x0000000089c00000| Complete 
| 156|0x0000000089c00000, 0x0000000089d00000, 0x0000000089d00000|100%|HC|  |TAMS 0x0000000089c00000, 0x0000000089d00000| Complete 
| 157|0x0000000089d00000, 0x0000000089d00000, 0x0000000089e00000|  0%| F|  |TAMS 0x0000000089d00000, 0x0000000089d00000| Untracked 
| 158|0x0000000089e00000, 0x0000000089e00000, 0x0000000089f00000|  0%| F|  |TAMS 0x0000000089e00000, 0x0000000089e00000| Untracked 
| 159|0x0000000089f00000, 0x0000000089f00000, 0x000000008a000000|  0%| F|  |TAMS 0x0000000089f00000, 0x0000000089f00000| Untracked 
| 160|0x000000008a000000, 0x000000008a000000, 0x000000008a100000|  0%| F|  |TAMS 0x000000008a000000, 0x000000008a000000| Untracked 
| 161|0x000000008a100000, 0x000000008a100000, 0x000000008a200000|  0%| F|  |TAMS 0x000000008a100000, 0x000000008a100000| Untracked 
| 162|0x000000008a200000, 0x000000008a200000, 0x000000008a300000|  0%| F|  |TAMS 0x000000008a200000, 0x000000008a200000| Untracked 
| 163|0x000000008a300000, 0x000000008a300000, 0x000000008a400000|  0%| F|  |TAMS 0x000000008a300000, 0x000000008a300000| Untracked 
| 164|0x000000008a400000, 0x000000008a400000, 0x000000008a500000|  0%| F|  |TAMS 0x000000008a400000, 0x000000008a400000| Untracked 
| 165|0x000000008a500000, 0x000000008a500000, 0x000000008a600000|  0%| F|  |TAMS 0x000000008a500000, 0x000000008a500000| Untracked 
| 166|0x000000008a600000, 0x000000008a600000, 0x000000008a700000|  0%| F|  |TAMS 0x000000008a600000, 0x000000008a600000| Untracked 
| 167|0x000000008a700000, 0x000000008a700000, 0x000000008a800000|  0%| F|  |TAMS 0x000000008a700000, 0x000000008a700000| Untracked 
| 168|0x000000008a800000, 0x000000008a800000, 0x000000008a900000|  0%| F|  |TAMS 0x000000008a800000, 0x000000008a800000| Untracked 
| 169|0x000000008a900000, 0x000000008a900000, 0x000000008aa00000|  0%| F|  |TAMS 0x000000008a900000, 0x000000008a900000| Untracked 
| 170|0x000000008aa00000, 0x000000008aa00000, 0x000000008ab00000|  0%| F|  |TAMS 0x000000008aa00000, 0x000000008aa00000| Untracked 
| 171|0x000000008ab00000, 0x000000008ab00000, 0x000000008ac00000|  0%| F|  |TAMS 0x000000008ab00000, 0x000000008ab00000| Untracked 
| 172|0x000000008ac00000, 0x000000008ac00000, 0x000000008ad00000|  0%| F|  |TAMS 0x000000008ac00000, 0x000000008ac00000| Untracked 
| 173|0x000000008ad00000, 0x000000008ad00000, 0x000000008ae00000|  0%| F|  |TAMS 0x000000008ad00000, 0x000000008ad00000| Untracked 
| 174|0x000000008ae00000, 0x000000008ae00000, 0x000000008af00000|  0%| F|  |TAMS 0x000000008ae00000, 0x000000008ae00000| Untracked 
| 175|0x000000008af00000, 0x000000008af00000, 0x000000008b000000|  0%| F|  |TAMS 0x000000008af00000, 0x000000008af00000| Untracked 
| 176|0x000000008b000000, 0x000000008b000000, 0x000000008b100000|  0%| F|  |TAMS 0x000000008b000000, 0x000000008b000000| Untracked 
| 177|0x000000008b100000, 0x000000008b100000, 0x000000008b200000|  0%| F|  |TAMS 0x000000008b100000, 0x000000008b100000| Untracked 
| 178|0x000000008b200000, 0x000000008b200000, 0x000000008b300000|  0%| F|  |TAMS 0x000000008b200000, 0x000000008b200000| Untracked 
| 179|0x000000008b300000, 0x000000008b300000, 0x000000008b400000|  0%| F|  |TAMS 0x000000008b300000, 0x000000008b300000| Untracked 
| 180|0x000000008b400000, 0x000000008b400000, 0x000000008b500000|  0%| F|  |TAMS 0x000000008b400000, 0x000000008b400000| Untracked 
| 181|0x000000008b500000, 0x000000008b500000, 0x000000008b600000|  0%| F|  |TAMS 0x000000008b500000, 0x000000008b500000| Untracked 
| 182|0x000000008b600000, 0x000000008b600000, 0x000000008b700000|  0%| F|  |TAMS 0x000000008b600000, 0x000000008b600000| Untracked 
| 183|0x000000008b700000, 0x000000008b700000, 0x000000008b800000|  0%| F|  |TAMS 0x000000008b700000, 0x000000008b700000| Untracked 
| 184|0x000000008b800000, 0x000000008b800000, 0x000000008b900000|  0%| F|  |TAMS 0x000000008b800000, 0x000000008b800000| Untracked 
| 185|0x000000008b900000, 0x000000008b900000, 0x000000008ba00000|  0%| F|  |TAMS 0x000000008b900000, 0x000000008b900000| Untracked 
| 186|0x000000008ba00000, 0x000000008ba00000, 0x000000008bb00000|  0%| F|  |TAMS 0x000000008ba00000, 0x000000008ba00000| Untracked 
| 187|0x000000008bb00000, 0x000000008bb00000, 0x000000008bc00000|  0%| F|  |TAMS 0x000000008bb00000, 0x000000008bb00000| Untracked 
| 188|0x000000008bc00000, 0x000000008bc00000, 0x000000008bd00000|  0%| F|  |TAMS 0x000000008bc00000, 0x000000008bc00000| Untracked 
| 189|0x000000008bd00000, 0x000000008bd00000, 0x000000008be00000|  0%| F|  |TAMS 0x000000008bd00000, 0x000000008bd00000| Untracked 
| 190|0x000000008be00000, 0x000000008be00000, 0x000000008bf00000|  0%| F|  |TAMS 0x000000008be00000, 0x000000008be00000| Untracked 
| 191|0x000000008bf00000, 0x000000008bf00000, 0x000000008c000000|  0%| F|  |TAMS 0x000000008bf00000, 0x000000008bf00000| Untracked 
| 192|0x000000008c000000, 0x000000008c000000, 0x000000008c100000|  0%| F|  |TAMS 0x000000008c000000, 0x000000008c000000| Untracked 
| 193|0x000000008c100000, 0x000000008c100000, 0x000000008c200000|  0%| F|  |TAMS 0x000000008c100000, 0x000000008c100000| Untracked 
| 194|0x000000008c200000, 0x000000008c200000, 0x000000008c300000|  0%| F|  |TAMS 0x000000008c200000, 0x000000008c200000| Untracked 
| 195|0x000000008c300000, 0x000000008c300000, 0x000000008c400000|  0%| F|  |TAMS 0x000000008c300000, 0x000000008c300000| Untracked 
| 196|0x000000008c400000, 0x000000008c400000, 0x000000008c500000|  0%| F|  |TAMS 0x000000008c400000, 0x000000008c400000| Untracked 
| 197|0x000000008c500000, 0x000000008c500000, 0x000000008c600000|  0%| F|  |TAMS 0x000000008c500000, 0x000000008c500000| Untracked 
| 198|0x000000008c600000, 0x000000008c600000, 0x000000008c700000|  0%| F|  |TAMS 0x000000008c600000, 0x000000008c600000| Untracked 
| 199|0x000000008c700000, 0x000000008c700000, 0x000000008c800000|  0%| F|  |TAMS 0x000000008c700000, 0x000000008c700000| Untracked 
| 200|0x000000008c800000, 0x000000008c800000, 0x000000008c900000|  0%| F|  |TAMS 0x000000008c800000, 0x000000008c800000| Untracked 
| 201|0x000000008c900000, 0x000000008c900000, 0x000000008ca00000|  0%| F|  |TAMS 0x000000008c900000, 0x000000008c900000| Untracked 
| 202|0x000000008ca00000, 0x000000008ca00000, 0x000000008cb00000|  0%| F|  |TAMS 0x000000008ca00000, 0x000000008ca00000| Untracked 
| 203|0x000000008cb00000, 0x000000008cb00000, 0x000000008cc00000|  0%| F|  |TAMS 0x000000008cb00000, 0x000000008cb00000| Untracked 
| 204|0x000000008cc00000, 0x000000008cc00000, 0x000000008cd00000|  0%| F|  |TAMS 0x000000008cc00000, 0x000000008cc00000| Untracked 
| 205|0x000000008cd00000, 0x000000008cd00000, 0x000000008ce00000|  0%| F|  |TAMS 0x000000008cd00000, 0x000000008cd00000| Untracked 
| 206|0x000000008ce00000, 0x000000008ce00000, 0x000000008cf00000|  0%| F|  |TAMS 0x000000008ce00000, 0x000000008ce00000| Untracked 
| 207|0x000000008cf00000, 0x000000008cf00000, 0x000000008d000000|  0%| F|  |TAMS 0x000000008cf00000, 0x000000008cf00000| Untracked 
| 208|0x000000008d000000, 0x000000008d000000, 0x000000008d100000|  0%| F|  |TAMS 0x000000008d000000, 0x000000008d000000| Untracked 
| 209|0x000000008d100000, 0x000000008d100000, 0x000000008d200000|  0%| F|  |TAMS 0x000000008d100000, 0x000000008d100000| Untracked 
| 210|0x000000008d200000, 0x000000008d200000, 0x000000008d300000|  0%| F|  |TAMS 0x000000008d200000, 0x000000008d200000| Untracked 
| 211|0x000000008d300000, 0x000000008d300000, 0x000000008d400000|  0%| F|  |TAMS 0x000000008d300000, 0x000000008d300000| Untracked 
| 212|0x000000008d400000, 0x000000008d400000, 0x000000008d500000|  0%| F|  |TAMS 0x000000008d400000, 0x000000008d400000| Untracked 
| 213|0x000000008d500000, 0x000000008d500000, 0x000000008d600000|  0%| F|  |TAMS 0x000000008d500000, 0x000000008d500000| Untracked 
| 214|0x000000008d600000, 0x000000008d600000, 0x000000008d700000|  0%| F|  |TAMS 0x000000008d600000, 0x000000008d600000| Untracked 
| 215|0x000000008d700000, 0x000000008d700000, 0x000000008d800000|  0%| F|  |TAMS 0x000000008d700000, 0x000000008d700000| Untracked 
| 216|0x000000008d800000, 0x000000008d800000, 0x000000008d900000|  0%| F|  |TAMS 0x000000008d800000, 0x000000008d800000| Untracked 
| 217|0x000000008d900000, 0x000000008d900000, 0x000000008da00000|  0%| F|  |TAMS 0x000000008d900000, 0x000000008d900000| Untracked 
| 218|0x000000008da00000, 0x000000008da00000, 0x000000008db00000|  0%| F|  |TAMS 0x000000008da00000, 0x000000008da00000| Untracked 
| 219|0x000000008db00000, 0x000000008db00000, 0x000000008dc00000|  0%| F|  |TAMS 0x000000008db00000, 0x000000008db00000| Untracked 
| 220|0x000000008dc00000, 0x000000008dc00000, 0x000000008dd00000|  0%| F|  |TAMS 0x000000008dc00000, 0x000000008dc00000| Untracked 
| 221|0x000000008dd00000, 0x000000008dd00000, 0x000000008de00000|  0%| F|  |TAMS 0x000000008dd00000, 0x000000008dd00000| Untracked 
| 222|0x000000008de00000, 0x000000008de00000, 0x000000008df00000|  0%| F|  |TAMS 0x000000008de00000, 0x000000008de00000| Untracked 
| 223|0x000000008df00000, 0x000000008df00000, 0x000000008e000000|  0%| F|  |TAMS 0x000000008df00000, 0x000000008df00000| Untracked 
| 224|0x000000008e000000, 0x000000008e000000, 0x000000008e100000|  0%| F|  |TAMS 0x000000008e000000, 0x000000008e000000| Untracked 
| 225|0x000000008e100000, 0x000000008e100000, 0x000000008e200000|  0%| F|  |TAMS 0x000000008e100000, 0x000000008e100000| Untracked 
| 226|0x000000008e200000, 0x000000008e200000, 0x000000008e300000|  0%| F|  |TAMS 0x000000008e200000, 0x000000008e200000| Untracked 
| 227|0x000000008e300000, 0x000000008e300000, 0x000000008e400000|  0%| F|  |TAMS 0x000000008e300000, 0x000000008e300000| Untracked 
| 228|0x000000008e400000, 0x000000008e400000, 0x000000008e500000|  0%| F|  |TAMS 0x000000008e400000, 0x000000008e400000| Untracked 
| 229|0x000000008e500000, 0x000000008e500000, 0x000000008e600000|  0%| F|  |TAMS 0x000000008e500000, 0x000000008e500000| Untracked 
| 230|0x000000008e600000, 0x000000008e600000, 0x000000008e700000|  0%| F|  |TAMS 0x000000008e600000, 0x000000008e600000| Untracked 
| 231|0x000000008e700000, 0x000000008e700000, 0x000000008e800000|  0%| F|  |TAMS 0x000000008e700000, 0x000000008e700000| Untracked 
| 232|0x000000008e800000, 0x000000008e800000, 0x000000008e900000|  0%| F|  |TAMS 0x000000008e800000, 0x000000008e800000| Untracked 
| 233|0x000000008e900000, 0x000000008e900000, 0x000000008ea00000|  0%| F|  |TAMS 0x000000008e900000, 0x000000008e900000| Untracked 
| 234|0x000000008ea00000, 0x000000008ea00000, 0x000000008eb00000|  0%| F|  |TAMS 0x000000008ea00000, 0x000000008ea00000| Untracked 
| 235|0x000000008eb00000, 0x000000008eb00000, 0x000000008ec00000|  0%| F|  |TAMS 0x000000008eb00000, 0x000000008eb00000| Untracked 
| 236|0x000000008ec00000, 0x000000008ec00000, 0x000000008ed00000|  0%| F|  |TAMS 0x000000008ec00000, 0x000000008ec00000| Untracked 
| 237|0x000000008ed00000, 0x000000008ed00000, 0x000000008ee00000|  0%| F|  |TAMS 0x000000008ed00000, 0x000000008ed00000| Untracked 
| 238|0x000000008ee00000, 0x000000008ee00000, 0x000000008ef00000|  0%| F|  |TAMS 0x000000008ee00000, 0x000000008ee00000| Untracked 
| 239|0x000000008ef00000, 0x000000008ef00000, 0x000000008f000000|  0%| F|  |TAMS 0x000000008ef00000, 0x000000008ef00000| Untracked 
| 240|0x000000008f000000, 0x000000008f000000, 0x000000008f100000|  0%| F|  |TAMS 0x000000008f000000, 0x000000008f000000| Untracked 
| 241|0x000000008f100000, 0x000000008f100000, 0x000000008f200000|  0%| F|  |TAMS 0x000000008f100000, 0x000000008f100000| Untracked 
| 242|0x000000008f200000, 0x000000008f200000, 0x000000008f300000|  0%| F|  |TAMS 0x000000008f200000, 0x000000008f200000| Untracked 
| 243|0x000000008f300000, 0x000000008f300000, 0x000000008f400000|  0%| F|  |TAMS 0x000000008f300000, 0x000000008f300000| Untracked 
| 244|0x000000008f400000, 0x000000008f400000, 0x000000008f500000|  0%| F|  |TAMS 0x000000008f400000, 0x000000008f400000| Untracked 
| 245|0x000000008f500000, 0x000000008f500000, 0x000000008f600000|  0%| F|  |TAMS 0x000000008f500000, 0x000000008f500000| Untracked 
| 246|0x000000008f600000, 0x000000008f600000, 0x000000008f700000|  0%| F|  |TAMS 0x000000008f600000, 0x000000008f600000| Untracked 
| 247|0x000000008f700000, 0x000000008f700000, 0x000000008f800000|  0%| F|  |TAMS 0x000000008f700000, 0x000000008f700000| Untracked 
| 248|0x000000008f800000, 0x000000008f800000, 0x000000008f900000|  0%| F|  |TAMS 0x000000008f800000, 0x000000008f800000| Untracked 
| 249|0x000000008f900000, 0x000000008f900000, 0x000000008fa00000|  0%| F|  |TAMS 0x000000008f900000, 0x000000008f900000| Untracked 
| 250|0x000000008fa00000, 0x000000008fa00000, 0x000000008fb00000|  0%| F|  |TAMS 0x000000008fa00000, 0x000000008fa00000| Untracked 
| 251|0x000000008fb00000, 0x000000008fb00000, 0x000000008fc00000|  0%| F|  |TAMS 0x000000008fb00000, 0x000000008fb00000| Untracked 
| 252|0x000000008fc00000, 0x000000008fc00000, 0x000000008fd00000|  0%| F|  |TAMS 0x000000008fc00000, 0x000000008fc00000| Untracked 
| 253|0x000000008fd00000, 0x000000008fd00000, 0x000000008fe00000|  0%| F|  |TAMS 0x000000008fd00000, 0x000000008fd00000| Untracked 
| 254|0x000000008fe00000, 0x000000008fe00000, 0x000000008ff00000|  0%| F|  |TAMS 0x000000008fe00000, 0x000000008fe00000| Untracked 
| 255|0x000000008ff00000, 0x000000008ff00000, 0x0000000090000000|  0%| F|  |TAMS 0x000000008ff00000, 0x000000008ff00000| Untracked 
| 256|0x0000000090000000, 0x0000000090000000, 0x0000000090100000|  0%| F|  |TAMS 0x0000000090000000, 0x0000000090000000| Untracked 
| 257|0x0000000090100000, 0x0000000090100000, 0x0000000090200000|  0%| F|  |TAMS 0x0000000090100000, 0x0000000090100000| Untracked 
| 258|0x0000000090200000, 0x0000000090200000, 0x0000000090300000|  0%| F|  |TAMS 0x0000000090200000, 0x0000000090200000| Untracked 
| 259|0x0000000090300000, 0x0000000090300000, 0x0000000090400000|  0%| F|  |TAMS 0x0000000090300000, 0x0000000090300000| Untracked 
| 260|0x0000000090400000, 0x0000000090400000, 0x0000000090500000|  0%| F|  |TAMS 0x0000000090400000, 0x0000000090400000| Untracked 
| 261|0x0000000090500000, 0x0000000090500000, 0x0000000090600000|  0%| F|  |TAMS 0x0000000090500000, 0x0000000090500000| Untracked 
| 262|0x0000000090600000, 0x0000000090600000, 0x0000000090700000|  0%| F|  |TAMS 0x0000000090600000, 0x0000000090600000| Untracked 
| 263|0x0000000090700000, 0x0000000090700000, 0x0000000090800000|  0%| F|  |TAMS 0x0000000090700000, 0x0000000090700000| Untracked 
| 264|0x0000000090800000, 0x0000000090800000, 0x0000000090900000|  0%| F|  |TAMS 0x0000000090800000, 0x0000000090800000| Untracked 
| 265|0x0000000090900000, 0x0000000090900000, 0x0000000090a00000|  0%| F|  |TAMS 0x0000000090900000, 0x0000000090900000| Untracked 
| 266|0x0000000090a00000, 0x0000000090a00000, 0x0000000090b00000|  0%| F|  |TAMS 0x0000000090a00000, 0x0000000090a00000| Untracked 
| 267|0x0000000090b00000, 0x0000000090b00000, 0x0000000090c00000|  0%| F|  |TAMS 0x0000000090b00000, 0x0000000090b00000| Untracked 
| 268|0x0000000090c00000, 0x0000000090c00000, 0x0000000090d00000|  0%| F|  |TAMS 0x0000000090c00000, 0x0000000090c00000| Untracked 
| 269|0x0000000090d00000, 0x0000000090d00000, 0x0000000090e00000|  0%| F|  |TAMS 0x0000000090d00000, 0x0000000090d00000| Untracked 
| 270|0x0000000090e00000, 0x0000000090e00000, 0x0000000090f00000|  0%| F|  |TAMS 0x0000000090e00000, 0x0000000090e00000| Untracked 
| 271|0x0000000090f00000, 0x0000000090f00000, 0x0000000091000000|  0%| F|  |TAMS 0x0000000090f00000, 0x0000000090f00000| Untracked 
| 272|0x0000000091000000, 0x0000000091000000, 0x0000000091100000|  0%| F|  |TAMS 0x0000000091000000, 0x0000000091000000| Untracked 
| 273|0x0000000091100000, 0x0000000091100000, 0x0000000091200000|  0%| F|  |TAMS 0x0000000091100000, 0x0000000091100000| Untracked 
| 274|0x0000000091200000, 0x0000000091200000, 0x0000000091300000|  0%| F|  |TAMS 0x0000000091200000, 0x0000000091200000| Untracked 
| 275|0x0000000091300000, 0x0000000091300000, 0x0000000091400000|  0%| F|  |TAMS 0x0000000091300000, 0x0000000091300000| Untracked 
| 276|0x0000000091400000, 0x0000000091400000, 0x0000000091500000|  0%| F|  |TAMS 0x0000000091400000, 0x0000000091400000| Untracked 
| 277|0x0000000091500000, 0x0000000091500000, 0x0000000091600000|  0%| F|  |TAMS 0x0000000091500000, 0x0000000091500000| Untracked 
| 278|0x0000000091600000, 0x0000000091600000, 0x0000000091700000|  0%| F|  |TAMS 0x0000000091600000, 0x0000000091600000| Untracked 
| 279|0x0000000091700000, 0x0000000091700000, 0x0000000091800000|  0%| F|  |TAMS 0x0000000091700000, 0x0000000091700000| Untracked 
| 280|0x0000000091800000, 0x0000000091800000, 0x0000000091900000|  0%| F|  |TAMS 0x0000000091800000, 0x0000000091800000| Untracked 
| 281|0x0000000091900000, 0x0000000091900000, 0x0000000091a00000|  0%| F|  |TAMS 0x0000000091900000, 0x0000000091900000| Untracked 
| 282|0x0000000091a00000, 0x0000000091a00000, 0x0000000091b00000|  0%| F|  |TAMS 0x0000000091a00000, 0x0000000091a00000| Untracked 
| 283|0x0000000091b00000, 0x0000000091b00000, 0x0000000091c00000|  0%| F|  |TAMS 0x0000000091b00000, 0x0000000091b00000| Untracked 
| 284|0x0000000091c00000, 0x0000000091c00000, 0x0000000091d00000|  0%| F|  |TAMS 0x0000000091c00000, 0x0000000091c00000| Untracked 
| 285|0x0000000091d00000, 0x0000000091d00000, 0x0000000091e00000|  0%| F|  |TAMS 0x0000000091d00000, 0x0000000091d00000| Untracked 
| 286|0x0000000091e00000, 0x0000000091e00000, 0x0000000091f00000|  0%| F|  |TAMS 0x0000000091e00000, 0x0000000091e00000| Untracked 
| 287|0x0000000091f00000, 0x0000000091f00000, 0x0000000092000000|  0%| F|  |TAMS 0x0000000091f00000, 0x0000000091f00000| Untracked 
| 288|0x0000000092000000, 0x0000000092000000, 0x0000000092100000|  0%| F|  |TAMS 0x0000000092000000, 0x0000000092000000| Untracked 
| 289|0x0000000092100000, 0x0000000092100000, 0x0000000092200000|  0%| F|  |TAMS 0x0000000092100000, 0x0000000092100000| Untracked 
| 290|0x0000000092200000, 0x0000000092200000, 0x0000000092300000|  0%| F|  |TAMS 0x0000000092200000, 0x0000000092200000| Untracked 
| 291|0x0000000092300000, 0x0000000092300000, 0x0000000092400000|  0%| F|  |TAMS 0x0000000092300000, 0x0000000092300000| Untracked 
| 292|0x0000000092400000, 0x0000000092400000, 0x0000000092500000|  0%| F|  |TAMS 0x0000000092400000, 0x0000000092400000| Untracked 
| 293|0x0000000092500000, 0x0000000092500000, 0x0000000092600000|  0%| F|  |TAMS 0x0000000092500000, 0x0000000092500000| Untracked 
| 294|0x0000000092600000, 0x0000000092600000, 0x0000000092700000|  0%| F|  |TAMS 0x0000000092600000, 0x0000000092600000| Untracked 
| 295|0x0000000092700000, 0x0000000092700000, 0x0000000092800000|  0%| F|  |TAMS 0x0000000092700000, 0x0000000092700000| Untracked 
| 296|0x0000000092800000, 0x0000000092800000, 0x0000000092900000|  0%| F|  |TAMS 0x0000000092800000, 0x0000000092800000| Untracked 
| 297|0x0000000092900000, 0x0000000092900000, 0x0000000092a00000|  0%| F|  |TAMS 0x0000000092900000, 0x0000000092900000| Untracked 
| 298|0x0000000092a00000, 0x0000000092a00000, 0x0000000092b00000|  0%| F|  |TAMS 0x0000000092a00000, 0x0000000092a00000| Untracked 
| 299|0x0000000092b00000, 0x0000000092b00000, 0x0000000092c00000|  0%| F|  |TAMS 0x0000000092b00000, 0x0000000092b00000| Untracked 
| 300|0x0000000092c00000, 0x0000000092c00000, 0x0000000092d00000|  0%| F|  |TAMS 0x0000000092c00000, 0x0000000092c00000| Untracked 
| 301|0x0000000092d00000, 0x0000000092d00000, 0x0000000092e00000|  0%| F|  |TAMS 0x0000000092d00000, 0x0000000092d00000| Untracked 
| 302|0x0000000092e00000, 0x0000000092e00000, 0x0000000092f00000|  0%| F|  |TAMS 0x0000000092e00000, 0x0000000092e00000| Untracked 
| 303|0x0000000092f00000, 0x0000000092f00000, 0x0000000093000000|  0%| F|  |TAMS 0x0000000092f00000, 0x0000000092f00000| Untracked 
| 735|0x00000000adf00000, 0x00000000adf00000, 0x00000000ae000000|  0%| F|  |TAMS 0x00000000adf00000, 0x00000000adf00000| Untracked 
| 736|0x00000000ae000000, 0x00000000ae000000, 0x00000000ae100000|  0%| F|  |TAMS 0x00000000ae000000, 0x00000000ae000000| Untracked 
| 737|0x00000000ae100000, 0x00000000ae100000, 0x00000000ae200000|  0%| F|  |TAMS 0x00000000ae100000, 0x00000000ae100000| Untracked 
| 738|0x00000000ae200000, 0x00000000ae2d3ec8, 0x00000000ae300000| 82%| S|CS|TAMS 0x00000000ae200000, 0x00000000ae200000| Complete 
| 739|0x00000000ae300000, 0x00000000ae300000, 0x00000000ae400000|  0%| F|  |TAMS 0x00000000ae300000, 0x00000000ae300000| Untracked 
| 740|0x00000000ae400000, 0x00000000ae400000, 0x00000000ae500000|  0%| F|  |TAMS 0x00000000ae400000, 0x00000000ae400000| Untracked 
| 741|0x00000000ae500000, 0x00000000ae500000, 0x00000000ae600000|  0%| F|  |TAMS 0x00000000ae500000, 0x00000000ae500000| Untracked 
| 742|0x00000000ae600000, 0x00000000ae600000, 0x00000000ae700000|  0%| F|  |TAMS 0x00000000ae600000, 0x00000000ae600000| Untracked 
| 743|0x00000000ae700000, 0x00000000ae700000, 0x00000000ae800000|  0%| F|  |TAMS 0x00000000ae700000, 0x00000000ae700000| Untracked 
| 744|0x00000000ae800000, 0x00000000ae800000, 0x00000000ae900000|  0%| F|  |TAMS 0x00000000ae800000, 0x00000000ae800000| Untracked 
| 745|0x00000000ae900000, 0x00000000ae900000, 0x00000000aea00000|  0%| F|  |TAMS 0x00000000ae900000, 0x00000000ae900000| Untracked 
| 746|0x00000000aea00000, 0x00000000aea00000, 0x00000000aeb00000|  0%| F|  |TAMS 0x00000000aea00000, 0x00000000aea00000| Untracked 
| 747|0x00000000aeb00000, 0x00000000aeb00000, 0x00000000aec00000|  0%| F|  |TAMS 0x00000000aeb00000, 0x00000000aeb00000| Untracked 
| 748|0x00000000aec00000, 0x00000000aec00000, 0x00000000aed00000|  0%| F|  |TAMS 0x00000000aec00000, 0x00000000aec00000| Untracked 
| 749|0x00000000aed00000, 0x00000000aed00000, 0x00000000aee00000|  0%| F|  |TAMS 0x00000000aed00000, 0x00000000aed00000| Untracked 
| 750|0x00000000aee00000, 0x00000000aee00000, 0x00000000aef00000|  0%| F|  |TAMS 0x00000000aee00000, 0x00000000aee00000| Untracked 
| 751|0x00000000aef00000, 0x00000000aef00000, 0x00000000af000000|  0%| F|  |TAMS 0x00000000aef00000, 0x00000000aef00000| Untracked 
| 752|0x00000000af000000, 0x00000000af000000, 0x00000000af100000|  0%| F|  |TAMS 0x00000000af000000, 0x00000000af000000| Untracked 
| 753|0x00000000af100000, 0x00000000af100000, 0x00000000af200000|  0%| F|  |TAMS 0x00000000af100000, 0x00000000af100000| Untracked 
| 754|0x00000000af200000, 0x00000000af200000, 0x00000000af300000|  0%| F|  |TAMS 0x00000000af200000, 0x00000000af200000| Untracked 

Card table byte_map: [0x00000248ef460000,0x00000248ef860000] _byte_map_base: 0x00000248ef060000

Marking Bits (Prev, Next): (CMBitMap*) 0x00000248ddec9860, (CMBitMap*) 0x00000248ddec98a0
 Prev Bits: [0x00000248efc60000, 0x00000248f1c60000)
 Next Bits: [0x00000248f1c60000, 0x00000248f3c60000)

Polling page: 0x00000248ddf20000

Metaspace:

Usage:
  Non-class:     40.32 MB used.
      Class:      5.37 MB used.
       Both:     45.69 MB used.

Virtual space:
  Non-class space:       64.00 MB reserved,      41.00 MB ( 64%) committed,  1 nodes.
      Class space:        1.00 GB reserved,       5.88 MB ( <1%) committed,  1 nodes.
             Both:        1.06 GB reserved,      46.88 MB (  4%) committed. 

Chunk freelists:
   Non-Class:  6.58 MB
       Class:  10.08 MB
        Both:  16.66 MB

MaxMetaspaceSize: unlimited
CompressedClassSpaceSize: 1.00 GB
Initial GC threshold: 21.00 MB
Current GC threshold: 77.94 MB
CDS: off
MetaspaceReclaimPolicy: balanced
 - commit_granule_bytes: 65536.
 - commit_granule_words: 8192.
 - virtual_space_node_default_size: 8388608.
 - enlarge_chunks_in_place: 1.
 - new_chunks_are_fully_committed: 0.
 - uncommit_free_chunks: 1.
 - use_allocation_guard: 0.
 - handle_deallocations: 1.


Internal statistics:

num_allocs_failed_limit: 12.
num_arena_births: 518.
num_arena_deaths: 0.
num_vsnodes_births: 2.
num_vsnodes_deaths: 0.
num_space_committed: 749.
num_space_uncommitted: 0.
num_chunks_returned_to_freelist: 12.
num_chunks_taken_from_freelist: 2230.
num_chunk_merges: 9.
num_chunk_splits: 1386.
num_chunks_enlarged: 814.
num_inconsistent_stats: 0.

CodeHeap 'non-profiled nmethods': size=120000Kb used=4320Kb max_used=4320Kb free=115679Kb
 bounds [0x00000248e7510000, 0x00000248e7950000, 0x00000248eea40000]
CodeHeap 'profiled nmethods': size=120000Kb used=12059Kb max_used=12070Kb free=107940Kb
 bounds [0x00000248dfa40000, 0x00000248e0610000, 0x00000248e6f70000]
CodeHeap 'non-nmethods': size=5760Kb used=1466Kb max_used=1546Kb free=4293Kb
 bounds [0x00000248e6f70000, 0x00000248e71e0000, 0x00000248e7510000]
 total_blobs=6811 nmethods=5977 adapters=745
 compilation: enabled
              stopped_count=0, restarted_count=0
 full_count=0

Compilation events (20 events):
Event: 1450.302 Thread 0x00000248f6339810 nmethod 7311 0x00000248e05fcf90 code [0x00000248e05fd9a0, 0x00000248e0603e38]
Event: 1450.302 Thread 0x00000248f63372d0 7212       4       org.eclipse.emf.ecore.util.BasicExtendedMetaData::getMixedFeature (84 bytes)
Event: 1450.302 Thread 0x00000248f6339810 7312 %     3       com.sun.org.apache.xerces.internal.impl.XMLDocumentFragmentScannerImpl::scanDocument @ 13 (346 bytes)
Event: 1450.303 Thread 0x00000248f6339810 nmethod 7312% 0x00000248e0607f10 code [0x00000248e0608220, 0x00000248e0609738]
Event: 1450.303 Thread 0x00000248f6339810 7313       3       org.eclipse.emf.ecore.impl.BasicEObjectImpl::eIsSet (72 bytes)
Event: 1450.304 Thread 0x00000248f6339810 nmethod 7313 0x00000248e0609c10 code [0x00000248e0609ea0, 0x00000248e060ad98]
Event: 1450.304 Thread 0x00000248f6339810 7316       2       java.util.zip.ZipCoder::get (20 bytes)
Event: 1450.304 Thread 0x00000248f6339810 nmethod 7316 0x00000248e060b190 code [0x00000248e060b340, 0x00000248e060b518]
Event: 1450.304 Thread 0x00000248f6339810 7315       2       org.eclipse.emf.ecore.util.EcoreEList::isSet (13 bytes)
Event: 1450.304 Thread 0x00000248f6339810 nmethod 7315 0x00000248e060b590 code [0x00000248e060b720, 0x00000248e060b858]
Event: 1450.306 Thread 0x00000248f6339810 7317       2       com.sun.org.apache.xerces.internal.impl.io.UTF8Reader::close (25 bytes)
Event: 1450.306 Thread 0x00000248f6339810 nmethod 7317 0x00000248e060b910 code [0x00000248e060bac0, 0x00000248e060bc68]
Event: 1450.306 Thread 0x00000248f6339810 7318       2       com.sun.xml.internal.stream.util.BufferAllocator::returnByteBuffer (51 bytes)
Event: 1450.307 Thread 0x00000248f6339810 nmethod 7318 0x00000248e060bd90 code [0x00000248e060bf40, 0x00000248e060c218]
Event: 1450.311 Thread 0x00000248f63372d0 nmethod 7212 0x00000248e7945a90 code [0x00000248e7945c80, 0x00000248e79461a0]
Event: 1450.311 Thread 0x00000248f63372d0 7203       4       org.eclipse.emf.ecore.xmi.impl.XMLHandler::endElement (370 bytes)
Event: 1450.324 Thread 0x00000248f63372d0 nmethod 7203 0x00000248e7946690 code [0x00000248e79468c0, 0x00000248e7947950]
Event: 1450.324 Thread 0x00000248f63372d0 7207       4       org.eclipse.emf.ecore.xmi.impl.XMLHandler::handleFeature (621 bytes)
Event: 1450.463 Thread 0x00000248f6339810 7319       3       org.eclipse.core.runtime.SubMonitor::isCanceled (20 bytes)
Event: 1450.464 Thread 0x00000248f6339810 nmethod 7319 0x00000248e060c310 code [0x00000248e060c4c0, 0x00000248e060c768]

GC Heap History (20 events):
Event: 1427.897 GC heap after
{Heap after GC invocations=41 (full 0):
 garbage-first heap   total 773120K, used 37659K [0x0000000080000000, 0x0000000100000000)
  region size 1024K, 4 young (4096K), 4 survivors (4096K)
 Metaspace       used 46244K, committed 47424K, reserved 1114112K
  class space    used 5445K, committed 5952K, reserved 1048576K
}
Event: 1428.846 GC heap before
{Heap before GC invocations=41 (full 0):
 garbage-first heap   total 773120K, used 86811K [0x0000000080000000, 0x0000000100000000)
  region size 1024K, 37 young (37888K), 4 survivors (4096K)
 Metaspace       used 46407K, committed 47552K, reserved 1114112K
  class space    used 5460K, committed 5952K, reserved 1048576K
}
Event: 1429.061 GC heap after
{Heap after GC invocations=42 (full 0):
 garbage-first heap   total 773120K, used 40419K [0x0000000080000000, 0x0000000100000000)
  region size 1024K, 3 young (3072K), 3 survivors (3072K)
 Metaspace       used 46407K, committed 47552K, reserved 1114112K
  class space    used 5460K, committed 5952K, reserved 1048576K
}
Event: 1430.670 GC heap before
{Heap before GC invocations=42 (full 0):
 garbage-first heap   total 773120K, used 99811K [0x0000000080000000, 0x0000000100000000)
  region size 1024K, 37 young (37888K), 3 survivors (3072K)
 Metaspace       used 46570K, committed 47872K, reserved 1114112K
  class space    used 5484K, committed 6016K, reserved 1048576K
}
Event: 1430.673 GC heap after
{Heap after GC invocations=43 (full 0):
 garbage-first heap   total 773120K, used 51326K [0x0000000080000000, 0x0000000100000000)
  region size 1024K, 2 young (2048K), 2 survivors (2048K)
 Metaspace       used 46570K, committed 47872K, reserved 1114112K
  class space    used 5484K, committed 6016K, reserved 1048576K
}
Event: 1430.823 GC heap before
{Heap before GC invocations=43 (full 0):
 garbage-first heap   total 773120K, used 94334K [0x0000000080000000, 0x0000000100000000)
  region size 1024K, 45 young (46080K), 2 survivors (2048K)
 Metaspace       used 46587K, committed 47872K, reserved 1114112K
  class space    used 5486K, committed 6016K, reserved 1048576K
}
Event: 1430.829 GC heap after
{Heap after GC invocations=44 (full 0):
 garbage-first heap   total 773120K, used 51268K [0x0000000080000000, 0x0000000100000000)
  region size 1024K, 2 young (2048K), 2 survivors (2048K)
 Metaspace       used 46587K, committed 47872K, reserved 1114112K
  class space    used 5486K, committed 6016K, reserved 1048576K
}
Event: 1430.871 GC heap before
{Heap before GC invocations=44 (full 0):
 garbage-first heap   total 773120K, used 101444K [0x0000000080000000, 0x0000000100000000)
  region size 1024K, 46 young (47104K), 2 survivors (2048K)
 Metaspace       used 46596K, committed 47872K, reserved 1114112K
  class space    used 5487K, committed 6016K, reserved 1048576K
}
Event: 1430.873 GC heap after
{Heap after GC invocations=45 (full 0):
 garbage-first heap   total 773120K, used 55415K [0x0000000080000000, 0x0000000100000000)
  region size 1024K, 2 young (2048K), 2 survivors (2048K)
 Metaspace       used 46596K, committed 47872K, reserved 1114112K
  class space    used 5487K, committed 6016K, reserved 1048576K
}
Event: 1430.890 GC heap before
{Heap before GC invocations=45 (full 0):
 garbage-first heap   total 773120K, used 57463K [0x0000000080000000, 0x0000000100000000)
  region size 1024K, 4 young (4096K), 2 survivors (2048K)
 Metaspace       used 46614K, committed 47872K, reserved 1114112K
  class space    used 5487K, committed 6016K, reserved 1048576K
}
Event: 1430.892 GC heap after
{Heap after GC invocations=46 (full 0):
 garbage-first heap   total 773120K, used 56431K [0x0000000080000000, 0x0000000100000000)
  region size 1024K, 2 young (2048K), 2 survivors (2048K)
 Metaspace       used 46614K, committed 47872K, reserved 1114112K
  class space    used 5487K, committed 6016K, reserved 1048576K
}
Event: 1444.995 GC heap before
{Heap before GC invocations=47 (full 0):
 garbage-first heap   total 331776K, used 318575K [0x0000000080000000, 0x0000000100000000)
  region size 1024K, 154 young (157696K), 2 survivors (2048K)
 Metaspace       used 46753K, committed 48000K, reserved 1114112K
  class space    used 5495K, committed 6016K, reserved 1048576K
}
Event: 1447.285 GC heap after
{Heap after GC invocations=48 (full 0):
 garbage-first heap   total 331776K, used 55543K [0x0000000080000000, 0x0000000100000000)
  region size 1024K, 4 young (4096K), 4 survivors (4096K)
 Metaspace       used 46753K, committed 48000K, reserved 1114112K
  class space    used 5495K, committed 6016K, reserved 1048576K
}
Event: 1447.703 GC heap before
{Heap before GC invocations=48 (full 0):
 garbage-first heap   total 331776K, used 86263K [0x0000000080000000, 0x0000000100000000)
  region size 1024K, 16 young (16384K), 4 survivors (4096K)
 Metaspace       used 46755K, committed 48000K, reserved 1114112K
  class space    used 5495K, committed 6016K, reserved 1048576K
}
Event: 1447.715 GC heap after
{Heap after GC invocations=49 (full 0):
 garbage-first heap   total 331776K, used 57632K [0x0000000080000000, 0x0000000100000000)
  region size 1024K, 1 young (1024K), 1 survivors (1024K)
 Metaspace       used 46755K, committed 48000K, reserved 1114112K
  class space    used 5495K, committed 6016K, reserved 1048576K
}
Event: 1448.204 GC heap before
{Heap before GC invocations=49 (full 0):
 garbage-first heap   total 331776K, used 98592K [0x0000000080000000, 0x0000000100000000)
  region size 1024K, 16 young (16384K), 1 survivors (1024K)
 Metaspace       used 46755K, committed 48000K, reserved 1114112K
  class space    used 5495K, committed 6016K, reserved 1048576K
}
Event: 1448.210 GC heap after
{Heap after GC invocations=50 (full 0):
 garbage-first heap   total 331776K, used 54883K [0x0000000080000000, 0x0000000100000000)
  region size 1024K, 1 young (1024K), 1 survivors (1024K)
 Metaspace       used 46755K, committed 48000K, reserved 1114112K
  class space    used 5495K, committed 6016K, reserved 1048576K
}
Event: 1448.267 GC heap before
{Heap before GC invocations=50 (full 0):
 garbage-first heap   total 331776K, used 69219K [0x0000000080000000, 0x0000000100000000)
  region size 1024K, 16 young (16384K), 1 survivors (1024K)
 Metaspace       used 46767K, committed 48000K, reserved 1114112K
  class space    used 5495K, committed 6016K, reserved 1048576K
}
Event: 1450.283 GC heap after
{Heap after GC invocations=51 (full 0):
 garbage-first heap   total 331776K, used 54935K [0x0000000080000000, 0x0000000100000000)
  region size 1024K, 1 young (1024K), 1 survivors (1024K)
 Metaspace       used 46767K, committed 48000K, reserved 1114112K
  class space    used 5495K, committed 6016K, reserved 1048576K
}
Event: 1450.519 GC heap before
{Heap before GC invocations=51 (full 0):
 garbage-first heap   total 331776K, used 83607K [0x0000000080000000, 0x0000000100000000)
  region size 1024K, 16 young (16384K), 1 survivors (1024K)
 Metaspace       used 46787K, committed 48000K, reserved 1114112K
  class space    used 5497K, committed 6016K, reserved 1048576K
}

Dll operation events (9 events):
Event: 13.657 Loaded shared library C:\Users\SYSTEM10\AppData\Local\Temp\eoi90B6.tmp\plugins\org.eclipse.justj.openjdk.hotspot.jre.minimal.stripped.win32.x86_64_17.0.11.v20240426-2108\jre\bin\java.dll
Event: 99.387 Loaded shared library C:\Users\SYSTEM10\AppData\Local\Temp\eoi90B6.tmp\plugins\org.eclipse.justj.openjdk.hotspot.jre.minimal.stripped.win32.x86_64_17.0.11.v20240426-2108\jre\bin\net.dll
Event: 103.475 Loaded shared library C:\Users\SYSTEM10\AppData\Local\Temp\eoi90B6.tmp\plugins\org.eclipse.justj.openjdk.hotspot.jre.minimal.stripped.win32.x86_64_17.0.11.v20240426-2108\jre\bin\nio.dll
Event: 109.609 Loaded shared library C:\Users\SYSTEM10\AppData\Local\Temp\eoi90B6.tmp\plugins\org.eclipse.justj.openjdk.hotspot.jre.minimal.stripped.win32.x86_64_17.0.11.v20240426-2108\jre\bin\zip.dll
Event: 120.587 Loaded shared library C:\Users\SYSTEM10\AppData\Local\Temp\eoi90B6.tmp\plugins\org.eclipse.justj.openjdk.hotspot.jre.minimal.stripped.win32.x86_64_17.0.11.v20240426-2108\jre\bin\jimage.dll
Event: 372.246 Loaded shared library C:\Users\SYSTEM10\AppData\Local\Temp\eoi90B6.tmp\plugins\org.eclipse.justj.openjdk.hotspot.jre.minimal.stripped.win32.x86_64_17.0.11.v20240426-2108\jre\bin\verify.dll
Event: 453.086 Loaded shared library C:\Users\SYSTEM10\AppData\Local\Temp\eoi90B6.tmp\configuration\org.eclipse.osgi\172\0\.cp\swt-win32-4965r11.dll
Event: 511.239 Loaded shared library C:\Users\SYSTEM10\AppData\Local\Temp\jna--1536254834\jna6266575959456989113.dll
Event: 912.702 Loaded shared library C:\Users\SYSTEM10\AppData\Local\Temp\eoi90B6.tmp\configuration\org.eclipse.osgi\172\0\.cp\swt-gdip-win32-4965r11.dll

Deoptimization events (20 events):
Event: 1442.567 Thread 0x00000248fb5cf0f0 Uncommon trap: trap_request=0xffffffbe fr.pc=0x00000248e793141c relative=0x000000000000081c
Event: 1442.567 Thread 0x00000248fb5cf0f0 Uncommon trap: reason=profile_predicate action=maybe_recompile pc=0x00000248e793141c method=com.sun.org.apache.xerces.internal.impl.XMLDocumentFragmentScannerImpl.scanDocument(Z)Z @ 13 c2
Event: 1442.567 Thread 0x00000248fb5cf0f0 DEOPT PACKING pc=0x00000248e793141c sp=0x0000006a145fed40
Event: 1442.567 Thread 0x00000248fb5cf0f0 DEOPT UNPACKING pc=0x00000248e6fc69a3 sp=0x0000006a145fed10 mode 2
Event: 1442.573 Thread 0x00000248fb5cf0f0 Uncommon trap: trap_request=0xffffffbe fr.pc=0x00000248e793141c relative=0x000000000000081c
Event: 1442.573 Thread 0x00000248fb5cf0f0 Uncommon trap: reason=profile_predicate action=maybe_recompile pc=0x00000248e793141c method=com.sun.org.apache.xerces.internal.impl.XMLDocumentFragmentScannerImpl.scanDocument(Z)Z @ 13 c2
Event: 1442.573 Thread 0x00000248fb5cf0f0 DEOPT PACKING pc=0x00000248e793141c sp=0x0000006a145fed40
Event: 1442.573 Thread 0x00000248fb5cf0f0 DEOPT UNPACKING pc=0x00000248e6fc69a3 sp=0x0000006a145fed10 mode 2
Event: 1442.573 Thread 0x00000248fb5caf20 Uncommon trap: trap_request=0xffffffbe fr.pc=0x00000248e78d6064 relative=0x0000000000000704
Event: 1442.573 Thread 0x00000248fb5caf20 Uncommon trap: reason=profile_predicate action=maybe_recompile pc=0x00000248e78d6064 method=com.sun.org.apache.xerces.internal.impl.XMLDocumentFragmentScannerImpl.scanDocument(Z)Z @ 13 c2
Event: 1442.573 Thread 0x00000248fb5caf20 DEOPT PACKING pc=0x00000248e78d6064 sp=0x0000006a148fed70
Event: 1442.573 Thread 0x00000248fb5caf20 DEOPT UNPACKING pc=0x00000248e6fc69a3 sp=0x0000006a148fed40 mode 2
Event: 1447.296 Thread 0x00000248fb5ce1c0 Uncommon trap: trap_request=0xffffff45 fr.pc=0x00000248e78cb118 relative=0x0000000000000098
Event: 1447.296 Thread 0x00000248fb5ce1c0 Uncommon trap: reason=unstable_if action=reinterpret pc=0x00000248e78cb118 method=org.eclipse.emf.ecore.xmi.impl.XMLHelperImpl$NamespaceSupport.pushContext()V @ 11 c2
Event: 1447.296 Thread 0x00000248fb5ce1c0 DEOPT PACKING pc=0x00000248e78cb118 sp=0x0000006a13bfe990
Event: 1447.296 Thread 0x00000248fb5ce1c0 DEOPT UNPACKING pc=0x00000248e6fc69a3 sp=0x0000006a13bfe918 mode 2
Event: 1450.291 Thread 0x00000248fb5cd290 Uncommon trap: trap_request=0xffffff45 fr.pc=0x00000248e75df19c relative=0x000000000000279c
Event: 1450.291 Thread 0x00000248fb5cd290 Uncommon trap: reason=unstable_if action=reinterpret pc=0x00000248e75df19c method=com.sun.org.apache.xerces.internal.impl.XMLDocumentFragmentScannerImpl$FragmentContentDriver.next()I @ 880 c2
Event: 1450.291 Thread 0x00000248fb5cd290 DEOPT PACKING pc=0x00000248e75df19c sp=0x0000006a13cfec60
Event: 1450.291 Thread 0x00000248fb5cd290 DEOPT UNPACKING pc=0x00000248e6fc69a3 sp=0x0000006a13cfec58 mode 2

Classes unloaded (0 events):
No events

Classes redefined (0 events):
No events

Internal exceptions (20 events):
Event: 1230.106 Thread 0x00000248dde702d0 Exception <a 'java/lang/NoSuchMethodError'{0x000000008fff79b0}: 'void java.lang.invoke.DirectMethodHandle$Holder.invokeStaticInit(java.lang.Object, java.lang.Object, int, float)'> (0x000000008fff79b0) 
thrown [s\src\hotspot\share\interpreter\linkResolver.cpp, line 759]
Event: 1244.512 Thread 0x00000248dde702d0 Exception <a 'java/io/FileNotFoundException'{0x000000008fd07d20}> (0x000000008fd07d20) 
thrown [s\src\hotspot\share\prims\jni.cpp, line 516]
Event: 1247.394 Thread 0x00000248dde702d0 Exception <a 'java/io/FileNotFoundException'{0x000000008fd4ac58}> (0x000000008fd4ac58) 
thrown [s\src\hotspot\share\prims\jni.cpp, line 516]
Event: 1261.501 Thread 0x00000248dde702d0 Implicit null exception at 0x00000248e754118f to 0x00000248e7541209
Event: 1269.465 Thread 0x00000248dde702d0 Exception <a 'java/lang/NoSuchMethodError'{0x000000009792b798}: 'void java.lang.invoke.DirectMethodHandle$Holder.invokeStatic(java.lang.Object, java.lang.Object, java.lang.Object, java.lang.Object)'> (0x000000009792b798) 
thrown [s\src\hotspot\share\interpreter\linkResolver.cpp, line 759]
Event: 1269.579 Thread 0x00000248dde702d0 Exception <a 'java/lang/NoSuchMethodError'{0x0000000097932688}: 'void java.lang.invoke.DirectMethodHandle$Holder.invokeStatic(java.lang.Object, long, java.lang.Object)'> (0x0000000097932688) 
thrown [s\src\hotspot\share\interpreter\linkResolver.cpp, line 759]
Event: 1269.581 Thread 0x00000248dde702d0 Exception <a 'java/lang/NoSuchMethodError'{0x0000000097938918}: 'java.lang.Object java.lang.invoke.DirectMethodHandle$Holder.newInvokeSpecial(java.lang.Object, long, java.lang.Object)'> (0x0000000097938918) 
thrown [s\src\hotspot\share\interpreter\linkResolver.cpp, line 759]
Event: 1269.582 Thread 0x00000248dde702d0 Exception <a 'java/lang/NoSuchMethodError'{0x000000009793c858}: 'java.lang.Object java.lang.invoke.DirectMethodHandle$Holder.invokeSpecial(java.lang.Object, java.lang.Object, long, java.lang.Object)'> (0x000000009793c858) 
thrown [s\src\hotspot\share\interpreter\linkResolver.cpp, line 759]
Event: 1381.712 Thread 0x00000248dde702d0 Exception <a 'java/lang/NoSuchMethodError'{0x00000000978b53e8}: 'java.lang.Object java.lang.invoke.DirectMethodHandle$Holder.newInvokeSpecial(java.lang.Object, java.lang.Object, int, java.lang.Object, java.lang.Object)'> (0x00000000978b53e8) 
thrown [s\src\hotspot\share\interpreter\linkResolver.cpp, line 759]
Event: 1397.580 Thread 0x00000248fb5cdcb0 Exception <a 'java/io/FileNotFoundException'{0x0000000097dea2b0}> (0x0000000097dea2b0) 
thrown [s\src\hotspot\share\prims\jni.cpp, line 516]
Event: 1399.768 Thread 0x00000248fb5c90c0 Exception <a 'java/io/FileNotFoundException'{0x0000000097b762e0}> (0x0000000097b762e0) 
thrown [s\src\hotspot\share\prims\jni.cpp, line 516]
Event: 1399.995 Thread 0x00000248fb5c9ff0 Exception <a 'sun/nio/fs/WindowsException'{0x0000000097b874e8}> (0x0000000097b874e8) 
thrown [s\src\hotspot\share\prims\jni.cpp, line 516]
Event: 1399.996 Thread 0x00000248fb5c9ff0 Exception <a 'sun/nio/fs/WindowsException'{0x0000000097b8f590}> (0x0000000097b8f590) 
thrown [s\src\hotspot\share\prims\jni.cpp, line 516]
Event: 1399.996 Thread 0x00000248fb5c9ff0 Exception <a 'sun/nio/fs/WindowsException'{0x0000000097b8fb20}> (0x0000000097b8fb20) 
thrown [s\src\hotspot\share\prims\jni.cpp, line 516]
Event: 1400.829 Thread 0x00000248dde702d0 Exception <a 'sun/nio/fs/WindowsException'{0x0000000097e68138}> (0x0000000097e68138) 
thrown [s\src\hotspot\share\prims\jni.cpp, line 516]
Event: 1400.830 Thread 0x00000248dde702d0 Exception <a 'sun/nio/fs/WindowsException'{0x0000000097e68510}> (0x0000000097e68510) 
thrown [s\src\hotspot\share\prims\jni.cpp, line 516]
Event: 1408.633 Thread 0x00000248fb5cf0f0 Exception <a 'com/sun/jna/LastErrorException'{0x000000008f3d3a40}: [12180] (null)> (0x000000008f3d3a40) 
thrown [s\src\hotspot\share\prims\jni.cpp, line 535]
Event: 1426.250 Thread 0x00000248fb5ce1c0 Implicit null exception at 0x00000248e768f400 to 0x00000248e768f7a8
Event: 1430.882 Thread 0x00000248fb5c90c0 Implicit null exception at 0x00000248e767e880 to 0x00000248e767fa9c
Event: 1431.653 Thread 0x00000248fb5ce1c0 Implicit null exception at 0x00000248e789b1a5 to 0x00000248e789b374

VM Operations (20 events):
Event: 1437.818 Executing VM operation: Cleanup done
Event: 1438.828 Executing VM operation: Cleanup
Event: 1439.595 Executing VM operation: Cleanup done
Event: 1440.602 Executing VM operation: HandshakeAllThreads
Event: 1441.545 Executing VM operation: HandshakeAllThreads done
Event: 1441.545 Executing VM operation: Cleanup
Event: 1441.720 Executing VM operation: Cleanup done
Event: 1442.617 Executing VM operation: G1CollectForAllocation
Event: 1443.815 Executing VM operation: G1CollectForAllocation done
Event: 1443.816 Executing VM operation: G1CollectForAllocation
Event: 1447.288 Executing VM operation: G1CollectForAllocation done
Event: 1447.319 Executing VM operation: G1CollectForAllocation
Event: 1447.504 Executing VM operation: G1CollectForAllocation done
Event: 1447.505 Executing VM operation: G1CollectForAllocation
Event: 1447.716 Executing VM operation: G1CollectForAllocation done
Event: 1447.752 Executing VM operation: G1CollectForAllocation
Event: 1448.217 Executing VM operation: G1CollectForAllocation done
Event: 1448.244 Executing VM operation: G1CollectForAllocation
Event: 1450.288 Executing VM operation: G1CollectForAllocation done
Event: 1450.306 Executing VM operation: G1CollectForAllocation

Events (20 events):
Event: 1414.205 loading class sun/util/resources/ParallelListResourceBundle$KeySet done
Event: 1414.208 loading class sun/util/locale/provider/CalendarDataUtility$CalendarFieldValueNameGetter
Event: 1414.208 loading class sun/util/locale/provider/CalendarDataUtility$CalendarFieldValueNameGetter done
Event: 1415.531 loading class java/time/LocalDate$1
Event: 1415.532 loading class java/time/LocalDate$1 done
Event: 1415.532 loading class java/time/DayOfWeek
Event: 1415.532 loading class java/time/DayOfWeek done
Event: 1415.801 loading class java/time/LocalTime$1
Event: 1416.109 loading class java/time/LocalTime$1 done
Event: 1421.624 Thread 0x00000248fb5ce1c0 Thread added: 0x00000248fb5ce1c0
Event: 1423.601 Thread 0x00000248fb5cd290 Thread added: 0x00000248fb5cd290
Event: 1423.817 Thread 0x00000248fb5d0a40 Thread added: 0x00000248fb5d0a40
Event: 1423.819 Thread 0x00000248fb5caf20 Thread added: 0x00000248fb5caf20
Event: 1423.920 Thread 0x00000248fb5ce6d0 Thread added: 0x00000248fb5ce6d0
Event: 1431.674 loading class java/util/WeakHashMap$EntrySet
Event: 1434.350 loading class java/util/WeakHashMap$EntrySet done
Event: 1434.359 loading class java/util/WeakHashMap$EntryIterator
Event: 1434.897 loading class java/util/WeakHashMap$EntryIterator done
Event: 1447.721 Thread 0x00000248f635f450 flushing nmethod 0x00000248dfcf4890
Event: 1450.499 Thread 0x00000248f635f450 flushing nmethod 0x00000248e0488310


Dynamic libraries:
0x00007ff778270000 - 0x00007ff7782f6000 	C:\Users\SYSTEM10\AppData\Local\Temp\eoi90B6.tmp\eclipse-inst.exe
0x00007ff843610000 - 0x00007ff843824000 	C:\WINDOWS\SYSTEM32\ntdll.dll
0x00007ff832720000 - 0x00007ff83273a000 	C:\Program Files\AVG\Antivirus\aswhook.dll
0x00007ff842990000 - 0x00007ff842a53000 	C:\WINDOWS\System32\KERNEL32.DLL
0x00007ff840a50000 - 0x00007ff840dec000 	C:\WINDOWS\System32\KERNELBASE.dll
0x00007ff842780000 - 0x00007ff84292d000 	C:\WINDOWS\System32\USER32.dll
0x00007ff841200000 - 0x00007ff841226000 	C:\WINDOWS\System32\win32u.dll
0x00007ff842ef0000 - 0x00007ff842f19000 	C:\WINDOWS\System32\GDI32.dll
0x00007ff841070000 - 0x00007ff841183000 	C:\WINDOWS\System32\gdi32full.dll
0x00007ff840fd0000 - 0x00007ff84106a000 	C:\WINDOWS\System32\msvcp_win.dll
0x00007ff840df0000 - 0x00007ff840f01000 	C:\WINDOWS\System32\ucrtbase.dll
0x00007ff83fbe0000 - 0x00007ff83fe6e000 	C:\WINDOWS\WinSxS\amd64_microsoft.windows.common-controls_6595b64144ccf1df_6.0.22621.608_none_a9444ca7c10bb01d\COMCTL32.dll
0x00007ff842d20000 - 0x00007ff842dc7000 	C:\WINDOWS\System32\msvcrt.dll
0x00007ff841ed0000 - 0x00007ff841f01000 	C:\WINDOWS\System32\IMM32.DLL
0x00007ffffcea0000 - 0x00007ffffcee4000 	C:\Users\SYSTEM10\AppData\Local\Temp\eoi90B6.tmp\plugins\org.eclipse.equinox.launcher.win32.win32.x86_64_1.2.1000.v20240507-1834\eclipse_11902.dll
0x00007ff8414a0000 - 0x00007ff84154e000 	C:\WINDOWS\System32\ADVAPI32.dll
0x00007ff841940000 - 0x00007ff8419e4000 	C:\WINDOWS\System32\sechost.dll
0x00007ff843270000 - 0x00007ff843385000 	C:\WINDOWS\System32\RPCRT4.dll
0x00007ff843430000 - 0x00007ff8435cc000 	C:\WINDOWS\System32\ole32.dll
0x00007ff83d9c0000 - 0x00007ff83d9ca000 	C:\WINDOWS\SYSTEM32\VERSION.dll
0x00007ff8415b0000 - 0x00007ff841939000 	C:\WINDOWS\System32\combase.dll
0x00007fffabdd0000 - 0x00007fffaca32000 	C:\Users\SYSTEM10\AppData\Local\Temp\eoi90B6.tmp\plugins\org.eclipse.justj.openjdk.hotspot.jre.minimal.stripped.win32.x86_64_17.0.11.v20240426-2108\jre\bin\server\jvm.dll
0x00007ff840770000 - 0x00007ff8407bd000 	C:\WINDOWS\SYSTEM32\POWRPROF.dll
0x00007ff82d660000 - 0x00007ff82d669000 	C:\WINDOWS\SYSTEM32\WSOCK32.dll
0x00007ff841420000 - 0x00007ff841491000 	C:\WINDOWS\System32\WS2_32.dll
0x00007ff823c60000 - 0x00007ff823c94000 	C:\WINDOWS\SYSTEM32\WINMM.dll
0x00007ff826460000 - 0x00007ff82647b000 	C:\WINDOWS\SYSTEM32\VCRUNTIME140.dll
0x00007ff826360000 - 0x00007ff82636c000 	C:\WINDOWS\SYSTEM32\VCRUNTIME140_1.dll
0x00007ff840750000 - 0x00007ff840763000 	C:\WINDOWS\SYSTEM32\UMPDC.dll
0x00007ff8263e0000 - 0x00007ff8263ea000 	C:\Users\SYSTEM10\AppData\Local\Temp\eoi90B6.tmp\plugins\org.eclipse.justj.openjdk.hotspot.jre.minimal.stripped.win32.x86_64_17.0.11.v20240426-2108\jre\bin\jimage.dll
0x00007ff8403d0000 - 0x00007ff8405fe000 	C:\WINDOWS\SYSTEM32\DBGHELP.DLL
0x00007ff842f20000 - 0x00007ff842ff7000 	C:\WINDOWS\System32\OLEAUT32.dll
0x00007ff8401a0000 - 0x00007ff8401d2000 	C:\WINDOWS\SYSTEM32\dbgcore.DLL
0x00007ff8413a0000 - 0x00007ff84141b000 	C:\WINDOWS\System32\bcryptPrimitives.dll
0x00007ffffcd40000 - 0x00007ffffcd65000 	C:\Users\SYSTEM10\AppData\Local\Temp\eoi90B6.tmp\plugins\org.eclipse.justj.openjdk.hotspot.jre.minimal.stripped.win32.x86_64_17.0.11.v20240426-2108\jre\bin\java.dll
0x00007ff83ec60000 - 0x00007ff83ec78000 	C:\WINDOWS\SYSTEM32\kernel.appcore.dll
0x00007ffffcd20000 - 0x00007ffffcd38000 	C:\Users\SYSTEM10\AppData\Local\Temp\eoi90B6.tmp\plugins\org.eclipse.justj.openjdk.hotspot.jre.minimal.stripped.win32.x86_64_17.0.11.v20240426-2108\jre\bin\zip.dll
0x00007ff841f90000 - 0x00007ff842780000 	C:\WINDOWS\System32\SHELL32.dll
0x00007ff83db20000 - 0x00007ff83e3ee000 	C:\WINDOWS\SYSTEM32\windows.storage.dll
0x00007ff83d9e0000 - 0x00007ff83db1e000 	C:\WINDOWS\SYSTEM32\wintypes.dll
0x00007ff842dd0000 - 0x00007ff842ec1000 	C:\WINDOWS\System32\SHCORE.dll
0x00007ff841f20000 - 0x00007ff841f7e000 	C:\WINDOWS\System32\shlwapi.dll
0x00007ff840980000 - 0x00007ff8409a1000 	C:\WINDOWS\SYSTEM32\profapi.dll
0x00007ff812da0000 - 0x00007ff812db9000 	C:\Users\SYSTEM10\AppData\Local\Temp\eoi90B6.tmp\plugins\org.eclipse.justj.openjdk.hotspot.jre.minimal.stripped.win32.x86_64_17.0.11.v20240426-2108\jre\bin\net.dll
0x00007ff83a3b0000 - 0x00007ff83a4df000 	C:\WINDOWS\SYSTEM32\WINHTTP.dll
0x00007ff83f7c0000 - 0x00007ff83f829000 	C:\WINDOWS\system32\mswsock.dll
0x00007ff801c20000 - 0x00007ff801c36000 	C:\Users\SYSTEM10\AppData\Local\Temp\eoi90B6.tmp\plugins\org.eclipse.justj.openjdk.hotspot.jre.minimal.stripped.win32.x86_64_17.0.11.v20240426-2108\jre\bin\nio.dll
0x00007ff83d1b0000 - 0x00007ff83d25b000 	C:\WINDOWS\system32\uxtheme.dll
0x00007ff842c00000 - 0x00007ff842d1e000 	C:\WINDOWS\System32\MSCTF.dll
0x00007ff8431c0000 - 0x00007ff843270000 	C:\WINDOWS\System32\clbcatq.dll
0x00007ff82fab0000 - 0x00007ff82fbde000 	C:\WINDOWS\SYSTEM32\textinputframework.dll
0x00007ff83cc20000 - 0x00007ff83cd53000 	C:\WINDOWS\System32\CoreMessaging.dll
0x00007ff812e50000 - 0x00007ff812e60000 	C:\Users\SYSTEM10\AppData\Local\Temp\eoi90B6.tmp\plugins\org.eclipse.justj.openjdk.hotspot.jre.minimal.stripped.win32.x86_64_17.0.11.v20240426-2108\jre\bin\verify.dll
0x00007ff8113f0000 - 0x00007ff8114ba000 	C:\Users\SYSTEM10\AppData\Local\Temp\eoi90B6.tmp\configuration\org.eclipse.osgi\172\0\.cp\swt-win32-4965r11.dll
0x00007ff842a60000 - 0x00007ff842b57000 	C:\WINDOWS\System32\COMDLG32.dll
0x00007ff8115a0000 - 0x00007ff81163a000 	C:\WINDOWS\SYSTEM32\WINSPOOL.DRV
0x00007ff80e2b0000 - 0x00007ff80e319000 	C:\WINDOWS\SYSTEM32\OLEACC.dll
0x00007ff83a800000 - 0x00007ff83a819000 	C:\WINDOWS\SYSTEM32\USP10.dll
0x00007ff828d70000 - 0x00007ff829264000 	C:\WINDOWS\SYSTEM32\WININET.dll
0x00007ff83b180000 - 0x00007ff83b280000 	C:\WINDOWS\SYSTEM32\PROPSYS.dll
0x00007ff830ad0000 - 0x00007ff830cc0000 	C:\WINDOWS\SYSTEM32\urlmon.dll
0x00007ff83a740000 - 0x00007ff83a747000 	C:\WINDOWS\SYSTEM32\MSIMG32.dll
0x00007ff83d3b0000 - 0x00007ff83d3db000 	C:\WINDOWS\SYSTEM32\dwmapi.dll
0x00007ff830810000 - 0x00007ff830ac1000 	C:\WINDOWS\SYSTEM32\iertutil.dll
0x00007ff83a360000 - 0x00007ff83a388000 	C:\WINDOWS\SYSTEM32\srvcli.dll
0x00007ff83e760000 - 0x00007ff83e76c000 	C:\WINDOWS\SYSTEM32\netutils.dll
0x00007ff80a6c0000 - 0x00007ff80a879000 	C:\Windows\System32\TaskFlowDataEngine.dll
0x00007ff840600000 - 0x00007ff84061b000 	C:\WINDOWS\SYSTEM32\CRYPTSP.dll
0x00007ff83ebd0000 - 0x00007ff83ec05000 	C:\WINDOWS\system32\rsaenh.dll
0x00007ff83f860000 - 0x00007ff83f888000 	C:\WINDOWS\SYSTEM32\USERENV.dll
0x00007ff8403a0000 - 0x00007ff8403c8000 	C:\WINDOWS\SYSTEM32\bcrypt.dll
0x00007ff83fac0000 - 0x00007ff83facc000 	C:\WINDOWS\SYSTEM32\CRYPTBASE.dll
0x00007ff83e630000 - 0x00007ff83e65d000 	C:\WINDOWS\SYSTEM32\IPHLPAPI.DLL
0x00007ff841f80000 - 0x00007ff841f89000 	C:\WINDOWS\System32\NSI.dll
0x00007ff837740000 - 0x00007ff837759000 	C:\WINDOWS\SYSTEM32\dhcpcsvc6.DLL
0x00007ff837720000 - 0x00007ff83773f000 	C:\WINDOWS\SYSTEM32\dhcpcsvc.DLL
0x00007ff83e660000 - 0x00007ff83e753000 	C:\WINDOWS\SYSTEM32\DNSAPI.dll
0x00007ff80e320000 - 0x00007ff80e365000 	C:\Users\SYSTEM10\AppData\Local\Temp\jna--1536254834\jna6266575959456989113.dll
0x00007ff841f10000 - 0x00007ff841f18000 	C:\WINDOWS\System32\PSAPI.DLL
0x00007ff82dc60000 - 0x00007ff82dc8c000 	C:\Users\SYSTEM10\AppData\Local\Temp\eoi90B6.tmp\configuration\org.eclipse.osgi\172\0\.cp\swt-gdip-win32-4965r11.dll
0x00007ff80ae80000 - 0x00007ff80b039000 	C:\WINDOWS\WinSxS\amd64_microsoft.windows.gdiplus_6595b64144ccf1df_1.1.22621.819_none_da30437f1b9d3de1\gdiplus.dll
0x00007ff83b820000 - 0x00007ff83ba87000 	C:\WINDOWS\SYSTEM32\DWrite.dll
0x00007ff83b280000 - 0x00007ff83b430000 	C:\WINDOWS\SYSTEM32\WindowsCodecs.dll
0x00007ff82f1c0000 - 0x00007ff82f1ca000 	C:\Windows\System32\rasadhlp.dll
0x00007ff839f40000 - 0x00007ff839fc3000 	C:\WINDOWS\System32\fwpuclnt.dll
0x00007ff82f960000 - 0x00007ff82fa10000 	C:\WINDOWS\SYSTEM32\TextShaping.dll
0x00007ff842b80000 - 0x00007ff842bfd000 	C:\WINDOWS\System32\coml2.dll
0x00007ff80e250000 - 0x00007ff80e2ae000 	C:\WINDOWS\system32\dataexchange.dll
0x00007ff837e30000 - 0x00007ff83809a000 	C:\WINDOWS\system32\twinapi.appcore.dll
0x00007ff8408c0000 - 0x00007ff84096c000 	C:\WINDOWS\SYSTEM32\sxs.dll
0x00007ff80c940000 - 0x00007ff80c984000 	C:\WINDOWS\SYSTEM32\msIso.dll
0x00007fffc0db0000 - 0x00007fffc23da000 	C:\Windows\System32\mshtml.dll
0x00007ff83f5b0000 - 0x00007ff83f5f2000 	C:\Windows\System32\SspiCli.dll
0x00007ff83a390000 - 0x00007ff83a3aa000 	C:\Windows\System32\wkscli.dll
0x00007ff82db20000 - 0x00007ff82db4e000 	C:\Windows\System32\srpapi.dll
0x00007ff81c800000 - 0x00007ff81c8e4000 	C:\Windows\System32\ieapfltr.dll
0x00007fffeeda0000 - 0x00007fffef294000 	C:\Windows\System32\jscript9.dll
0x00007ff8324c0000 - 0x00007ff8324d7000 	C:\WINDOWS\SYSTEM32\ondemandconnroutehelper.dll
0x00007ff83d260000 - 0x00007ff83d26d000 	C:\WINDOWS\SYSTEM32\WINNSI.DLL
0x00007ff81c350000 - 0x00007ff81c535000 	C:\WINDOWS\SYSTEM32\AudioSes.DLL
0x00007fffe1d20000 - 0x00007fffe24ec000 	C:\Windows\System32\ieframe.dll

dbghelp: loaded successfully - version: 4.0.5 - missing functions: none
symbol engine: initialized successfully - sym options: 0x614 - pdb path: .;C:\Users\SYSTEM10\AppData\Local\Temp\eoi90B6.tmp;C:\WINDOWS\SYSTEM32;C:\Program Files\AVG\Antivirus;C:\WINDOWS\WinSxS\amd64_microsoft.windows.common-controls_6595b64144ccf1df_6.0.22621.608_none_a9444ca7c10bb01d;C:\Users\SYSTEM10\AppData\Local\Temp\eoi90B6.tmp\plugins\org.eclipse.equinox.launcher.win32.win32.x86_64_1.2.1000.v20240507-1834;C:\Users\SYSTEM10\AppData\Local\Temp\eoi90B6.tmp\plugins\org.eclipse.justj.openjdk.hotspot.jre.minimal.stripped.win32.x86_64_17.0.11.v20240426-2108\jre\bin\server;C:\Users\SYSTEM10\AppData\Local\Temp\eoi90B6.tmp\plugins\org.eclipse.justj.openjdk.hotspot.jre.minimal.stripped.win32.x86_64_17.0.11.v20240426-2108\jre\bin;C:\Users\SYSTEM10\AppData\Local\Temp\eoi90B6.tmp\configuration\org.eclipse.osgi\172\0\.cp;C:\Users\SYSTEM10\AppData\Local\Temp\jna--1536254834;C:\WINDOWS\WinSxS\amd64_microsoft.windows.gdiplus_6595b64144ccf1df_1.1.22621.819_none_da30437f1b9d3de1

VM Arguments:
jvm_args: -Xms256M -Xmx2048M 
java_command: <unknown>
java_class_path (initial): C:\Users\SYSTEM10\AppData\Local\Temp\eoi90B6.tmp\\plugins/org.eclipse.equinox.launcher_1.6.800.v20240513-1750.jar
Launcher Type: generic

[Global flags]
     intx CICompilerCount                          = 3                                         {product} {ergonomic}
     uint ConcGCThreads                            = 1                                         {product} {ergonomic}
     uint G1ConcRefinementThreads                  = 4                                         {product} {ergonomic}
   size_t G1HeapRegionSize                         = 1048576                                   {product} {ergonomic}
    uintx GCDrainStackTargetSize                   = 64                                        {product} {ergonomic}
   size_t InitialHeapSize                          = 268435456                                 {product} {command line}
   size_t MarkStackSize                            = 4194304                                   {product} {ergonomic}
   size_t MaxHeapSize                              = 2147483648                                {product} {command line}
   size_t MaxNewSize                               = 1287651328                                {product} {ergonomic}
   size_t MinHeapDeltaBytes                        = 1048576                                   {product} {ergonomic}
   size_t MinHeapSize                              = 268435456                                 {product} {command line}
    uintx NonNMethodCodeHeapSize                   = 5832780                                {pd product} {ergonomic}
    uintx NonProfiledCodeHeapSize                  = 122912730                              {pd product} {ergonomic}
    uintx ProfiledCodeHeapSize                     = 122912730                              {pd product} {ergonomic}
    uintx ReservedCodeCacheSize                    = 251658240                              {pd product} {ergonomic}
     bool SegmentedCodeCache                       = true                                      {product} {ergonomic}
   size_t SoftMaxHeapSize                          = 2147483648                             {manageable} {ergonomic}
     bool UseCompressedClassPointers               = true                           {product lp64_product} {ergonomic}
     bool UseCompressedOops                        = true                           {product lp64_product} {ergonomic}
     bool UseG1GC                                  = true                                      {product} {ergonomic}
     bool UseLargePagesIndividualAllocation        = false                                  {pd product} {ergonomic}

Logging:
Log output configuration:
 #0: stdout all=warning uptime,level,tags
 #1: stderr all=off uptime,level,tags

Environment Variables:
JAVA_HOME=C:\Program Files\Java\jdk-18.0.1.1
PATH=C:\Program Files\Common Files\Oracle\Java\javapath;C:\Program Files (x86)\VMware\VMware Player\bin\;C:\oraclexe\app\oracle\product\10.2.0\server\bin;C:\WINDOWS\system32;C:\WINDOWS;C:\WINDOWS\System32\Wbem;C:\WINDOWS\System32\WindowsPowerShell\v1.0\;C:\WINDOWS\System32\OpenSSH\;C:\Program Files (x86)\Intel\Intel(R) Management Engine Components\DAL;C:\Program Files\Intel\Intel(R) Management Engine Components\DAL;C:\Program Files\Java\jdk-18.0.1.1\bin;C:\Program Files\MongoDB\Server\7.0\bin;C:\Program Files\nodejs\;C:\Program Files\Docker\Docker\resources\bin;C:\Program Files\MySQL\MySQL Shell 8.0\bin\;C:\Users\SYSTEM10\AppData\Local\Microsoft\WindowsApps;C:\Users\SYSTEM10\AppData\Local\Programs\Microsoft VS Code\bin;C:\Program Files\MongoDB\Server\7.0\bin;C:\Users\SYSTEM10\AppData\Roaming\npm
USERNAME=SYSTEM10
OS=Windows_NT
PROCESSOR_IDENTIFIER=Intel64 Family 6 Model 158 Stepping 11, GenuineIntel
TMP=C:\Users\SYSTEM10\AppData\Local\Temp
TEMP=C:\Users\SYSTEM10\AppData\Local\Temp



Periodic native trim disabled


---------------  S Y S T E M  ---------------

OS:
 Windows 11 , 64 bit Build 22621 (10.0.22621.1344)
OS uptime: 0 days 0:53 hours
Hyper-V role detected

CPU: total 4 (initial active 4) (4 cores per cpu, 1 threads per core) family 6 model 158 stepping 11 microcode 0xde, cx8, cmov, fxsr, mmx, 3dnowpref, sse, sse2, sse3, ssse3, sse4.1, sse4.2, popcnt, lzcnt, tsc, tscinvbit, avx, avx2, aes, erms, clmul, bmi1, bmi2, adx, fma, vzeroupper, clflush, clflushopt, hv
Processor Information for all 4 processors :
  Max Mhz: 3601, Current Mhz: 3601, Mhz Limit: 3601

Memory: 4k page, system-wide physical 3913M (82M free)
TotalPageFile size 15689M (AvailPageFile size 168M)
current process WorkingSet (physical memory assigned to process): 23M, peak: 242M
current process commit charge ("private bytes"): 503M, peak: 957M

vm_info: OpenJDK 64-Bit Server VM (17.0.11+9) for windows-amd64 JRE (17.0.11+9), built on Apr 17 2024 06:07:48 by "admin" with MS VC++ 16.10 / 16.11 (VS2019)

END.
